Using pre-set license
Built from '6000.0/staging' branch; Version is '6000.0.31f1 (a206c360e2a8) revision 10618563'; Using compiler version '193933523'; Build Type 'Release'
OS: 'Windows 11  (10.0.22631) 64bit Professional' Language: 'en' Physical Memory: 16306 MB
BatchMode: 1, IsHumanControllingUs: 0, StartBugReporterOnCrash: 0, Is64bit: 1, IsPro: 1

COMMAND LINE ARGUMENTS:
D:\Development\Unirty Hub\Editor\6000.0.31f1\Editor\Unity.exe
-adb2
-batchMode
-noUpm
-name
AssetImportWorker7
-projectPath
D:/Development/Unirty Hub/Projects/aiGamesFix/Ai assisted roguelike
-logFile
Logs/AssetImportWorker7.log
-srvPort
53312
-job-worker-count
5
-background-job-worker-count
8
-gc-helper-count
1
Successfully changed project path to: D:/Development/Unirty Hub/Projects/aiGamesFix/Ai assisted roguelike
D:/Development/Unirty Hub/Projects/aiGamesFix/Ai assisted roguelike
[UnityMemory] Configuration Parameters - Can be set up in boot.config
    "memorysetup-bucket-allocator-granularity=16"
    "memorysetup-bucket-allocator-bucket-count=8"
    "memorysetup-bucket-allocator-block-size=33554432"
    "memorysetup-bucket-allocator-block-count=8"
    "memorysetup-main-allocator-block-size=16777216"
    "memorysetup-thread-allocator-block-size=16777216"
    "memorysetup-gfx-main-allocator-block-size=16777216"
    "memorysetup-gfx-thread-allocator-block-size=16777216"
    "memorysetup-cache-allocator-block-size=4194304"
    "memorysetup-typetree-allocator-block-size=2097152"
    "memorysetup-profiler-bucket-allocator-granularity=16"
    "memorysetup-profiler-bucket-allocator-bucket-count=8"
    "memorysetup-profiler-bucket-allocator-block-size=33554432"
    "memorysetup-profiler-bucket-allocator-block-count=8"
    "memorysetup-profiler-allocator-block-size=16777216"
    "memorysetup-profiler-editor-allocator-block-size=1048576"
    "memorysetup-temp-allocator-size-main=16777216"
    "memorysetup-job-temp-allocator-block-size=2097152"
    "memorysetup-job-temp-allocator-block-size-background=1048576"
    "memorysetup-job-temp-allocator-reduction-small-platforms=262144"
    "memorysetup-allocator-temp-initial-block-size-main=262144"
    "memorysetup-allocator-temp-initial-block-size-worker=262144"
    "memorysetup-temp-allocator-size-background-worker=32768"
    "memorysetup-temp-allocator-size-job-worker=262144"
    "memorysetup-temp-allocator-size-preload-manager=33554432"
    "memorysetup-temp-allocator-size-nav-mesh-worker=65536"
    "memorysetup-temp-allocator-size-audio-worker=65536"
    "memorysetup-temp-allocator-size-cloud-worker=32768"
    "memorysetup-temp-allocator-size-gi-baking-worker=262144"
    "memorysetup-temp-allocator-size-gi-baking-worker=262144"
    "memorysetup-temp-allocator-size-gi-baking-worker=262144"
    "memorysetup-temp-allocator-size-gi-baking-worker=262144"
    "memorysetup-temp-allocator-size-gi-baking-worker=262144"
    "memorysetup-temp-allocator-size-gfx=262144"
Player connection [5352]  Target information:

Player connection [5352]  * "[IP] 192.168.0.110 [Port] 0 [Flags] 2 [Guid] 803652463 [EditorId] 803652463 [Version] 1048832 [Id] WindowsEditor(7,deskh-toph) [Debug] 1 [PackageName] WindowsEditor [ProjectName] Editor" 

Player connection [5352] Host joined multi-casting on [225.0.0.222:54997]...
Player connection [5352] Host joined alternative multi-casting on [225.0.0.222:34997]...
JobSystem: Creating JobQueue using job-worker-count value 5
[Physics::Module] Initialized fallback backend.
[Physics::Module] Id: 0xdecafbad
Library Redirect Path: Library/
[Physics::Module] Selected backend.
[Physics::Module] Name: PhysX
[Physics::Module] Id: 0xf2b8ea05
[Physics::Module] SDK Version: 4.1.2
[Physics::Module] Integration Version: 1.0.0
[Physics::Module] Threading Mode: Multi-Threaded
Refreshing native plugins compatible for Editor in 4.71 ms, found 4 plugins.
Preloading 0 native plugins for Editor in 0.00 ms.
Initialize engine version: 6000.0.31f1 (a206c360e2a8)
[Subsystems] Discovering subsystems at path D:/Development/Unirty Hub/Editor/6000.0.31f1/Editor/Data/Resources/UnitySubsystems
[Subsystems] Discovering subsystems at path D:/Development/Unirty Hub/Projects/aiGamesFix/Ai assisted roguelike/Assets
GfxDevice: creating device client; kGfxThreadingModeNonThreaded
Direct3D:
    Version:  Direct3D 11.0 [level 11.1]
    Renderer: NVIDIA GeForce RTX 3060 Ti (ID=0x24c9)
    Vendor:   NVIDIA
    VRAM:     8024 MB
    Driver:   32.0.15.6636
Initialize mono
Mono path[0] = 'D:/Development/Unirty Hub/Editor/6000.0.31f1/Editor/Data/Managed'
Mono path[1] = 'D:/Development/Unirty Hub/Editor/6000.0.31f1/Editor/Data/MonoBleedingEdge/lib/mono/unityjit-win32'
Mono config path = 'D:/Development/Unirty Hub/Editor/6000.0.31f1/Editor/Data/MonoBleedingEdge/etc'
Using monoOptions --debugger-agent=transport=dt_socket,embedding=1,server=y,suspend=n,address=127.0.0.1:56656
Begin MonoManager ReloadAssembly
Registering precompiled unity dll's ...
Register platform support module: D:/Development/Unirty Hub/Editor/6000.0.31f1/Editor/Data/PlaybackEngines/WebGLSupport/UnityEditor.WebGL.Extensions.dll
Register platform support module: D:/Development/Unirty Hub/Editor/6000.0.31f1/Editor/Data/PlaybackEngines/WindowsStandaloneSupport/UnityEditor.WindowsStandalone.Extensions.dll
Registered in 0.004168 seconds.
- Loaded All Assemblies, in  0.511 seconds
Native extension for WindowsStandalone target not found
Native extension for WebGL target not found
Mono: successfully reloaded assembly
- Finished resetting the current domain, in  0.387 seconds
Domain Reload Profiling: 898ms
	BeginReloadAssembly (199ms)
		ExecutionOrderSort (0ms)
		DisableScriptedObjects (0ms)
		BackupInstance (0ms)
		ReleaseScriptingObjects (0ms)
		CreateAndSetChildDomain (1ms)
	RebuildCommonClasses (46ms)
	RebuildNativeTypeToScriptingClass (16ms)
	initialDomainReloadingComplete (49ms)
	LoadAllAssembliesAndSetupDomain (200ms)
		LoadAssemblies (199ms)
		RebuildTransferFunctionScriptingTraits (0ms)
		AnalyzeDomain (196ms)
			TypeCache.Refresh (193ms)
				TypeCache.ScanAssembly (175ms)
			BuildScriptInfoCaches (0ms)
			ResolveRequiredComponents (1ms)
	FinalizeReload (388ms)
		ReleaseScriptCaches (0ms)
		RebuildScriptCaches (0ms)
		SetupLoadedEditorAssemblies (331ms)
			LogAssemblyErrors (0ms)
			InitializePlatformSupportModulesInManaged (31ms)
			SetLoadedEditorAssemblies (5ms)
			BeforeProcessingInitializeOnLoad (58ms)
			ProcessInitializeOnLoadAttributes (173ms)
			ProcessInitializeOnLoadMethodAttributes (65ms)
			AfterProcessingInitializeOnLoad (0ms)
			EditorAssembliesLoaded (0ms)
		ExecutionOrderSort2 (0ms)
		AwakeInstancesAfterBackupRestoration (0ms)
Assembly reference Packages/com.unity.cinemachine/Editor/Samples/ExposeHDRPInternals/HDRP-Editor-ref.asmref has no target assembly definition
========================================================================
Worker process is ready to serve import requests
Import Worker Mode flag is 0x00
Assembly reference Packages/com.unity.cinemachine/Editor/Samples/ExposeHDRPInternals/HDRP-Editor-ref.asmref has no target assembly definition
Assembly reference Packages/com.unity.cinemachine/Editor/Samples/ExposeHDRPInternals/HDRP-Editor-ref.asmref has no target assembly definition
Begin MonoManager ReloadAssembly
- Loaded All Assemblies, in  1.070 seconds
Assembly reference Packages/com.unity.cinemachine/Editor/Samples/ExposeHDRPInternals/HDRP-Editor-ref.asmref has no target assembly definition
Refreshing native plugins compatible for Editor in 2.32 ms, found 4 plugins.
Native extension for WindowsStandalone target not found
Native extension for WebGL target not found
Assembly reference Packages/com.unity.cinemachine/Editor/Samples/ExposeHDRPInternals/HDRP-Editor-ref.asmref has no target assembly definition
Package Manager log level set to [2]
[Package Manager] Failed to launch server process. Reason: Unity was launched with the -noUpm command-line argument
[Package Manager] Unable to send message (not connected to server process).
[Package Manager] Cannot connect to Unity Package Manager local server
Mono: successfully reloaded assembly
- Finished resetting the current domain, in  1.234 seconds
Domain Reload Profiling: 2304ms
	BeginReloadAssembly (219ms)
		ExecutionOrderSort (0ms)
		DisableScriptedObjects (7ms)
		BackupInstance (0ms)
		ReleaseScriptingObjects (0ms)
		CreateAndSetChildDomain (34ms)
	RebuildCommonClasses (45ms)
	RebuildNativeTypeToScriptingClass (14ms)
	initialDomainReloadingComplete (40ms)
	LoadAllAssembliesAndSetupDomain (751ms)
		LoadAssemblies (472ms)
		RebuildTransferFunctionScriptingTraits (0ms)
		AnalyzeDomain (423ms)
			TypeCache.Refresh (281ms)
				TypeCache.ScanAssembly (259ms)
			BuildScriptInfoCaches (120ms)
			ResolveRequiredComponents (18ms)
	FinalizeReload (1235ms)
		ReleaseScriptCaches (0ms)
		RebuildScriptCaches (0ms)
		SetupLoadedEditorAssemblies (1013ms)
			LogAssemblyErrors (0ms)
			InitializePlatformSupportModulesInManaged (3ms)
			SetLoadedEditorAssemblies (6ms)
			BeforeProcessingInitializeOnLoad (147ms)
			ProcessInitializeOnLoadAttributes (716ms)
			ProcessInitializeOnLoadMethodAttributes (138ms)
			AfterProcessingInitializeOnLoad (2ms)
			EditorAssembliesLoaded (0ms)
		ExecutionOrderSort2 (0ms)
		AwakeInstancesAfterBackupRestoration (8ms)
Launched and connected shader compiler UnityShaderCompiler.exe after 0.02 seconds
Refreshing native plugins compatible for Editor in 2.08 ms, found 4 plugins.
Preloading 0 native plugins for Editor in 0.00 ms.
Unloading 206 Unused Serialized files (Serialized files now loaded: 0)
Unloading 6938 unused Assets / (4.7 MB). Loaded Objects now: 7617.
Memory consumption went from 173.3 MB to 168.6 MB.
Total: 10.202200 ms (FindLiveObjects: 1.069200 ms CreateObjectMapping: 0.340200 ms MarkObjects: 6.038800 ms  DeleteObjects: 2.752400 ms)

========================================================================
Received Prepare
Assembly reference Packages/com.unity.cinemachine/Editor/Samples/ExposeHDRPInternals/HDRP-Editor-ref.asmref has no target assembly definition
Assembly reference Packages/com.unity.cinemachine/Editor/Samples/ExposeHDRPInternals/HDRP-Editor-ref.asmref has no target assembly definition
Begin MonoManager ReloadAssembly
- Loaded All Assemblies, in  0.963 seconds
Assembly reference Packages/com.unity.cinemachine/Editor/Samples/ExposeHDRPInternals/HDRP-Editor-ref.asmref has no target assembly definition
Refreshing native plugins compatible for Editor in 2.31 ms, found 4 plugins.
Native extension for WindowsStandalone target not found
Native extension for WebGL target not found
Assembly reference Packages/com.unity.cinemachine/Editor/Samples/ExposeHDRPInternals/HDRP-Editor-ref.asmref has no target assembly definition
[Package Manager] Failed to launch server process. Reason: Unity was launched with the -noUpm command-line argument
[Package Manager] Unable to send message (not connected to server process).
[Package Manager] Cannot connect to Unity Package Manager local server
Mono: successfully reloaded assembly
- Finished resetting the current domain, in  1.279 seconds
Domain Reload Profiling: 2244ms
	BeginReloadAssembly (276ms)
		ExecutionOrderSort (0ms)
		DisableScriptedObjects (15ms)
		BackupInstance (0ms)
		ReleaseScriptingObjects (0ms)
		CreateAndSetChildDomain (64ms)
	RebuildCommonClasses (44ms)
	RebuildNativeTypeToScriptingClass (14ms)
	initialDomainReloadingComplete (33ms)
	LoadAllAssembliesAndSetupDomain (597ms)
		LoadAssemblies (451ms)
		RebuildTransferFunctionScriptingTraits (0ms)
		AnalyzeDomain (295ms)
			TypeCache.Refresh (8ms)
				TypeCache.ScanAssembly (0ms)
			BuildScriptInfoCaches (269ms)
			ResolveRequiredComponents (14ms)
	FinalizeReload (1280ms)
		ReleaseScriptCaches (0ms)
		RebuildScriptCaches (0ms)
		SetupLoadedEditorAssemblies (1047ms)
			LogAssemblyErrors (0ms)
			InitializePlatformSupportModulesInManaged (3ms)
			SetLoadedEditorAssemblies (8ms)
			BeforeProcessingInitializeOnLoad (134ms)
			ProcessInitializeOnLoadAttributes (812ms)
			ProcessInitializeOnLoadMethodAttributes (87ms)
			AfterProcessingInitializeOnLoad (2ms)
			EditorAssembliesLoaded (1ms)
		ExecutionOrderSort2 (0ms)
		AwakeInstancesAfterBackupRestoration (14ms)
Refreshing native plugins compatible for Editor in 2.66 ms, found 4 plugins.
Preloading 0 native plugins for Editor in 0.00 ms.
Unloading 14 Unused Serialized files (Serialized files now loaded: 0)
Unloading 6936 unused Assets / (4.7 MB). Loaded Objects now: 7620.
Memory consumption went from 143.4 MB to 138.7 MB.
Total: 12.590000 ms (FindLiveObjects: 1.257200 ms CreateObjectMapping: 0.503900 ms MarkObjects: 7.054300 ms  DeleteObjects: 3.772800 ms)

Prepare: number of updated asset objects reloaded= 0
========================================================================
Received Prepare
Assembly reference Packages/com.unity.cinemachine/Editor/Samples/ExposeHDRPInternals/HDRP-Editor-ref.asmref has no target assembly definition
Assembly reference Packages/com.unity.cinemachine/Editor/Samples/ExposeHDRPInternals/HDRP-Editor-ref.asmref has no target assembly definition
Begin MonoManager ReloadAssembly
- Loaded All Assemblies, in  0.981 seconds
Assembly reference Packages/com.unity.cinemachine/Editor/Samples/ExposeHDRPInternals/HDRP-Editor-ref.asmref has no target assembly definition
Refreshing native plugins compatible for Editor in 1.99 ms, found 4 plugins.
Native extension for WindowsStandalone target not found
Native extension for WebGL target not found
Assembly reference Packages/com.unity.cinemachine/Editor/Samples/ExposeHDRPInternals/HDRP-Editor-ref.asmref has no target assembly definition
[Package Manager] Failed to launch server process. Reason: Unity was launched with the -noUpm command-line argument
[Package Manager] Unable to send message (not connected to server process).
[Package Manager] Cannot connect to Unity Package Manager local server
Mono: successfully reloaded assembly
- Finished resetting the current domain, in  1.232 seconds
Domain Reload Profiling: 2216ms
	BeginReloadAssembly (262ms)
		ExecutionOrderSort (0ms)
		DisableScriptedObjects (15ms)
		BackupInstance (0ms)
		ReleaseScriptingObjects (0ms)
		CreateAndSetChildDomain (60ms)
	RebuildCommonClasses (40ms)
	RebuildNativeTypeToScriptingClass (17ms)
	initialDomainReloadingComplete (37ms)
	LoadAllAssembliesAndSetupDomain (626ms)
		LoadAssemblies (481ms)
		RebuildTransferFunctionScriptingTraits (0ms)
		AnalyzeDomain (291ms)
			TypeCache.Refresh (10ms)
				TypeCache.ScanAssembly (0ms)
			BuildScriptInfoCaches (263ms)
			ResolveRequiredComponents (14ms)
	FinalizeReload (1233ms)
		ReleaseScriptCaches (0ms)
		RebuildScriptCaches (0ms)
		SetupLoadedEditorAssemblies (984ms)
			LogAssemblyErrors (0ms)
			InitializePlatformSupportModulesInManaged (3ms)
			SetLoadedEditorAssemblies (6ms)
			BeforeProcessingInitializeOnLoad (129ms)
			ProcessInitializeOnLoadAttributes (772ms)
			ProcessInitializeOnLoadMethodAttributes (71ms)
			AfterProcessingInitializeOnLoad (2ms)
			EditorAssembliesLoaded (0ms)
		ExecutionOrderSort2 (0ms)
		AwakeInstancesAfterBackupRestoration (18ms)
Refreshing native plugins compatible for Editor in 2.53 ms, found 4 plugins.
Preloading 0 native plugins for Editor in 0.00 ms.
Unloading 14 Unused Serialized files (Serialized files now loaded: 0)
Unloading 6936 unused Assets / (4.3 MB). Loaded Objects now: 7622.
Memory consumption went from 143.4 MB to 139.0 MB.
Total: 13.784900 ms (FindLiveObjects: 1.112500 ms CreateObjectMapping: 1.657200 ms MarkObjects: 7.150300 ms  DeleteObjects: 3.862700 ms)

Prepare: number of updated asset objects reloaded= 0
========================================================================
Received Prepare
Assembly reference Packages/com.unity.cinemachine/Editor/Samples/ExposeHDRPInternals/HDRP-Editor-ref.asmref has no target assembly definition
Assembly reference Packages/com.unity.cinemachine/Editor/Samples/ExposeHDRPInternals/HDRP-Editor-ref.asmref has no target assembly definition
Begin MonoManager ReloadAssembly
- Loaded All Assemblies, in  0.921 seconds
Assembly reference Packages/com.unity.cinemachine/Editor/Samples/ExposeHDRPInternals/HDRP-Editor-ref.asmref has no target assembly definition
Refreshing native plugins compatible for Editor in 2.08 ms, found 4 plugins.
Native extension for WindowsStandalone target not found
Native extension for WebGL target not found
Assembly reference Packages/com.unity.cinemachine/Editor/Samples/ExposeHDRPInternals/HDRP-Editor-ref.asmref has no target assembly definition
[Package Manager] Failed to launch server process. Reason: Unity was launched with the -noUpm command-line argument
[Package Manager] Unable to send message (not connected to server process).
[Package Manager] Cannot connect to Unity Package Manager local server
Mono: successfully reloaded assembly
- Finished resetting the current domain, in  1.292 seconds
Domain Reload Profiling: 2216ms
	BeginReloadAssembly (275ms)
		ExecutionOrderSort (0ms)
		DisableScriptedObjects (16ms)
		BackupInstance (0ms)
		ReleaseScriptingObjects (0ms)
		CreateAndSetChildDomain (68ms)
	RebuildCommonClasses (41ms)
	RebuildNativeTypeToScriptingClass (15ms)
	initialDomainReloadingComplete (27ms)
	LoadAllAssembliesAndSetupDomain (565ms)
		LoadAssemblies (437ms)
		RebuildTransferFunctionScriptingTraits (0ms)
		AnalyzeDomain (274ms)
			TypeCache.Refresh (8ms)
				TypeCache.ScanAssembly (0ms)
			BuildScriptInfoCaches (250ms)
			ResolveRequiredComponents (13ms)
	FinalizeReload (1292ms)
		ReleaseScriptCaches (0ms)
		RebuildScriptCaches (0ms)
		SetupLoadedEditorAssemblies (1053ms)
			LogAssemblyErrors (0ms)
			InitializePlatformSupportModulesInManaged (3ms)
			SetLoadedEditorAssemblies (6ms)
			BeforeProcessingInitializeOnLoad (138ms)
			ProcessInitializeOnLoadAttributes (816ms)
			ProcessInitializeOnLoadMethodAttributes (85ms)
			AfterProcessingInitializeOnLoad (3ms)
			EditorAssembliesLoaded (1ms)
		ExecutionOrderSort2 (0ms)
		AwakeInstancesAfterBackupRestoration (16ms)
Refreshing native plugins compatible for Editor in 3.14 ms, found 4 plugins.
Preloading 0 native plugins for Editor in 0.00 ms.
Unloading 14 Unused Serialized files (Serialized files now loaded: 0)
Unloading 6936 unused Assets / (5.0 MB). Loaded Objects now: 7624.
Memory consumption went from 143.4 MB to 138.4 MB.
Total: 15.215000 ms (FindLiveObjects: 1.239000 ms CreateObjectMapping: 0.820700 ms MarkObjects: 8.286000 ms  DeleteObjects: 4.867300 ms)

Prepare: number of updated asset objects reloaded= 0
========================================================================
Received Import Request.
  Time since last request: 16308.490138 seconds.
  path: Assets/Roguelike2D/ExtendedVersion/Scenes/Menu.unity
  artifactKey: Guid(26895f558c1866c49b7f2f0aad0d506c) Importer(2089858483,192608db42251d675da83286b1cce702)
Start importing Assets/Roguelike2D/ExtendedVersion/Scenes/Menu.unity using Guid(26895f558c1866c49b7f2f0aad0d506c) Importer(2089858483,192608db42251d675da83286b1cce702) (ScriptedImporter) -> (artifact id: 'cf1d4a52ceb53ffd12f97607d4490f22') in 0.2420292 seconds
Number of updated asset objects reloaded before import = 0Number of asset objects unloaded after import = 1

========================================================================
Received Import Request.
  Time since last request: 0.000025 seconds.
  path: Assets/Roguelike2D/ExtendedVersion/Themes/AI/AiTheme.asset
  artifactKey: Guid(72185e05e8b8a81408c390b808e4daa8) Importer(2089858483,192608db42251d675da83286b1cce702)
Start importing Assets/Roguelike2D/ExtendedVersion/Themes/AI/AiTheme.asset using Guid(72185e05e8b8a81408c390b808e4daa8) Importer(2089858483,192608db42251d675da83286b1cce702) (ScriptedImporter) -> (artifact id: 'f91aa3a4601a7902eaf1e80efc01ec71') in 0.0695208 seconds
Number of updated asset objects reloaded before import = 0Number of asset objects unloaded after import = 60

========================================================================
Received Import Request.
  Time since last request: 0.000042 seconds.
  path: Assets/Roguelike2D/ExtendedVersion/Themes/AI/Tiles/Assets_SpriteSheet3_0 1.asset
  artifactKey: Guid(be8a02e5448ae6e4bb789722bf05cf05) Importer(2089858483,192608db42251d675da83286b1cce702)
Start importing Assets/Roguelike2D/ExtendedVersion/Themes/AI/Tiles/Assets_SpriteSheet3_0 1.asset using Guid(be8a02e5448ae6e4bb789722bf05cf05) Importer(2089858483,192608db42251d675da83286b1cce702) (ScriptedImporter) -> (artifact id: '6f14ea17bda6645eda7e1eff15b7e391') in 0.02736 seconds
Number of updated asset objects reloaded before import = 0Number of asset objects unloaded after import = 2

========================================================================
Received Import Request.
  Time since last request: 0.000024 seconds.
  path: Assets/Roguelike2D/ExtendedVersion/Themes/AI/Tiles/Scavengers2_SpriteSheet_39 2.asset
  artifactKey: Guid(65568989555a34745abb459bc1b5e9a2) Importer(2089858483,192608db42251d675da83286b1cce702)
Start importing Assets/Roguelike2D/ExtendedVersion/Themes/AI/Tiles/Scavengers2_SpriteSheet_39 2.asset using Guid(65568989555a34745abb459bc1b5e9a2) Importer(2089858483,192608db42251d675da83286b1cce702) (ScriptedImporter) -> (artifact id: 'cc2c857e223803d4dd236b2c1df4a1c6') in 0.0164501 seconds
Number of updated asset objects reloaded before import = 0Number of asset objects unloaded after import = 2

========================================================================
Received Import Request.
  Time since last request: 0.000026 seconds.
  path: Assets/Roguelike2D/ExtendedVersion/Themes/AI/Animation/SandEnemy2/Sand_Enemy2_Idle.anim
  artifactKey: Guid(a193c844c91ddb943a887c1c2aebcdbc) Importer(2089858483,192608db42251d675da83286b1cce702)
Start importing Assets/Roguelike2D/ExtendedVersion/Themes/AI/Animation/SandEnemy2/Sand_Enemy2_Idle.anim using Guid(a193c844c91ddb943a887c1c2aebcdbc) Importer(2089858483,192608db42251d675da83286b1cce702) (ScriptedImporter) -> (artifact id: 'd29fa06fb57fb60d468ec83beceba7ed') in 0.0264991 seconds
Number of updated asset objects reloaded before import = 0Number of asset objects unloaded after import = 1

========================================================================
Received Import Request.
  Time since last request: 0.000022 seconds.
  path: Assets/Roguelike2D/ExtendedVersion/Themes/AI/Animation/AiPlayer/AiPlayerHit.anim
  artifactKey: Guid(6c22db1a65b8fd540b1f0130c588e87a) Importer(2089858483,192608db42251d675da83286b1cce702)
Start importing Assets/Roguelike2D/ExtendedVersion/Themes/AI/Animation/AiPlayer/AiPlayerHit.anim using Guid(6c22db1a65b8fd540b1f0130c588e87a) Importer(2089858483,192608db42251d675da83286b1cce702) (ScriptedImporter) -> (artifact id: '7fb836a822617127f6f405b89951ff6b') in 0.0161445 seconds
Number of updated asset objects reloaded before import = 0Number of asset objects unloaded after import = 1

========================================================================
Received Import Request.
  Time since last request: 0.000026 seconds.
  path: Assets/Roguelike2D/ExtendedVersion/Themes/AI/Animation/AiPlayer/AiPlayerIdle.anim
  artifactKey: Guid(b78fe6909753635428bdebced9a6f9e2) Importer(2089858483,192608db42251d675da83286b1cce702)
Start importing Assets/Roguelike2D/ExtendedVersion/Themes/AI/Animation/AiPlayer/AiPlayerIdle.anim using Guid(b78fe6909753635428bdebced9a6f9e2) Importer(2089858483,192608db42251d675da83286b1cce702) (ScriptedImporter) -> (artifact id: '88b636a1fc537aa7efe379100eeb6380') in 0.0205008 seconds
Number of updated asset objects reloaded before import = 0Number of asset objects unloaded after import = 1

========================================================================
Received Import Request.
  Time since last request: 0.000032 seconds.
  path: Assets/Roguelike2D/ExtendedVersion/Themes/AI/Animation/SandEnemy2
  artifactKey: Guid(b19759bd6c3211241ac1b2dbbd6424a6) Importer(2089858483,192608db42251d675da83286b1cce702)
Start importing Assets/Roguelike2D/ExtendedVersion/Themes/AI/Animation/SandEnemy2 using Guid(b19759bd6c3211241ac1b2dbbd6424a6) Importer(2089858483,192608db42251d675da83286b1cce702) (ScriptedImporter) -> (artifact id: '3bb3f4960b967cf91e082285e6d157f8') in 0.0119937 seconds
Number of updated asset objects reloaded before import = 0Number of asset objects unloaded after import = 1

========================================================================
Received Import Request.
  Time since last request: 0.000022 seconds.
  path: Assets/Roguelike2D/ExtendedVersion/Themes/AI/Tiles/Scavengers2_SpriteSheet_33 1.asset
  artifactKey: Guid(0b4c491ca5d35b744a8741b13ca9ce2f) Importer(2089858483,192608db42251d675da83286b1cce702)
Start importing Assets/Roguelike2D/ExtendedVersion/Themes/AI/Tiles/Scavengers2_SpriteSheet_33 1.asset using Guid(0b4c491ca5d35b744a8741b13ca9ce2f) Importer(2089858483,192608db42251d675da83286b1cce702) (ScriptedImporter) -> (artifact id: '968529dfad78e67d0e42427407a1b5f1') in 0.0170712 seconds
Number of updated asset objects reloaded before import = 0Number of asset objects unloaded after import = 2

========================================================================
Received Import Request.
  Time since last request: 0.000020 seconds.
  path: Assets/Roguelike2D/ExtendedVersion/Themes/AI/Tiles/Scavengers2_SpriteSheet_39 1.asset
  artifactKey: Guid(5eee79e303da25047b7c3fd6c13dd2ff) Importer(2089858483,192608db42251d675da83286b1cce702)
Start importing Assets/Roguelike2D/ExtendedVersion/Themes/AI/Tiles/Scavengers2_SpriteSheet_39 1.asset using Guid(5eee79e303da25047b7c3fd6c13dd2ff) Importer(2089858483,192608db42251d675da83286b1cce702) (ScriptedImporter) -> (artifact id: '83ab0b84ce9ffb0b5c7108aa60003301') in 0.0196054 seconds
Number of updated asset objects reloaded before import = 0Number of asset objects unloaded after import = 2

========================================================================
Received Import Request.
  Time since last request: 0.000019 seconds.
  path: Assets/Roguelike2D/TutorialAssets/Sprites/AiTheme 1.png
  artifactKey: Guid(498f8a9145aff874b8a80ee96588e02c) Importer(2089858483,192608db42251d675da83286b1cce702)
Start importing Assets/Roguelike2D/TutorialAssets/Sprites/AiTheme 1.png using Guid(498f8a9145aff874b8a80ee96588e02c) Importer(2089858483,192608db42251d675da83286b1cce702) (ScriptedImporter) -> (artifact id: '95dbcb13bdcf127ebaf0f6254f0e5e7b') in 0.1431199 seconds
Number of updated asset objects reloaded before import = 0Number of asset objects unloaded after import = 58

========================================================================
Received Import Request.
  Time since last request: 0.000024 seconds.
  path: Assets/Roguelike2D/ExtendedVersion/Themes/AI/Prefabs/SandFood_Big.prefab
  artifactKey: Guid(a71b1df4dfc7bd24aac7a66f05a7ad98) Importer(2089858483,192608db42251d675da83286b1cce702)
Start importing Assets/Roguelike2D/ExtendedVersion/Themes/AI/Prefabs/SandFood_Big.prefab using Guid(a71b1df4dfc7bd24aac7a66f05a7ad98) Importer(2089858483,192608db42251d675da83286b1cce702) (ScriptedImporter) -> (artifact id: 'aec2304261395188cd04800a61238d63') in 0.0436692 seconds
Number of updated asset objects reloaded before import = 0Number of asset objects unloaded after import = 10

========================================================================
Received Import Request.
  Time since last request: 0.000039 seconds.
  path: Assets/Roguelike2D/ExtendedVersion/Themes/AI/Animation/AiPlayer/Walk.anim
  artifactKey: Guid(cae7e9214539af54ca490881dd648c6b) Importer(2089858483,192608db42251d675da83286b1cce702)
Start importing Assets/Roguelike2D/ExtendedVersion/Themes/AI/Animation/AiPlayer/Walk.anim using Guid(cae7e9214539af54ca490881dd648c6b) Importer(2089858483,192608db42251d675da83286b1cce702) (ScriptedImporter) -> (artifact id: '0ae330a3e05f7cd4bd7d980cbea1b9d9') in 0.0153784 seconds
Number of updated asset objects reloaded before import = 0Number of asset objects unloaded after import = 1

========================================================================
Received Import Request.
  Time since last request: 0.000021 seconds.
  path: Assets/Roguelike2D/ExtendedVersion/Themes/AI/Animation/SandEnemy2/Sand_Enemy2_Attack.anim
  artifactKey: Guid(5bfb7a656558f6043813a1cc5a9765ac) Importer(2089858483,192608db42251d675da83286b1cce702)
Start importing Assets/Roguelike2D/ExtendedVersion/Themes/AI/Animation/SandEnemy2/Sand_Enemy2_Attack.anim using Guid(5bfb7a656558f6043813a1cc5a9765ac) Importer(2089858483,192608db42251d675da83286b1cce702) (ScriptedImporter) -> (artifact id: 'b9a95db52f9909fe15e807398e4ba22e') in 0.0187363 seconds
Number of updated asset objects reloaded before import = 0Number of asset objects unloaded after import = 1

========================================================================
Received Import Request.
  Time since last request: 0.000018 seconds.
  path: Assets/Roguelike2D/ExtendedVersion/Themes/AI/Animation/SandEnemy1/Sand_Enemy1_Hit.anim
  artifactKey: Guid(464c54aa0d3742943b9e0e2c1447e97a) Importer(2089858483,192608db42251d675da83286b1cce702)
Start importing Assets/Roguelike2D/ExtendedVersion/Themes/AI/Animation/SandEnemy1/Sand_Enemy1_Hit.anim using Guid(464c54aa0d3742943b9e0e2c1447e97a) Importer(2089858483,192608db42251d675da83286b1cce702) (ScriptedImporter) -> (artifact id: '3200b1d308e7bc2c8aab51ab1cc5cfb0') in 0.0165498 seconds
Number of updated asset objects reloaded before import = 0Number of asset objects unloaded after import = 1

========================================================================
Received Import Request.
  Time since last request: 0.000017 seconds.
  path: Assets/Roguelike2D/ExtendedVersion/Themes/AI/Prefabs/AiWall1.prefab
  artifactKey: Guid(174c53258d6698241ac7f60c785c8f59) Importer(2089858483,192608db42251d675da83286b1cce702)
Start importing Assets/Roguelike2D/ExtendedVersion/Themes/AI/Prefabs/AiWall1.prefab using Guid(174c53258d6698241ac7f60c785c8f59) Importer(2089858483,192608db42251d675da83286b1cce702) (ScriptedImporter) -> (artifact id: 'c407593f19dcd9e10ee00f38975100d1') in 0.0194604 seconds
Number of updated asset objects reloaded before import = 0Number of asset objects unloaded after import = 9

========================================================================
Received Import Request.
  Time since last request: 0.000021 seconds.
  path: Assets/Roguelike2D/ExtendedVersion/Themes/Sand/Animation/SandPlayer/SandPlayerIdle.anim
  artifactKey: Guid(eaceee660fc55d440a28483342178051) Importer(2089858483,192608db42251d675da83286b1cce702)
Start importing Assets/Roguelike2D/ExtendedVersion/Themes/Sand/Animation/SandPlayer/SandPlayerIdle.anim using Guid(eaceee660fc55d440a28483342178051) Importer(2089858483,192608db42251d675da83286b1cce702) (ScriptedImporter) -> (artifact id: 'd2a91db0c97497fc2bbea150ad8b5a06') in 0.0173347 seconds
Number of updated asset objects reloaded before import = 0Number of asset objects unloaded after import = 1

========================================================================
Received Import Request.
  Time since last request: 0.000029 seconds.
  path: Assets/Roguelike2D/TutorialVersion/UI/TutorialPanelSettings.asset
  artifactKey: Guid(f595f4b2218deb542adf35789c0d93b4) Importer(2089858483,192608db42251d675da83286b1cce702)
Start importing Assets/Roguelike2D/TutorialVersion/UI/TutorialPanelSettings.asset using Guid(f595f4b2218deb542adf35789c0d93b4) Importer(2089858483,192608db42251d675da83286b1cce702) (ScriptedImporter) -> (artifact id: '319fb933349451ac69e65102b5518669') in 0.0642357 seconds
Number of updated asset objects reloaded before import = 0Number of asset objects unloaded after import = 26

========================================================================
Received Import Request.
  Time since last request: 0.000023 seconds.
  path: Assets/Roguelike2D/ExtendedVersion/Themes/AI/Tiles/Scavengers2_SpriteSheet_37 1.asset
  artifactKey: Guid(5f58b1c1cd33b1c429803ef54365b6cc) Importer(2089858483,192608db42251d675da83286b1cce702)
Start importing Assets/Roguelike2D/ExtendedVersion/Themes/AI/Tiles/Scavengers2_SpriteSheet_37 1.asset using Guid(5f58b1c1cd33b1c429803ef54365b6cc) Importer(2089858483,192608db42251d675da83286b1cce702) (ScriptedImporter) -> (artifact id: '1994826825cc525ea21a07f25a7e2c97') in 0.018777 seconds
Number of updated asset objects reloaded before import = 0Number of asset objects unloaded after import = 2

========================================================================
Received Import Request.
  Time since last request: 0.000021 seconds.
  path: Assets/Roguelike2D/ExtendedVersion/Themes/AI/Animation/SandEnemy1/Sand_Enemy1_Idle.anim
  artifactKey: Guid(370f21935ef8e364dac16d9494664b65) Importer(2089858483,192608db42251d675da83286b1cce702)
Start importing Assets/Roguelike2D/ExtendedVersion/Themes/AI/Animation/SandEnemy1/Sand_Enemy1_Idle.anim using Guid(370f21935ef8e364dac16d9494664b65) Importer(2089858483,192608db42251d675da83286b1cce702) (ScriptedImporter) -> (artifact id: 'bf6905e569fa1ee3dc2e24a2aadde79d') in 0.0167393 seconds
Number of updated asset objects reloaded before import = 0Number of asset objects unloaded after import = 1

========================================================================
Received Import Request.
  Time since last request: 0.000025 seconds.
  path: Assets/Roguelike2D/ExtendedVersion/Themes/AI/Tiles/Scavengers2_SpriteSheet_28 1.asset
  artifactKey: Guid(53bed3c8be5086f45a4e40da781b34f5) Importer(2089858483,192608db42251d675da83286b1cce702)
Start importing Assets/Roguelike2D/ExtendedVersion/Themes/AI/Tiles/Scavengers2_SpriteSheet_28 1.asset using Guid(53bed3c8be5086f45a4e40da781b34f5) Importer(2089858483,192608db42251d675da83286b1cce702) (ScriptedImporter) -> (artifact id: '8a415ff079bbf80c63006ff890257f14') in 0.0178094 seconds
Number of updated asset objects reloaded before import = 0Number of asset objects unloaded after import = 2

========================================================================
Received Import Request.
  Time since last request: 0.000030 seconds.
  path: Assets/Roguelike2D/ExtendedVersion/Themes/Snow/Animation/SnowPlayer/SnowPlayerAnimatorController.controller
  artifactKey: Guid(9ff03f3e5249ad540b5bd19344c4fa0d) Importer(2089858483,192608db42251d675da83286b1cce702)
Start importing Assets/Roguelike2D/ExtendedVersion/Themes/Snow/Animation/SnowPlayer/SnowPlayerAnimatorController.controller using Guid(9ff03f3e5249ad540b5bd19344c4fa0d) Importer(2089858483,192608db42251d675da83286b1cce702) (ScriptedImporter) -> (artifact id: 'f653470f2c2fd43455bb5a614473b668') in 0.019376 seconds
Number of updated asset objects reloaded before import = 0Number of asset objects unloaded after import = 16

========================================================================
Received Import Request.
  Time since last request: 0.000035 seconds.
  path: Assets/Roguelike2D/ExtendedVersion/Themes/AI/AiWorldSettings.asset
  artifactKey: Guid(bd57721eb52276f4dace7b8811812e76) Importer(2089858483,192608db42251d675da83286b1cce702)
Start importing Assets/Roguelike2D/ExtendedVersion/Themes/AI/AiWorldSettings.asset using Guid(bd57721eb52276f4dace7b8811812e76) Importer(2089858483,192608db42251d675da83286b1cce702) (ScriptedImporter) -> (artifact id: '98dbd14d61f63fddfb7ae2be1749b028') in 0.029079 seconds
Number of updated asset objects reloaded before import = 0Number of asset objects unloaded after import = 94

========================================================================
Received Import Request.
  Time since last request: 0.000019 seconds.
  path: Assets/Roguelike2D/ExtendedVersion/Themes/AI/Animation/SandEnemy1/Sand_Enemy1_Attack.anim
  artifactKey: Guid(377db4d1b1e0cab40b4f594c60d1d4ed) Importer(2089858483,192608db42251d675da83286b1cce702)
Start importing Assets/Roguelike2D/ExtendedVersion/Themes/AI/Animation/SandEnemy1/Sand_Enemy1_Attack.anim using Guid(377db4d1b1e0cab40b4f594c60d1d4ed) Importer(2089858483,192608db42251d675da83286b1cce702) (ScriptedImporter) -> (artifact id: 'e352d2f845f1960d5fc7f4c606f0a210') in 0.0150115 seconds
Number of updated asset objects reloaded before import = 0Number of asset objects unloaded after import = 1

========================================================================
Received Import Request.
  Time since last request: 0.000020 seconds.
  path: Assets/Roguelike2D/ExtendedVersion/Themes/AI/Animation/AiPlayer/AiPlayerAttack.anim
  artifactKey: Guid(7577337273ae99648a6d1efb8f1ece3c) Importer(2089858483,192608db42251d675da83286b1cce702)
Start importing Assets/Roguelike2D/ExtendedVersion/Themes/AI/Animation/AiPlayer/AiPlayerAttack.anim using Guid(7577337273ae99648a6d1efb8f1ece3c) Importer(2089858483,192608db42251d675da83286b1cce702) (ScriptedImporter) -> (artifact id: 'f25cc5254abb120015de463d5002fa25') in 0.0162893 seconds
Number of updated asset objects reloaded before import = 0Number of asset objects unloaded after import = 1

========================================================================
Received Import Request.
  Time since last request: 0.000025 seconds.
  path: Assets/Roguelike2D/ExtendedVersion/Themes/AI/Tiles/Scavengers2_SpriteSheet_38 1.asset
  artifactKey: Guid(34e42cf5ab238884db0ae376313376e4) Importer(2089858483,192608db42251d675da83286b1cce702)
Start importing Assets/Roguelike2D/ExtendedVersion/Themes/AI/Tiles/Scavengers2_SpriteSheet_38 1.asset using Guid(34e42cf5ab238884db0ae376313376e4) Importer(2089858483,192608db42251d675da83286b1cce702) (ScriptedImporter) -> (artifact id: '37d1a64aca4935e5f7078cd6e3f2aadd') in 0.0148919 seconds
Number of updated asset objects reloaded before import = 0Number of asset objects unloaded after import = 2

========================================================================
Received Import Request.
  Time since last request: 0.000034 seconds.
  path: Assets/Roguelike2D/ExtendedVersion/Themes/AI/Tiles/Assets_SpriteSheet3_0 3.asset
  artifactKey: Guid(7d33258c12e6d4440b0161387d98ce76) Importer(2089858483,192608db42251d675da83286b1cce702)
Start importing Assets/Roguelike2D/ExtendedVersion/Themes/AI/Tiles/Assets_SpriteSheet3_0 3.asset using Guid(7d33258c12e6d4440b0161387d98ce76) Importer(2089858483,192608db42251d675da83286b1cce702) (ScriptedImporter) -> (artifact id: 'a6bdc5e615fcc9c0dedc7b6ce35a62d0') in 0.0166738 seconds
Number of updated asset objects reloaded before import = 0Number of asset objects unloaded after import = 2

========================================================================
Received Import Request.
  Time since last request: 0.000020 seconds.
  path: Assets/Roguelike2D/ExtendedVersion/Themes/Snow/Prefabs/SnowEnemy_2.prefab
  artifactKey: Guid(1a48df818f4953e4dbf709dc26c9b455) Importer(815301076,1909f56bfc062723c751e8b465ee728b)
Start importing Assets/Roguelike2D/ExtendedVersion/Themes/Snow/Prefabs/SnowEnemy_2.prefab using Guid(1a48df818f4953e4dbf709dc26c9b455) Importer(815301076,1909f56bfc062723c751e8b465ee728b) (PreviewImporter) -> (artifact id: '94a3717a45782d2e2b6819022e907871') in 0.6023251 seconds
Number of updated asset objects reloaded before import = 0Number of asset objects unloaded after import = 42

========================================================================
Received Import Request.
  Time since last request: 0.000048 seconds.
  path: Assets/Roguelike2D/ExtendedVersion/Themes/AI/Animation/SandEnemy1/Sand_Enemy1_Walk.anim
  artifactKey: Guid(bc73753419d949c48b5fabac5cd9579d) Importer(2089858483,192608db42251d675da83286b1cce702)
Start importing Assets/Roguelike2D/ExtendedVersion/Themes/AI/Animation/SandEnemy1/Sand_Enemy1_Walk.anim using Guid(bc73753419d949c48b5fabac5cd9579d) Importer(2089858483,192608db42251d675da83286b1cce702) (ScriptedImporter) -> (artifact id: 'bac7e2d55b4c2e05bfdd04e8449f2117') in 0.0180137 seconds
Number of updated asset objects reloaded before import = 0Number of asset objects unloaded after import = 1

========================================================================
Received Import Request.
  Time since last request: 0.000050 seconds.
  path: Assets/Roguelike2D/ExtendedVersion/Themes/AI/Tiles/Scavengers2_SpriteSheet_36 1.asset
  artifactKey: Guid(f6ebe3f067cb9eb49bc8674bdb72d09c) Importer(2089858483,192608db42251d675da83286b1cce702)
Start importing Assets/Roguelike2D/ExtendedVersion/Themes/AI/Tiles/Scavengers2_SpriteSheet_36 1.asset using Guid(f6ebe3f067cb9eb49bc8674bdb72d09c) Importer(2089858483,192608db42251d675da83286b1cce702) (ScriptedImporter) -> (artifact id: 'e427c8602d550f537ae650bdeae4605e') in 0.0176317 seconds
Number of updated asset objects reloaded before import = 0Number of asset objects unloaded after import = 2

========================================================================
Received Import Request.
  Time since last request: 0.000037 seconds.
  path: Assets/Roguelike2D/ExtendedVersion/Themes/AI/Tiles/Scavengers2_SpriteSheet_35 1.asset
  artifactKey: Guid(32944b98022e8d1479cb951979094c3c) Importer(2089858483,192608db42251d675da83286b1cce702)
Start importing Assets/Roguelike2D/ExtendedVersion/Themes/AI/Tiles/Scavengers2_SpriteSheet_35 1.asset using Guid(32944b98022e8d1479cb951979094c3c) Importer(2089858483,192608db42251d675da83286b1cce702) (ScriptedImporter) -> (artifact id: '1d5e7f5fae521a1756638f547d92d4fa') in 0.016 seconds
Number of updated asset objects reloaded before import = 0Number of asset objects unloaded after import = 2

========================================================================
Received Import Request.
  Time since last request: 0.000029 seconds.
  path: Assets/Roguelike2D/ExtendedVersion/Themes/AI/Prefabs/AiExitCell.prefab
  artifactKey: Guid(d317f0c382fb6e240a8af31fd6ae36da) Importer(2089858483,192608db42251d675da83286b1cce702)
Start importing Assets/Roguelike2D/ExtendedVersion/Themes/AI/Prefabs/AiExitCell.prefab using Guid(d317f0c382fb6e240a8af31fd6ae36da) Importer(2089858483,192608db42251d675da83286b1cce702) (ScriptedImporter) -> (artifact id: 'e7888393bb9dec4a05585758fbe5e7fe') in 0.0164037 seconds
Number of updated asset objects reloaded before import = 0Number of asset objects unloaded after import = 7

========================================================================
Received Import Request.
  Time since last request: 0.000039 seconds.
  path: Assets/Roguelike2D/ExtendedVersion/Themes/Snow/Prefabs/SnowScavenger.prefab
  artifactKey: Guid(083cbaad716d7e24bba457b604c415d8) Importer(815301076,1909f56bfc062723c751e8b465ee728b)
Start importing Assets/Roguelike2D/ExtendedVersion/Themes/Snow/Prefabs/SnowScavenger.prefab using Guid(083cbaad716d7e24bba457b604c415d8) Importer(815301076,1909f56bfc062723c751e8b465ee728b) (PreviewImporter) -> (artifact id: 'f70586b77812ebe9514be5a32212b687') in 0.0217211 seconds
Number of updated asset objects reloaded before import = 0Number of asset objects unloaded after import = 44

========================================================================
Received Import Request.
  Time since last request: 0.000042 seconds.
  path: Assets/Roguelike2D/ExtendedVersion/Themes/AI/Animation/AiPlayer/attack.anim
  artifactKey: Guid(2fe2b8d61c0addd45bb49d6643acc661) Importer(2089858483,192608db42251d675da83286b1cce702)
Start importing Assets/Roguelike2D/ExtendedVersion/Themes/AI/Animation/AiPlayer/attack.anim using Guid(2fe2b8d61c0addd45bb49d6643acc661) Importer(2089858483,192608db42251d675da83286b1cce702) (ScriptedImporter) -> (artifact id: 'c54399a02f642747b2ee65c011a10c19') in 0.0177297 seconds
Number of updated asset objects reloaded before import = 0Number of asset objects unloaded after import = 1

========================================================================
Received Import Request.
  Time since last request: 0.000054 seconds.
  path: Assets/Roguelike2D/ExtendedVersion/Themes/AI/AiLevelEnemies.asset
  artifactKey: Guid(3f366e5dd73c8374b9775fc9d0b95ed2) Importer(2089858483,192608db42251d675da83286b1cce702)
Start importing Assets/Roguelike2D/ExtendedVersion/Themes/AI/AiLevelEnemies.asset using Guid(3f366e5dd73c8374b9775fc9d0b95ed2) Importer(2089858483,192608db42251d675da83286b1cce702) (ScriptedImporter) -> (artifact id: '97084f03a28f1f6bab473cdc17f845ad') in 0.0209886 seconds
Number of updated asset objects reloaded before import = 0Number of asset objects unloaded after import = 20

========================================================================
Received Import Request.
  Time since last request: 0.000036 seconds.
  path: Assets/Roguelike2D/ExtendedVersion/Themes/AI/Prefabs/AiWall.prefab
  artifactKey: Guid(7707020c33b6e484dabac02b50f4b6ac) Importer(2089858483,192608db42251d675da83286b1cce702)
Start importing Assets/Roguelike2D/ExtendedVersion/Themes/AI/Prefabs/AiWall.prefab using Guid(7707020c33b6e484dabac02b50f4b6ac) Importer(2089858483,192608db42251d675da83286b1cce702) (ScriptedImporter) -> (artifact id: '38625b66eda5ae8bf8869d9bbbb660a4') in 0.0186892 seconds
Number of updated asset objects reloaded before import = 0Number of asset objects unloaded after import = 9

========================================================================
Received Import Request.
  Time since last request: 0.000038 seconds.
  path: Assets/Roguelike2D/ExtendedVersion/Themes/AI/Tiles
  artifactKey: Guid(3f9c17c09a718044ab96c3de7cb704b1) Importer(2089858483,192608db42251d675da83286b1cce702)
Start importing Assets/Roguelike2D/ExtendedVersion/Themes/AI/Tiles using Guid(3f9c17c09a718044ab96c3de7cb704b1) Importer(2089858483,192608db42251d675da83286b1cce702) (ScriptedImporter) -> (artifact id: '0816f35a3c04c9efae0792bc5e09c671') in 0.0131696 seconds
Number of updated asset objects reloaded before import = 0Number of asset objects unloaded after import = 1

========================================================================
Received Prepare
Assembly reference Packages/com.unity.cinemachine/Editor/Samples/ExposeHDRPInternals/HDRP-Editor-ref.asmref has no target assembly definition
Assembly reference Packages/com.unity.cinemachine/Editor/Samples/ExposeHDRPInternals/HDRP-Editor-ref.asmref has no target assembly definition
Begin MonoManager ReloadAssembly
- Loaded All Assemblies, in  1.027 seconds
Assembly reference Packages/com.unity.cinemachine/Editor/Samples/ExposeHDRPInternals/HDRP-Editor-ref.asmref has no target assembly definition
Refreshing native plugins compatible for Editor in 2.83 ms, found 4 plugins.
Native extension for WindowsStandalone target not found
Native extension for WebGL target not found
Assembly reference Packages/com.unity.cinemachine/Editor/Samples/ExposeHDRPInternals/HDRP-Editor-ref.asmref has no target assembly definition
[Package Manager] Failed to launch server process. Reason: Unity was launched with the -noUpm command-line argument
[Package Manager] Unable to send message (not connected to server process).
[Package Manager] Cannot connect to Unity Package Manager local server
Mono: successfully reloaded assembly
- Finished resetting the current domain, in  1.367 seconds
Domain Reload Profiling: 2397ms
	BeginReloadAssembly (334ms)
		ExecutionOrderSort (0ms)
		DisableScriptedObjects (27ms)
		BackupInstance (0ms)
		ReleaseScriptingObjects (0ms)
		CreateAndSetChildDomain (102ms)
	RebuildCommonClasses (44ms)
	RebuildNativeTypeToScriptingClass (15ms)
	initialDomainReloadingComplete (28ms)
	LoadAllAssembliesAndSetupDomain (608ms)
		LoadAssemblies (478ms)
		RebuildTransferFunctionScriptingTraits (0ms)
		AnalyzeDomain (294ms)
			TypeCache.Refresh (8ms)
				TypeCache.ScanAssembly (0ms)
			BuildScriptInfoCaches (268ms)
			ResolveRequiredComponents (13ms)
	FinalizeReload (1368ms)
		ReleaseScriptCaches (0ms)
		RebuildScriptCaches (0ms)
		SetupLoadedEditorAssemblies (1124ms)
			LogAssemblyErrors (0ms)
			InitializePlatformSupportModulesInManaged (4ms)
			SetLoadedEditorAssemblies (8ms)
			BeforeProcessingInitializeOnLoad (164ms)
			ProcessInitializeOnLoadAttributes (837ms)
			ProcessInitializeOnLoadMethodAttributes (106ms)
			AfterProcessingInitializeOnLoad (4ms)
			EditorAssembliesLoaded (1ms)
		ExecutionOrderSort2 (0ms)
		AwakeInstancesAfterBackupRestoration (21ms)
Refreshing native plugins compatible for Editor in 2.68 ms, found 4 plugins.
Preloading 0 native plugins for Editor in 0.00 ms.
Unloading 14 Unused Serialized files (Serialized files now loaded: 0)
Unloading 6937 unused Assets / (4.2 MB). Loaded Objects now: 7662.
Memory consumption went from 150.5 MB to 146.2 MB.
Total: 13.125500 ms (FindLiveObjects: 1.253100 ms CreateObjectMapping: 1.300900 ms MarkObjects: 7.355900 ms  DeleteObjects: 3.214000 ms)

Prepare: number of updated asset objects reloaded= 0
========================================================================
Received Prepare
Assembly reference Packages/com.unity.cinemachine/Editor/Samples/ExposeHDRPInternals/HDRP-Editor-ref.asmref has no target assembly definition
Assembly reference Packages/com.unity.cinemachine/Editor/Samples/ExposeHDRPInternals/HDRP-Editor-ref.asmref has no target assembly definition
Begin MonoManager ReloadAssembly
- Loaded All Assemblies, in  0.908 seconds
Assembly reference Packages/com.unity.cinemachine/Editor/Samples/ExposeHDRPInternals/HDRP-Editor-ref.asmref has no target assembly definition
Refreshing native plugins compatible for Editor in 2.73 ms, found 4 plugins.
Native extension for WindowsStandalone target not found
Native extension for WebGL target not found
Assembly reference Packages/com.unity.cinemachine/Editor/Samples/ExposeHDRPInternals/HDRP-Editor-ref.asmref has no target assembly definition
[Package Manager] Failed to launch server process. Reason: Unity was launched with the -noUpm command-line argument
[Package Manager] Unable to send message (not connected to server process).
[Package Manager] Cannot connect to Unity Package Manager local server
Mono: successfully reloaded assembly
- Finished resetting the current domain, in  1.129 seconds
Domain Reload Profiling: 2040ms
	BeginReloadAssembly (259ms)
		ExecutionOrderSort (0ms)
		DisableScriptedObjects (15ms)
		BackupInstance (0ms)
		ReleaseScriptingObjects (0ms)
		CreateAndSetChildDomain (61ms)
	RebuildCommonClasses (41ms)
	RebuildNativeTypeToScriptingClass (15ms)
	initialDomainReloadingComplete (26ms)
	LoadAllAssembliesAndSetupDomain (569ms)
		LoadAssemblies (430ms)
		RebuildTransferFunctionScriptingTraits (0ms)
		AnalyzeDomain (280ms)
			TypeCache.Refresh (8ms)
				TypeCache.ScanAssembly (0ms)
			BuildScriptInfoCaches (254ms)
			ResolveRequiredComponents (14ms)
	FinalizeReload (1130ms)
		ReleaseScriptCaches (0ms)
		RebuildScriptCaches (0ms)
		SetupLoadedEditorAssemblies (908ms)
			LogAssemblyErrors (0ms)
			InitializePlatformSupportModulesInManaged (3ms)
			SetLoadedEditorAssemblies (6ms)
			BeforeProcessingInitializeOnLoad (129ms)
			ProcessInitializeOnLoadAttributes (688ms)
			ProcessInitializeOnLoadMethodAttributes (79ms)
			AfterProcessingInitializeOnLoad (3ms)
			EditorAssembliesLoaded (0ms)
		ExecutionOrderSort2 (0ms)
		AwakeInstancesAfterBackupRestoration (17ms)
Refreshing native plugins compatible for Editor in 2.52 ms, found 4 plugins.
Preloading 0 native plugins for Editor in 0.00 ms.
Unloading 14 Unused Serialized files (Serialized files now loaded: 0)
Unloading 6936 unused Assets / (4.6 MB). Loaded Objects now: 7664.
Memory consumption went from 150.3 MB to 145.7 MB.
Total: 12.096600 ms (FindLiveObjects: 1.197300 ms CreateObjectMapping: 0.453900 ms MarkObjects: 6.682600 ms  DeleteObjects: 3.761000 ms)

Prepare: number of updated asset objects reloaded= 0
========================================================================
Received Import Request.
  Time since last request: 402.638177 seconds.
  path: Assets/Roguelike2D/TutorialAssets/Audio/walkWood.mp3
  artifactKey: Guid(9a2989fd19de591498301964d424a263) Importer(815301076,1909f56bfc062723c751e8b465ee728b)
Start importing Assets/Roguelike2D/TutorialAssets/Audio/walkWood.mp3 using Guid(9a2989fd19de591498301964d424a263) Importer(815301076,1909f56bfc062723c751e8b465ee728b) (PreviewImporter) -> (artifact id: '9bd634d1814091da4fd641015b308216') in 0.1126771 seconds
Number of updated asset objects reloaded before import = 0Number of asset objects unloaded after import = 2

========================================================================
Received Prepare
Assembly reference Packages/com.unity.cinemachine/Editor/Samples/ExposeHDRPInternals/HDRP-Editor-ref.asmref has no target assembly definition
Assembly reference Packages/com.unity.cinemachine/Editor/Samples/ExposeHDRPInternals/HDRP-Editor-ref.asmref has no target assembly definition
Begin MonoManager ReloadAssembly
- Loaded All Assemblies, in  0.942 seconds
Assembly reference Packages/com.unity.cinemachine/Editor/Samples/ExposeHDRPInternals/HDRP-Editor-ref.asmref has no target assembly definition
Refreshing native plugins compatible for Editor in 2.00 ms, found 4 plugins.
Native extension for WindowsStandalone target not found
Native extension for WebGL target not found
Assembly reference Packages/com.unity.cinemachine/Editor/Samples/ExposeHDRPInternals/HDRP-Editor-ref.asmref has no target assembly definition
[Package Manager] Failed to launch server process. Reason: Unity was launched with the -noUpm command-line argument
[Package Manager] Unable to send message (not connected to server process).
[Package Manager] Cannot connect to Unity Package Manager local server
Mono: successfully reloaded assembly
- Finished resetting the current domain, in  1.203 seconds
Domain Reload Profiling: 2149ms
	BeginReloadAssembly (272ms)
		ExecutionOrderSort (0ms)
		DisableScriptedObjects (16ms)
		BackupInstance (0ms)
		ReleaseScriptingObjects (0ms)
		CreateAndSetChildDomain (66ms)
	RebuildCommonClasses (44ms)
	RebuildNativeTypeToScriptingClass (15ms)
	initialDomainReloadingComplete (27ms)
	LoadAllAssembliesAndSetupDomain (588ms)
		LoadAssemblies (432ms)
		RebuildTransferFunctionScriptingTraits (0ms)
		AnalyzeDomain (298ms)
			TypeCache.Refresh (8ms)
				TypeCache.ScanAssembly (0ms)
			BuildScriptInfoCaches (267ms)
			ResolveRequiredComponents (17ms)
	FinalizeReload (1204ms)
		ReleaseScriptCaches (0ms)
		RebuildScriptCaches (0ms)
		SetupLoadedEditorAssemblies (969ms)
			LogAssemblyErrors (0ms)
			InitializePlatformSupportModulesInManaged (3ms)
			SetLoadedEditorAssemblies (6ms)
			BeforeProcessingInitializeOnLoad (144ms)
			ProcessInitializeOnLoadAttributes (723ms)
			ProcessInitializeOnLoadMethodAttributes (91ms)
			AfterProcessingInitializeOnLoad (3ms)
			EditorAssembliesLoaded (1ms)
		ExecutionOrderSort2 (0ms)
		AwakeInstancesAfterBackupRestoration (16ms)
Refreshing native plugins compatible for Editor in 2.97 ms, found 4 plugins.
Preloading 0 native plugins for Editor in 0.00 ms.
Unloading 14 Unused Serialized files (Serialized files now loaded: 0)
Unloading 6936 unused Assets / (4.5 MB). Loaded Objects now: 7668.
Memory consumption went from 150.3 MB to 145.8 MB.
Total: 13.378300 ms (FindLiveObjects: 1.258400 ms CreateObjectMapping: 0.483100 ms MarkObjects: 6.993700 ms  DeleteObjects: 4.642000 ms)

Prepare: number of updated asset objects reloaded= 0
========================================================================
Received Prepare
Assembly reference Packages/com.unity.cinemachine/Editor/Samples/ExposeHDRPInternals/HDRP-Editor-ref.asmref has no target assembly definition
Assembly reference Packages/com.unity.cinemachine/Editor/Samples/ExposeHDRPInternals/HDRP-Editor-ref.asmref has no target assembly definition
Begin MonoManager ReloadAssembly
- Loaded All Assemblies, in  0.954 seconds
Assembly reference Packages/com.unity.cinemachine/Editor/Samples/ExposeHDRPInternals/HDRP-Editor-ref.asmref has no target assembly definition
Refreshing native plugins compatible for Editor in 2.13 ms, found 4 plugins.
Native extension for WindowsStandalone target not found
Native extension for WebGL target not found
Assembly reference Packages/com.unity.cinemachine/Editor/Samples/ExposeHDRPInternals/HDRP-Editor-ref.asmref has no target assembly definition
[Package Manager] Failed to launch server process. Reason: Unity was launched with the -noUpm command-line argument
[Package Manager] Unable to send message (not connected to server process).
[Package Manager] Cannot connect to Unity Package Manager local server
Mono: successfully reloaded assembly
- Finished resetting the current domain, in  1.299 seconds
Domain Reload Profiling: 2258ms
	BeginReloadAssembly (268ms)
		ExecutionOrderSort (0ms)
		DisableScriptedObjects (18ms)
		BackupInstance (0ms)
		ReleaseScriptingObjects (0ms)
		CreateAndSetChildDomain (62ms)
	RebuildCommonClasses (46ms)
	RebuildNativeTypeToScriptingClass (16ms)
	initialDomainReloadingComplete (26ms)
	LoadAllAssembliesAndSetupDomain (602ms)
		LoadAssemblies (436ms)
		RebuildTransferFunctionScriptingTraits (0ms)
		AnalyzeDomain (309ms)
			TypeCache.Refresh (8ms)
				TypeCache.ScanAssembly (0ms)
			BuildScriptInfoCaches (277ms)
			ResolveRequiredComponents (19ms)
	FinalizeReload (1300ms)
		ReleaseScriptCaches (0ms)
		RebuildScriptCaches (0ms)
		SetupLoadedEditorAssemblies (1059ms)
			LogAssemblyErrors (0ms)
			InitializePlatformSupportModulesInManaged (3ms)
			SetLoadedEditorAssemblies (6ms)
			BeforeProcessingInitializeOnLoad (151ms)
			ProcessInitializeOnLoadAttributes (812ms)
			ProcessInitializeOnLoadMethodAttributes (84ms)
			AfterProcessingInitializeOnLoad (2ms)
			EditorAssembliesLoaded (0ms)
		ExecutionOrderSort2 (0ms)
		AwakeInstancesAfterBackupRestoration (19ms)
Refreshing native plugins compatible for Editor in 3.15 ms, found 4 plugins.
Preloading 0 native plugins for Editor in 0.00 ms.
Unloading 14 Unused Serialized files (Serialized files now loaded: 0)
Unloading 6936 unused Assets / (5.0 MB). Loaded Objects now: 7670.
Memory consumption went from 150.3 MB to 145.4 MB.
Total: 14.910700 ms (FindLiveObjects: 1.449900 ms CreateObjectMapping: 1.408000 ms MarkObjects: 7.391700 ms  DeleteObjects: 4.658900 ms)

Prepare: number of updated asset objects reloaded= 0
========================================================================
Received Import Request.
  Time since last request: 777.303431 seconds.
  path: Assets/Roguelike2D/ExtendedVersion/Themes/AI/Prefabs/AiPlayer.prefab
  artifactKey: Guid(ef9ef57901d2b0243a48b7582356638c) Importer(2089858483,192608db42251d675da83286b1cce702)
Start importing Assets/Roguelike2D/ExtendedVersion/Themes/AI/Prefabs/AiPlayer.prefab using Guid(ef9ef57901d2b0243a48b7582356638c) Importer(2089858483,192608db42251d675da83286b1cce702) (ScriptedImporter) -> (artifact id: 'a171c7af58fdbf7d1692a73c2278b95f') in 0.5138276 seconds
Number of updated asset objects reloaded before import = 0Number of asset objects unloaded after import = 31

========================================================================
Received Import Request.
  Time since last request: 0.000030 seconds.
  path: Assets/Roguelike2D/TutorialAssets/Audio/flyHit.mp3
  artifactKey: Guid(e46d00f5f73a66f4886059c830a0bc78) Importer(2089858483,192608db42251d675da83286b1cce702)
Start importing Assets/Roguelike2D/TutorialAssets/Audio/flyHit.mp3 using Guid(e46d00f5f73a66f4886059c830a0bc78) Importer(2089858483,192608db42251d675da83286b1cce702) (ScriptedImporter) -> (artifact id: '260383c8db308ca7225a2614436b7eac') in 0.0467002 seconds
Number of updated asset objects reloaded before import = 0Number of asset objects unloaded after import = 1

========================================================================
Received Import Request.
  Time since last request: 0.000042 seconds.
  path: Assets/Roguelike2D/TutorialAssets/Audio/walkMetal.mp3
  artifactKey: Guid(76f513a5ae9ef5841bc64e1d764dbba4) Importer(2089858483,192608db42251d675da83286b1cce702)
Start importing Assets/Roguelike2D/TutorialAssets/Audio/walkMetal.mp3 using Guid(76f513a5ae9ef5841bc64e1d764dbba4) Importer(2089858483,192608db42251d675da83286b1cce702) (ScriptedImporter) -> (artifact id: '131086f0028d3d7a0076bf3499ddde76') in 0.0491414 seconds
Number of updated asset objects reloaded before import = 0Number of asset objects unloaded after import = 1

========================================================================
Received Import Request.
  Time since last request: 0.000021 seconds.
  path: Assets/Roguelike2D/TutorialAssets/Audio/walkWood.mp3
  artifactKey: Guid(9a2989fd19de591498301964d424a263) Importer(2089858483,192608db42251d675da83286b1cce702)
Start importing Assets/Roguelike2D/TutorialAssets/Audio/walkWood.mp3 using Guid(9a2989fd19de591498301964d424a263) Importer(2089858483,192608db42251d675da83286b1cce702) (ScriptedImporter) -> (artifact id: '7c362f1b13adc52d1cc18d2aa09786ff') in 0.0481685 seconds
Number of updated asset objects reloaded before import = 0Number of asset objects unloaded after import = 1

========================================================================
Received Prepare
Assembly reference Packages/com.unity.cinemachine/Editor/Samples/ExposeHDRPInternals/HDRP-Editor-ref.asmref has no target assembly definition
Assembly reference Packages/com.unity.cinemachine/Editor/Samples/ExposeHDRPInternals/HDRP-Editor-ref.asmref has no target assembly definition
Begin MonoManager ReloadAssembly
- Loaded All Assemblies, in  1.039 seconds
Assembly reference Packages/com.unity.cinemachine/Editor/Samples/ExposeHDRPInternals/HDRP-Editor-ref.asmref has no target assembly definition
Refreshing native plugins compatible for Editor in 2.82 ms, found 4 plugins.
Native extension for WindowsStandalone target not found
Native extension for WebGL target not found
Assembly reference Packages/com.unity.cinemachine/Editor/Samples/ExposeHDRPInternals/HDRP-Editor-ref.asmref has no target assembly definition
[Package Manager] Failed to launch server process. Reason: Unity was launched with the -noUpm command-line argument
[Package Manager] Unable to send message (not connected to server process).
[Package Manager] Cannot connect to Unity Package Manager local server
Mono: successfully reloaded assembly
- Finished resetting the current domain, in  1.384 seconds
Domain Reload Profiling: 2426ms
	BeginReloadAssembly (316ms)
		ExecutionOrderSort (0ms)
		DisableScriptedObjects (16ms)
		BackupInstance (0ms)
		ReleaseScriptingObjects (0ms)
		CreateAndSetChildDomain (97ms)
	RebuildCommonClasses (49ms)
	RebuildNativeTypeToScriptingClass (15ms)
	initialDomainReloadingComplete (30ms)
	LoadAllAssembliesAndSetupDomain (633ms)
		LoadAssemblies (486ms)
		RebuildTransferFunctionScriptingTraits (0ms)
		AnalyzeDomain (307ms)
			TypeCache.Refresh (11ms)
				TypeCache.ScanAssembly (0ms)
			BuildScriptInfoCaches (277ms)
			ResolveRequiredComponents (15ms)
	FinalizeReload (1385ms)
		ReleaseScriptCaches (0ms)
		RebuildScriptCaches (0ms)
		SetupLoadedEditorAssemblies (1132ms)
			LogAssemblyErrors (0ms)
			InitializePlatformSupportModulesInManaged (3ms)
			SetLoadedEditorAssemblies (7ms)
			BeforeProcessingInitializeOnLoad (155ms)
			ProcessInitializeOnLoadAttributes (876ms)
			ProcessInitializeOnLoadMethodAttributes (88ms)
			AfterProcessingInitializeOnLoad (2ms)
			EditorAssembliesLoaded (0ms)
		ExecutionOrderSort2 (0ms)
		AwakeInstancesAfterBackupRestoration (16ms)
Refreshing native plugins compatible for Editor in 2.16 ms, found 4 plugins.
Preloading 0 native plugins for Editor in 0.00 ms.
Unloading 14 Unused Serialized files (Serialized files now loaded: 0)
Unloading 6936 unused Assets / (4.5 MB). Loaded Objects now: 7672.
Memory consumption went from 150.3 MB to 145.8 MB.
Total: 12.631300 ms (FindLiveObjects: 1.363100 ms CreateObjectMapping: 0.754500 ms MarkObjects: 6.562100 ms  DeleteObjects: 3.950100 ms)

Prepare: number of updated asset objects reloaded= 0
========================================================================
Received Prepare
Assembly reference Packages/com.unity.cinemachine/Editor/Samples/ExposeHDRPInternals/HDRP-Editor-ref.asmref has no target assembly definition
Assembly reference Packages/com.unity.cinemachine/Editor/Samples/ExposeHDRPInternals/HDRP-Editor-ref.asmref has no target assembly definition
Begin MonoManager ReloadAssembly
- Loaded All Assemblies, in  0.952 seconds
Assembly reference Packages/com.unity.cinemachine/Editor/Samples/ExposeHDRPInternals/HDRP-Editor-ref.asmref has no target assembly definition
Refreshing native plugins compatible for Editor in 3.28 ms, found 4 plugins.
Native extension for WindowsStandalone target not found
Native extension for WebGL target not found
Assembly reference Packages/com.unity.cinemachine/Editor/Samples/ExposeHDRPInternals/HDRP-Editor-ref.asmref has no target assembly definition
[Package Manager] Failed to launch server process. Reason: Unity was launched with the -noUpm command-line argument
[Package Manager] Unable to send message (not connected to server process).
[Package Manager] Cannot connect to Unity Package Manager local server
Mono: successfully reloaded assembly
- Finished resetting the current domain, in  1.319 seconds
Domain Reload Profiling: 2275ms
	BeginReloadAssembly (273ms)
		ExecutionOrderSort (0ms)
		DisableScriptedObjects (15ms)
		BackupInstance (0ms)
		ReleaseScriptingObjects (0ms)
		CreateAndSetChildDomain (64ms)
	RebuildCommonClasses (41ms)
	RebuildNativeTypeToScriptingClass (14ms)
	initialDomainReloadingComplete (30ms)
	LoadAllAssembliesAndSetupDomain (597ms)
		LoadAssemblies (452ms)
		RebuildTransferFunctionScriptingTraits (0ms)
		AnalyzeDomain (294ms)
			TypeCache.Refresh (9ms)
				TypeCache.ScanAssembly (0ms)
			BuildScriptInfoCaches (265ms)
			ResolveRequiredComponents (15ms)
	FinalizeReload (1320ms)
		ReleaseScriptCaches (0ms)
		RebuildScriptCaches (0ms)
		SetupLoadedEditorAssemblies (1073ms)
			LogAssemblyErrors (0ms)
			InitializePlatformSupportModulesInManaged (4ms)
			SetLoadedEditorAssemblies (8ms)
			BeforeProcessingInitializeOnLoad (146ms)
			ProcessInitializeOnLoadAttributes (819ms)
			ProcessInitializeOnLoadMethodAttributes (93ms)
			AfterProcessingInitializeOnLoad (3ms)
			EditorAssembliesLoaded (1ms)
		ExecutionOrderSort2 (0ms)
		AwakeInstancesAfterBackupRestoration (18ms)
Refreshing native plugins compatible for Editor in 3.01 ms, found 4 plugins.
Preloading 0 native plugins for Editor in 0.00 ms.
Unloading 14 Unused Serialized files (Serialized files now loaded: 0)
Unloading 6936 unused Assets / (4.5 MB). Loaded Objects now: 7674.
Memory consumption went from 150.3 MB to 145.9 MB.
Total: 13.708300 ms (FindLiveObjects: 1.199900 ms CreateObjectMapping: 1.043700 ms MarkObjects: 7.027400 ms  DeleteObjects: 4.435600 ms)

Prepare: number of updated asset objects reloaded= 0
========================================================================
Received Prepare
Assembly reference Packages/com.unity.cinemachine/Editor/Samples/ExposeHDRPInternals/HDRP-Editor-ref.asmref has no target assembly definition
Assembly reference Packages/com.unity.cinemachine/Editor/Samples/ExposeHDRPInternals/HDRP-Editor-ref.asmref has no target assembly definition
Begin MonoManager ReloadAssembly
- Loaded All Assemblies, in  0.969 seconds
Assembly reference Packages/com.unity.cinemachine/Editor/Samples/ExposeHDRPInternals/HDRP-Editor-ref.asmref has no target assembly definition
Refreshing native plugins compatible for Editor in 2.79 ms, found 4 plugins.
Native extension for WindowsStandalone target not found
Native extension for WebGL target not found
Assembly reference Packages/com.unity.cinemachine/Editor/Samples/ExposeHDRPInternals/HDRP-Editor-ref.asmref has no target assembly definition
[Package Manager] Failed to launch server process. Reason: Unity was launched with the -noUpm command-line argument
[Package Manager] Unable to send message (not connected to server process).
[Package Manager] Cannot connect to Unity Package Manager local server
Mono: successfully reloaded assembly
- Finished resetting the current domain, in  1.272 seconds
Domain Reload Profiling: 2243ms
	BeginReloadAssembly (273ms)
		ExecutionOrderSort (0ms)
		DisableScriptedObjects (14ms)
		BackupInstance (0ms)
		ReleaseScriptingObjects (0ms)
		CreateAndSetChildDomain (70ms)
	RebuildCommonClasses (48ms)
	RebuildNativeTypeToScriptingClass (15ms)
	initialDomainReloadingComplete (30ms)
	LoadAllAssembliesAndSetupDomain (605ms)
		LoadAssemblies (443ms)
		RebuildTransferFunctionScriptingTraits (0ms)
		AnalyzeDomain (308ms)
			TypeCache.Refresh (9ms)
				TypeCache.ScanAssembly (0ms)
			BuildScriptInfoCaches (275ms)
			ResolveRequiredComponents (20ms)
	FinalizeReload (1272ms)
		ReleaseScriptCaches (0ms)
		RebuildScriptCaches (0ms)
		SetupLoadedEditorAssemblies (1030ms)
			LogAssemblyErrors (0ms)
			InitializePlatformSupportModulesInManaged (3ms)
			SetLoadedEditorAssemblies (7ms)
			BeforeProcessingInitializeOnLoad (154ms)
			ProcessInitializeOnLoadAttributes (774ms)
			ProcessInitializeOnLoadMethodAttributes (88ms)
			AfterProcessingInitializeOnLoad (3ms)
			EditorAssembliesLoaded (1ms)
		ExecutionOrderSort2 (0ms)
		AwakeInstancesAfterBackupRestoration (17ms)
Refreshing native plugins compatible for Editor in 2.44 ms, found 4 plugins.
Preloading 0 native plugins for Editor in 0.00 ms.
Unloading 14 Unused Serialized files (Serialized files now loaded: 0)
Unloading 6936 unused Assets / (4.1 MB). Loaded Objects now: 7676.
Memory consumption went from 150.4 MB to 146.3 MB.
Total: 11.996700 ms (FindLiveObjects: 1.272600 ms CreateObjectMapping: 0.967900 ms MarkObjects: 6.812800 ms  DeleteObjects: 2.941300 ms)

Prepare: number of updated asset objects reloaded= 0
