Using pre-set license
Built from '6000.0/staging' branch; Version is '6000.0.31f1 (a206c360e2a8) revision 10618563'; Using compiler version '193933523'; Build Type 'Release'
OS: 'Windows 11  (10.0.22631) 64bit Professional' Language: 'en' Physical Memory: 16306 MB
BatchMode: 1, IsHumanControllingUs: 0, StartBugReporterOnCrash: 0, Is64bit: 1, IsPro: 1

COMMAND LINE ARGUMENTS:
D:\Development\Unirty Hub\Editor\6000.0.31f1\Editor\Unity.exe
-adb2
-batchMode
-noUpm
-name
AssetImportWorker1
-projectPath
D:/Development/Unirty Hub/Projects/aiGamesFix/Ai assisted roguelike
-logFile
Logs/AssetImportWorker1.log
-srvPort
53312
-job-worker-count
5
-background-job-worker-count
8
-gc-helper-count
1
Successfully changed project path to: D:/Development/Unirty Hub/Projects/aiGamesFix/Ai assisted roguelike
D:/Development/Unirty Hub/Projects/aiGamesFix/Ai assisted roguelike
[UnityMemory] Configuration Parameters - Can be set up in boot.config
    "memorysetup-bucket-allocator-granularity=16"
    "memorysetup-bucket-allocator-bucket-count=8"
    "memorysetup-bucket-allocator-block-size=33554432"
    "memorysetup-bucket-allocator-block-count=8"
    "memorysetup-main-allocator-block-size=16777216"
    "memorysetup-thread-allocator-block-size=16777216"
    "memorysetup-gfx-main-allocator-block-size=16777216"
    "memorysetup-gfx-thread-allocator-block-size=16777216"
    "memorysetup-cache-allocator-block-size=4194304"
    "memorysetup-typetree-allocator-block-size=2097152"
    "memorysetup-profiler-bucket-allocator-granularity=16"
    "memorysetup-profiler-bucket-allocator-bucket-count=8"
    "memorysetup-profiler-bucket-allocator-block-size=33554432"
    "memorysetup-profiler-bucket-allocator-block-count=8"
    "memorysetup-profiler-allocator-block-size=16777216"
    "memorysetup-profiler-editor-allocator-block-size=1048576"
    "memorysetup-temp-allocator-size-main=16777216"
    "memorysetup-job-temp-allocator-block-size=2097152"
    "memorysetup-job-temp-allocator-block-size-background=1048576"
    "memorysetup-job-temp-allocator-reduction-small-platforms=262144"
    "memorysetup-allocator-temp-initial-block-size-main=262144"
    "memorysetup-allocator-temp-initial-block-size-worker=262144"
    "memorysetup-temp-allocator-size-background-worker=32768"
    "memorysetup-temp-allocator-size-job-worker=262144"
    "memorysetup-temp-allocator-size-preload-manager=33554432"
    "memorysetup-temp-allocator-size-nav-mesh-worker=65536"
    "memorysetup-temp-allocator-size-audio-worker=65536"
    "memorysetup-temp-allocator-size-cloud-worker=32768"
    "memorysetup-temp-allocator-size-gi-baking-worker=262144"
    "memorysetup-temp-allocator-size-gi-baking-worker=262144"
    "memorysetup-temp-allocator-size-gi-baking-worker=262144"
    "memorysetup-temp-allocator-size-gi-baking-worker=262144"
    "memorysetup-temp-allocator-size-gi-baking-worker=262144"
    "memorysetup-temp-allocator-size-gfx=262144"
Player connection [5232]  Target information:

Player connection [5232]  * "[IP] 192.168.0.110 [Port] 0 [Flags] 2 [Guid] 194336045 [EditorId] 194336045 [Version] 1048832 [Id] WindowsEditor(7,deskh-toph) [Debug] 1 [PackageName] WindowsEditor [ProjectName] Editor" 

Player connection [5232] Host joined multi-casting on [225.0.0.222:54997]...
Player connection [5232] Host joined alternative multi-casting on [225.0.0.222:34997]...
JobSystem: Creating JobQueue using job-worker-count value 5
[Physics::Module] Initialized fallback backend.
[Physics::Module] Id: 0xdecafbad
Library Redirect Path: Library/
[Physics::Module] Selected backend.
[Physics::Module] Name: PhysX
[Physics::Module] Id: 0xf2b8ea05
[Physics::Module] SDK Version: 4.1.2
[Physics::Module] Integration Version: 1.0.0
[Physics::Module] Threading Mode: Multi-Threaded
Refreshing native plugins compatible for Editor in 3.44 ms, found 4 plugins.
Preloading 0 native plugins for Editor in 0.00 ms.
Initialize engine version: 6000.0.31f1 (a206c360e2a8)
[Subsystems] Discovering subsystems at path D:/Development/Unirty Hub/Editor/6000.0.31f1/Editor/Data/Resources/UnitySubsystems
[Subsystems] Discovering subsystems at path D:/Development/Unirty Hub/Projects/aiGamesFix/Ai assisted roguelike/Assets
GfxDevice: creating device client; kGfxThreadingModeNonThreaded
Direct3D:
    Version:  Direct3D 11.0 [level 11.1]
    Renderer: NVIDIA GeForce RTX 3060 Ti (ID=0x24c9)
    Vendor:   NVIDIA
    VRAM:     8024 MB
    Driver:   32.0.15.6636
Initialize mono
Mono path[0] = 'D:/Development/Unirty Hub/Editor/6000.0.31f1/Editor/Data/Managed'
Mono path[1] = 'D:/Development/Unirty Hub/Editor/6000.0.31f1/Editor/Data/MonoBleedingEdge/lib/mono/unityjit-win32'
Mono config path = 'D:/Development/Unirty Hub/Editor/6000.0.31f1/Editor/Data/MonoBleedingEdge/etc'
Using monoOptions --debugger-agent=transport=dt_socket,embedding=1,server=y,suspend=n,address=127.0.0.1:56720
Begin MonoManager ReloadAssembly
Registering precompiled unity dll's ...
Register platform support module: D:/Development/Unirty Hub/Editor/6000.0.31f1/Editor/Data/PlaybackEngines/WebGLSupport/UnityEditor.WebGL.Extensions.dll
Register platform support module: D:/Development/Unirty Hub/Editor/6000.0.31f1/Editor/Data/PlaybackEngines/WindowsStandaloneSupport/UnityEditor.WindowsStandalone.Extensions.dll
Registered in 0.004083 seconds.
- Loaded All Assemblies, in  0.470 seconds
Native extension for WindowsStandalone target not found
Native extension for WebGL target not found
Mono: successfully reloaded assembly
- Finished resetting the current domain, in  0.424 seconds
Domain Reload Profiling: 894ms
	BeginReloadAssembly (174ms)
		ExecutionOrderSort (0ms)
		DisableScriptedObjects (0ms)
		BackupInstance (0ms)
		ReleaseScriptingObjects (0ms)
		CreateAndSetChildDomain (1ms)
	RebuildCommonClasses (47ms)
	RebuildNativeTypeToScriptingClass (14ms)
	initialDomainReloadingComplete (51ms)
	LoadAllAssembliesAndSetupDomain (184ms)
		LoadAssemblies (173ms)
		RebuildTransferFunctionScriptingTraits (0ms)
		AnalyzeDomain (180ms)
			TypeCache.Refresh (178ms)
				TypeCache.ScanAssembly (163ms)
			BuildScriptInfoCaches (0ms)
			ResolveRequiredComponents (1ms)
	FinalizeReload (425ms)
		ReleaseScriptCaches (0ms)
		RebuildScriptCaches (0ms)
		SetupLoadedEditorAssemblies (388ms)
			LogAssemblyErrors (0ms)
			InitializePlatformSupportModulesInManaged (44ms)
			SetLoadedEditorAssemblies (8ms)
			BeforeProcessingInitializeOnLoad (81ms)
			ProcessInitializeOnLoadAttributes (190ms)
			ProcessInitializeOnLoadMethodAttributes (65ms)
			AfterProcessingInitializeOnLoad (0ms)
			EditorAssembliesLoaded (0ms)
		ExecutionOrderSort2 (0ms)
		AwakeInstancesAfterBackupRestoration (0ms)
Assembly reference Packages/com.unity.cinemachine/Editor/Samples/ExposeHDRPInternals/HDRP-Editor-ref.asmref has no target assembly definition
========================================================================
Worker process is ready to serve import requests
Import Worker Mode flag is 0x00
Assembly reference Packages/com.unity.cinemachine/Editor/Samples/ExposeHDRPInternals/HDRP-Editor-ref.asmref has no target assembly definition
Assembly reference Packages/com.unity.cinemachine/Editor/Samples/ExposeHDRPInternals/HDRP-Editor-ref.asmref has no target assembly definition
Begin MonoManager ReloadAssembly
- Loaded All Assemblies, in  1.020 seconds
Assembly reference Packages/com.unity.cinemachine/Editor/Samples/ExposeHDRPInternals/HDRP-Editor-ref.asmref has no target assembly definition
Refreshing native plugins compatible for Editor in 1.97 ms, found 4 plugins.
Native extension for WindowsStandalone target not found
Native extension for WebGL target not found
Assembly reference Packages/com.unity.cinemachine/Editor/Samples/ExposeHDRPInternals/HDRP-Editor-ref.asmref has no target assembly definition
Package Manager log level set to [2]
[Package Manager] Failed to launch server process. Reason: Unity was launched with the -noUpm command-line argument
[Package Manager] Unable to send message (not connected to server process).
[Package Manager] Cannot connect to Unity Package Manager local server
Mono: successfully reloaded assembly
- Finished resetting the current domain, in  1.285 seconds
Domain Reload Profiling: 2304ms
	BeginReloadAssembly (219ms)
		ExecutionOrderSort (0ms)
		DisableScriptedObjects (6ms)
		BackupInstance (0ms)
		ReleaseScriptingObjects (0ms)
		CreateAndSetChildDomain (37ms)
	RebuildCommonClasses (42ms)
	RebuildNativeTypeToScriptingClass (16ms)
	initialDomainReloadingComplete (40ms)
	LoadAllAssembliesAndSetupDomain (702ms)
		LoadAssemblies (458ms)
		RebuildTransferFunctionScriptingTraits (0ms)
		AnalyzeDomain (386ms)
			TypeCache.Refresh (242ms)
				TypeCache.ScanAssembly (220ms)
			BuildScriptInfoCaches (122ms)
			ResolveRequiredComponents (17ms)
	FinalizeReload (1286ms)
		ReleaseScriptCaches (0ms)
		RebuildScriptCaches (0ms)
		SetupLoadedEditorAssemblies (1088ms)
			LogAssemblyErrors (0ms)
			InitializePlatformSupportModulesInManaged (4ms)
			SetLoadedEditorAssemblies (7ms)
			BeforeProcessingInitializeOnLoad (152ms)
			ProcessInitializeOnLoadAttributes (773ms)
			ProcessInitializeOnLoadMethodAttributes (149ms)
			AfterProcessingInitializeOnLoad (3ms)
			EditorAssembliesLoaded (0ms)
		ExecutionOrderSort2 (0ms)
		AwakeInstancesAfterBackupRestoration (10ms)
Launched and connected shader compiler UnityShaderCompiler.exe after 0.02 seconds
Refreshing native plugins compatible for Editor in 2.24 ms, found 4 plugins.
Preloading 0 native plugins for Editor in 0.00 ms.
Unloading 206 Unused Serialized files (Serialized files now loaded: 0)
Unloading 6938 unused Assets / (5.1 MB). Loaded Objects now: 7616.
Memory consumption went from 173.2 MB to 168.1 MB.
Total: 10.592100 ms (FindLiveObjects: 1.108000 ms CreateObjectMapping: 0.395400 ms MarkObjects: 5.771900 ms  DeleteObjects: 3.315400 ms)

========================================================================
Received Import Request.
  Time since last request: 4365.277324 seconds.
  path: Assets/Settings/Build Profiles/TutorialVersion.asset
  artifactKey: Guid(31ff583163283994aa9c4988dae4408d) Importer(815301076,1909f56bfc062723c751e8b465ee728b)
Start importing Assets/Settings/Build Profiles/TutorialVersion.asset using Guid(31ff583163283994aa9c4988dae4408d) Importer(815301076,1909f56bfc062723c751e8b465ee728b) (PreviewImporter) -> (artifact id: 'b629efc34b495d21dec89d5c6754536b') in 0.0341739 seconds
Number of updated asset objects reloaded before import = 0Number of asset objects unloaded after import = 1

========================================================================
Received Import Request.
  Time since last request: 5.818082 seconds.
  path: Assets/Roguelike2D/ExtendedVersion/UI/GameUI.uxml
  artifactKey: Guid(7c1faf26d77f44d14b3471df8a3f3a6e) Importer(815301076,1909f56bfc062723c751e8b465ee728b)
Start importing Assets/Roguelike2D/ExtendedVersion/UI/GameUI.uxml using Guid(7c1faf26d77f44d14b3471df8a3f3a6e) Importer(815301076,1909f56bfc062723c751e8b465ee728b) (PreviewImporter) -> (artifact id: 'f192f4ed89a4b482ac049af2f54150c5') in 0.0605536 seconds
Number of updated asset objects reloaded before import = 0Number of asset objects unloaded after import = 9

========================================================================
Received Import Request.
  Time since last request: 6.261572 seconds.
  path: Assets/Roguelike2D/ExtendedVersion/Themes/Urban/UrbanLevelItems.asset
  artifactKey: Guid(d25a8b4912ddc0e488ec4928708bf213) Importer(815301076,1909f56bfc062723c751e8b465ee728b)
Start importing Assets/Roguelike2D/ExtendedVersion/Themes/Urban/UrbanLevelItems.asset using Guid(d25a8b4912ddc0e488ec4928708bf213) Importer(815301076,1909f56bfc062723c751e8b465ee728b) (PreviewImporter) -> (artifact id: '5070d23d568bff05152a49a8d5165ce2') in 0.010598 seconds
Number of updated asset objects reloaded before import = 0Number of asset objects unloaded after import = 16

========================================================================
Received Import Request.
  Time since last request: 27.279348 seconds.
  path: Assets/Roguelike2D/ExtendedVersion/Themes/AI/SandLevelItems.asset
  artifactKey: Guid(1da99bf636b1c4c43b37e694ea125d42) Importer(815301076,1909f56bfc062723c751e8b465ee728b)
Start importing Assets/Roguelike2D/ExtendedVersion/Themes/AI/SandLevelItems.asset using Guid(1da99bf636b1c4c43b37e694ea125d42) Importer(815301076,1909f56bfc062723c751e8b465ee728b) (PreviewImporter) -> (artifact id: '1c92a1d93dca818c929444789deba12a') in 0.003874 seconds
Number of updated asset objects reloaded before import = 0Number of asset objects unloaded after import = 16

========================================================================
Received Import Request.
  Time since last request: 0.000026 seconds.
  path: Assets/Roguelike2D/ExtendedVersion/Themes/AI/SandWorldSettings.asset
  artifactKey: Guid(bd57721eb52276f4dace7b8811812e76) Importer(815301076,1909f56bfc062723c751e8b465ee728b)
Start importing Assets/Roguelike2D/ExtendedVersion/Themes/AI/SandWorldSettings.asset using Guid(bd57721eb52276f4dace7b8811812e76) Importer(815301076,1909f56bfc062723c751e8b465ee728b) (PreviewImporter) -> (artifact id: '5bc77b8455175027713906a16d049455') in 0.0182314 seconds
Number of updated asset objects reloaded before import = 0Number of asset objects unloaded after import = 94

========================================================================
Received Import Request.
  Time since last request: 91.121547 seconds.
  path: Assets/Roguelike2D/ExtendedVersion/Themes/Sand/SandLevelItems.asset
  artifactKey: Guid(54b69a971b479a747af6237319a250dc) Importer(815301076,1909f56bfc062723c751e8b465ee728b)
Start importing Assets/Roguelike2D/ExtendedVersion/Themes/Sand/SandLevelItems.asset using Guid(54b69a971b479a747af6237319a250dc) Importer(815301076,1909f56bfc062723c751e8b465ee728b) (PreviewImporter) -> (artifact id: '8acaaf0118aa5c3fa54dfa03d39d9b44') in 0.0042661 seconds
Number of updated asset objects reloaded before import = 0Number of asset objects unloaded after import = 16

========================================================================
Received Import Request.
  Time since last request: 0.000017 seconds.
  path: Assets/Roguelike2D/ExtendedVersion/Themes/Sand/SandTheme.asset
  artifactKey: Guid(61ed49e1faa22184297b93d85acea32f) Importer(815301076,1909f56bfc062723c751e8b465ee728b)
Start importing Assets/Roguelike2D/ExtendedVersion/Themes/Sand/SandTheme.asset using Guid(61ed49e1faa22184297b93d85acea32f) Importer(815301076,1909f56bfc062723c751e8b465ee728b) (PreviewImporter) -> (artifact id: 'e0235f0e0138794c34913b4b920a8ef7') in 0.0098281 seconds
Number of updated asset objects reloaded before import = 0Number of asset objects unloaded after import = 62

========================================================================
Received Import Request.
  Time since last request: 37.938451 seconds.
  path: Assets/Roguelike2D/ExtendedVersion/Themes/AI/Tiles/Assets_SpriteSheet3_0 2.asset
  artifactKey: Guid(f9e662c6f179cfe47bc39b143592fdd5) Importer(815301076,1909f56bfc062723c751e8b465ee728b)
Start importing Assets/Roguelike2D/ExtendedVersion/Themes/AI/Tiles/Assets_SpriteSheet3_0 2.asset using Guid(f9e662c6f179cfe47bc39b143592fdd5) Importer(815301076,1909f56bfc062723c751e8b465ee728b) (PreviewImporter) -> (artifact id: 'ae01a6abfac402df12c92fcc01db548d') in 0.1117734 seconds
Number of updated asset objects reloaded before import = 0Number of asset objects unloaded after import = 3

========================================================================
Received Import Request.
  Time since last request: 0.000039 seconds.
  path: Assets/Roguelike2D/ExtendedVersion/Themes/AI/Tiles/Scavengers2_SpriteSheet_28 1.asset
  artifactKey: Guid(657feeabc33124645924556033a4b8ba) Importer(815301076,1909f56bfc062723c751e8b465ee728b)
Start importing Assets/Roguelike2D/ExtendedVersion/Themes/AI/Tiles/Scavengers2_SpriteSheet_28 1.asset using Guid(657feeabc33124645924556033a4b8ba) Importer(815301076,1909f56bfc062723c751e8b465ee728b) (PreviewImporter) -> (artifact id: '1520a9bf06bd6c6c3c09ac50cf5c3cad') in 0.0148337 seconds
Number of updated asset objects reloaded before import = 0Number of asset objects unloaded after import = 3

========================================================================
Received Import Request.
  Time since last request: 0.000036 seconds.
  path: Assets/Roguelike2D/ExtendedVersion/Themes/AI/Tiles/Assets_SpriteSheet3_0 3.asset
  artifactKey: Guid(b7afd4c26bf6c59479e507a09e157e4e) Importer(815301076,1909f56bfc062723c751e8b465ee728b)
Start importing Assets/Roguelike2D/ExtendedVersion/Themes/AI/Tiles/Assets_SpriteSheet3_0 3.asset using Guid(b7afd4c26bf6c59479e507a09e157e4e) Importer(815301076,1909f56bfc062723c751e8b465ee728b) (PreviewImporter) -> (artifact id: '8c0799c60f421a4ca4fbf9009d9b854f') in 0.0155957 seconds
Number of updated asset objects reloaded before import = 0Number of asset objects unloaded after import = 3

========================================================================
Received Import Request.
  Time since last request: 0.000035 seconds.
  path: Assets/Roguelike2D/ExtendedVersion/Themes/AI/Tiles/Scavengers2_SpriteSheet_29 1.asset
  artifactKey: Guid(cdcd48ebe20211d4aa9fc56be2a82e1f) Importer(815301076,1909f56bfc062723c751e8b465ee728b)
Start importing Assets/Roguelike2D/ExtendedVersion/Themes/AI/Tiles/Scavengers2_SpriteSheet_29 1.asset using Guid(cdcd48ebe20211d4aa9fc56be2a82e1f) Importer(815301076,1909f56bfc062723c751e8b465ee728b) (PreviewImporter) -> (artifact id: 'ab098eff1a051fcf3ce406f86c7bb459') in 0.0151187 seconds
Number of updated asset objects reloaded before import = 0Number of asset objects unloaded after import = 3

========================================================================
Received Import Request.
  Time since last request: 0.000023 seconds.
  path: Assets/Roguelike2D/ExtendedVersion/Themes/AI/Tiles/Scavengers2_SpriteSheet_38 1.asset
  artifactKey: Guid(610d07a1bc8ab3741aefcd7758a173b7) Importer(815301076,1909f56bfc062723c751e8b465ee728b)
Start importing Assets/Roguelike2D/ExtendedVersion/Themes/AI/Tiles/Scavengers2_SpriteSheet_38 1.asset using Guid(610d07a1bc8ab3741aefcd7758a173b7) Importer(815301076,1909f56bfc062723c751e8b465ee728b) (PreviewImporter) -> (artifact id: '70e763a98e55e7393419bc9497dc23d1') in 0.014201 seconds
Number of updated asset objects reloaded before import = 0Number of asset objects unloaded after import = 3

========================================================================
Received Import Request.
  Time since last request: 0.000023 seconds.
  path: Assets/Roguelike2D/ExtendedVersion/Themes/AI/Tiles/Scavengers2_SpriteSheet_37 1.asset
  artifactKey: Guid(8da604e1d5409e24aa3ae09bea596c5b) Importer(815301076,1909f56bfc062723c751e8b465ee728b)
Start importing Assets/Roguelike2D/ExtendedVersion/Themes/AI/Tiles/Scavengers2_SpriteSheet_37 1.asset using Guid(8da604e1d5409e24aa3ae09bea596c5b) Importer(815301076,1909f56bfc062723c751e8b465ee728b) (PreviewImporter) -> (artifact id: '871fc864b011712b8237805a88e99871') in 0.0133578 seconds
Number of updated asset objects reloaded before import = 0Number of asset objects unloaded after import = 3

========================================================================
Received Import Request.
  Time since last request: 0.000028 seconds.
  path: Assets/Roguelike2D/ExtendedVersion/Themes/AI/Tiles/Scavengers2_SpriteSheet_33 1.asset
  artifactKey: Guid(1a010a93ba9b41345855798c83327b96) Importer(815301076,1909f56bfc062723c751e8b465ee728b)
Start importing Assets/Roguelike2D/ExtendedVersion/Themes/AI/Tiles/Scavengers2_SpriteSheet_33 1.asset using Guid(1a010a93ba9b41345855798c83327b96) Importer(815301076,1909f56bfc062723c751e8b465ee728b) (PreviewImporter) -> (artifact id: '3e17b87389cc82368d9ad08b0e4a01bc') in 0.0141244 seconds
Number of updated asset objects reloaded before import = 0Number of asset objects unloaded after import = 3

========================================================================
Received Import Request.
  Time since last request: 0.000043 seconds.
  path: Assets/Roguelike2D/ExtendedVersion/Themes/AI/Tiles/Scavengers2_SpriteSheet_39 2.asset
  artifactKey: Guid(3f65f69629546574585d463b2f0f31d7) Importer(815301076,1909f56bfc062723c751e8b465ee728b)
Start importing Assets/Roguelike2D/ExtendedVersion/Themes/AI/Tiles/Scavengers2_SpriteSheet_39 2.asset using Guid(3f65f69629546574585d463b2f0f31d7) Importer(815301076,1909f56bfc062723c751e8b465ee728b) (PreviewImporter) -> (artifact id: '3e7b802e7ca5ffdd263f6edc004b7991') in 0.0143895 seconds
Number of updated asset objects reloaded before import = 0Number of asset objects unloaded after import = 3

========================================================================
Received Import Request.
  Time since last request: 125.347517 seconds.
  path: Assets/Roguelike2D/ExtendedVersion/Themes/AI/Tiles/AiTheme_51.asset
  artifactKey: Guid(d46f225e2b7a99b45b5aa2d2c4b4a804) Importer(815301076,1909f56bfc062723c751e8b465ee728b)
Start importing Assets/Roguelike2D/ExtendedVersion/Themes/AI/Tiles/AiTheme_51.asset using Guid(d46f225e2b7a99b45b5aa2d2c4b4a804) Importer(815301076,1909f56bfc062723c751e8b465ee728b) (PreviewImporter) -> (artifact id: '2ea7e93045bab57b0cadeca94c540ae7') in 0.0332971 seconds
Number of updated asset objects reloaded before import = 0Number of asset objects unloaded after import = 3

========================================================================
Received Import Request.
  Time since last request: 0.000021 seconds.
  path: Assets/Roguelike2D/ExtendedVersion/Themes/AI/Tiles/AiTheme_52.asset
  artifactKey: Guid(7dcea1cdd26d7a54097aece897b64bd6) Importer(815301076,1909f56bfc062723c751e8b465ee728b)
Start importing Assets/Roguelike2D/ExtendedVersion/Themes/AI/Tiles/AiTheme_52.asset using Guid(7dcea1cdd26d7a54097aece897b64bd6) Importer(815301076,1909f56bfc062723c751e8b465ee728b) (PreviewImporter) -> (artifact id: '1c02e9aaf4349a7d35bb42b298885303') in 0.0159363 seconds
Number of updated asset objects reloaded before import = 0Number of asset objects unloaded after import = 3

========================================================================
Received Import Request.
  Time since last request: 0.000029 seconds.
  path: Assets/Roguelike2D/ExtendedVersion/Themes/AI/Tiles/AiTheme_55.asset
  artifactKey: Guid(272d15cabc3949f44821004a0ef0b5cf) Importer(815301076,1909f56bfc062723c751e8b465ee728b)
Start importing Assets/Roguelike2D/ExtendedVersion/Themes/AI/Tiles/AiTheme_55.asset using Guid(272d15cabc3949f44821004a0ef0b5cf) Importer(815301076,1909f56bfc062723c751e8b465ee728b) (PreviewImporter) -> (artifact id: '937a05989f8d42eb04cc2fcf5bcf9182') in 0.014575 seconds
Number of updated asset objects reloaded before import = 0Number of asset objects unloaded after import = 3

========================================================================
Received Import Request.
  Time since last request: 0.000019 seconds.
  path: Assets/Roguelike2D/ExtendedVersion/Themes/AI/Tiles/AiTheme_53.asset
  artifactKey: Guid(1a1cc210e28357d44af895e77fbf922e) Importer(815301076,1909f56bfc062723c751e8b465ee728b)
Start importing Assets/Roguelike2D/ExtendedVersion/Themes/AI/Tiles/AiTheme_53.asset using Guid(1a1cc210e28357d44af895e77fbf922e) Importer(815301076,1909f56bfc062723c751e8b465ee728b) (PreviewImporter) -> (artifact id: '1dce0881cbaf6a7f3b87c2b88053594b') in 0.014239 seconds
Number of updated asset objects reloaded before import = 0Number of asset objects unloaded after import = 3

========================================================================
Received Import Request.
  Time since last request: 46.673776 seconds.
  path: Assets/Roguelike2D/ExtendedVersion/Themes/AI/Tiles/AiTheme_29.asset
  artifactKey: Guid(6b4e5c21a1f347342b6e7ed3348d03b0) Importer(815301076,1909f56bfc062723c751e8b465ee728b)
Start importing Assets/Roguelike2D/ExtendedVersion/Themes/AI/Tiles/AiTheme_29.asset using Guid(6b4e5c21a1f347342b6e7ed3348d03b0) Importer(815301076,1909f56bfc062723c751e8b465ee728b) (PreviewImporter) -> (artifact id: 'e7b2a7af306cdf339012768c92dae721') in 0.0132587 seconds
Number of updated asset objects reloaded before import = 0Number of asset objects unloaded after import = 3

========================================================================
Received Import Request.
  Time since last request: 0.000021 seconds.
  path: Assets/Roguelike2D/ExtendedVersion/Themes/AI/Tiles/AiTheme_35.asset
  artifactKey: Guid(91e7555204be6d34fbc4ecc71cdad348) Importer(815301076,1909f56bfc062723c751e8b465ee728b)
Start importing Assets/Roguelike2D/ExtendedVersion/Themes/AI/Tiles/AiTheme_35.asset using Guid(91e7555204be6d34fbc4ecc71cdad348) Importer(815301076,1909f56bfc062723c751e8b465ee728b) (PreviewImporter) -> (artifact id: '852a0eb13c3e82fc007a47f8c0f8b0ca') in 0.0156538 seconds
Number of updated asset objects reloaded before import = 0Number of asset objects unloaded after import = 3

========================================================================
Received Import Request.
  Time since last request: 0.000023 seconds.
  path: Assets/Roguelike2D/ExtendedVersion/Themes/AI/Tiles/AiTheme_39.asset
  artifactKey: Guid(7e8d67d5095412f47acc199209e220bb) Importer(815301076,1909f56bfc062723c751e8b465ee728b)
Start importing Assets/Roguelike2D/ExtendedVersion/Themes/AI/Tiles/AiTheme_39.asset using Guid(7e8d67d5095412f47acc199209e220bb) Importer(815301076,1909f56bfc062723c751e8b465ee728b) (PreviewImporter) -> (artifact id: '970d78f16121fecce5a2fc9407ca8992') in 0.0119932 seconds
Number of updated asset objects reloaded before import = 0Number of asset objects unloaded after import = 3

========================================================================
Received Import Request.
  Time since last request: 0.000037 seconds.
  path: Assets/Roguelike2D/ExtendedVersion/Themes/AI/Tiles/AiTheme_38.asset
  artifactKey: Guid(a51b27ede186f184ebf418bbc58099ce) Importer(815301076,1909f56bfc062723c751e8b465ee728b)
Start importing Assets/Roguelike2D/ExtendedVersion/Themes/AI/Tiles/AiTheme_38.asset using Guid(a51b27ede186f184ebf418bbc58099ce) Importer(815301076,1909f56bfc062723c751e8b465ee728b) (PreviewImporter) -> (artifact id: '913cbdc953ccc3a9889d8660ac1b47a6') in 0.0149281 seconds
Number of updated asset objects reloaded before import = 0Number of asset objects unloaded after import = 3

========================================================================
Received Import Request.
  Time since last request: 16.742616 seconds.
  path: Assets/Roguelike2D/ExtendedVersion/Themes/Sand/Tiles/Assets_SpriteSheet3_0 1.asset
  artifactKey: Guid(0613f5f7a09d6a9488ed628a0a293e2c) Importer(815301076,1909f56bfc062723c751e8b465ee728b)
Start importing Assets/Roguelike2D/ExtendedVersion/Themes/Sand/Tiles/Assets_SpriteSheet3_0 1.asset using Guid(0613f5f7a09d6a9488ed628a0a293e2c) Importer(815301076,1909f56bfc062723c751e8b465ee728b) (PreviewImporter) -> (artifact id: 'dd8e18e5edeacfc4f6b8ba45b416e281') in 0.0067558 seconds
Number of updated asset objects reloaded before import = 0Number of asset objects unloaded after import = 3

========================================================================
Received Import Request.
  Time since last request: 0.000023 seconds.
  path: Assets/Roguelike2D/ExtendedVersion/Themes/Sand/Tiles/Scavengers2_SpriteSheet_33 1.asset
  artifactKey: Guid(409199884dfdd3140ae84daf6c142875) Importer(815301076,1909f56bfc062723c751e8b465ee728b)
Start importing Assets/Roguelike2D/ExtendedVersion/Themes/Sand/Tiles/Scavengers2_SpriteSheet_33 1.asset using Guid(409199884dfdd3140ae84daf6c142875) Importer(815301076,1909f56bfc062723c751e8b465ee728b) (PreviewImporter) -> (artifact id: '5b024864d018998ab96585753e45080f') in 0.0133323 seconds
Number of updated asset objects reloaded before import = 0Number of asset objects unloaded after import = 3

========================================================================
Received Import Request.
  Time since last request: 0.000024 seconds.
  path: Assets/Roguelike2D/ExtendedVersion/Themes/Urban/Tiles/Scavengers_SpriteSheet_36.asset
  artifactKey: Guid(ea611e42343384031944d1d4ae227843) Importer(815301076,1909f56bfc062723c751e8b465ee728b)
Start importing Assets/Roguelike2D/ExtendedVersion/Themes/Urban/Tiles/Scavengers_SpriteSheet_36.asset using Guid(ea611e42343384031944d1d4ae227843) Importer(815301076,1909f56bfc062723c751e8b465ee728b) (PreviewImporter) -> (artifact id: 'd2d112c4c94b2abfb43047b6284f7530') in 0.0145879 seconds
Number of updated asset objects reloaded before import = 0Number of asset objects unloaded after import = 3

========================================================================
Received Import Request.
  Time since last request: 0.000042 seconds.
  path: Assets/Roguelike2D/ExtendedVersion/Themes/Snow/Tiles/Scavengers2_SpriteSheet_32.asset
  artifactKey: Guid(75f687ca32e872e4b8f667b5b515492d) Importer(815301076,1909f56bfc062723c751e8b465ee728b)
Start importing Assets/Roguelike2D/ExtendedVersion/Themes/Snow/Tiles/Scavengers2_SpriteSheet_32.asset using Guid(75f687ca32e872e4b8f667b5b515492d) Importer(815301076,1909f56bfc062723c751e8b465ee728b) (PreviewImporter) -> (artifact id: '768b41bed248cc877d40b1202cfbb70f') in 0.0143585 seconds
Number of updated asset objects reloaded before import = 0Number of asset objects unloaded after import = 3

========================================================================
Received Import Request.
  Time since last request: 0.000033 seconds.
  path: Assets/Roguelike2D/ExtendedVersion/Themes/Sand/Tiles/Scavengers2_SpriteSheet_32 1.asset
  artifactKey: Guid(d8b3ca7cd5a28f74695dcbfa61cc4800) Importer(815301076,1909f56bfc062723c751e8b465ee728b)
Start importing Assets/Roguelike2D/ExtendedVersion/Themes/Sand/Tiles/Scavengers2_SpriteSheet_32 1.asset using Guid(d8b3ca7cd5a28f74695dcbfa61cc4800) Importer(815301076,1909f56bfc062723c751e8b465ee728b) (PreviewImporter) -> (artifact id: '208ffb6a6cbe65a73262873d9305ae86') in 0.0079015 seconds
Number of updated asset objects reloaded before import = 0Number of asset objects unloaded after import = 3

========================================================================
Received Import Request.
  Time since last request: 0.000023 seconds.
  path: Assets/Roguelike2D/ExtendedVersion/Themes/Snow/Tiles/Scavengers2_SpriteSheet_36.asset
  artifactKey: Guid(ce04a046997c2574a86e97339cc5eb8f) Importer(815301076,1909f56bfc062723c751e8b465ee728b)
Start importing Assets/Roguelike2D/ExtendedVersion/Themes/Snow/Tiles/Scavengers2_SpriteSheet_36.asset using Guid(ce04a046997c2574a86e97339cc5eb8f) Importer(815301076,1909f56bfc062723c751e8b465ee728b) (PreviewImporter) -> (artifact id: 'fb0b40dbd3cda54ae2ec4bbb5f0c8081') in 0.0184597 seconds
Number of updated asset objects reloaded before import = 0Number of asset objects unloaded after import = 3

========================================================================
Received Import Request.
  Time since last request: 0.000018 seconds.
  path: Assets/Roguelike2D/ExtendedVersion/Themes/Urban/Tiles/Scavengers_SpriteSheet_25.asset
  artifactKey: Guid(14eb1a0af58c0462488d297cd291e0af) Importer(815301076,1909f56bfc062723c751e8b465ee728b)
Start importing Assets/Roguelike2D/ExtendedVersion/Themes/Urban/Tiles/Scavengers_SpriteSheet_25.asset using Guid(14eb1a0af58c0462488d297cd291e0af) Importer(815301076,1909f56bfc062723c751e8b465ee728b) (PreviewImporter) -> (artifact id: 'e535113177c49c93d5246f3c2cf5c026') in 0.0145191 seconds
Number of updated asset objects reloaded before import = 0Number of asset objects unloaded after import = 3

========================================================================
Received Import Request.
  Time since last request: 0.000023 seconds.
  path: Assets/Roguelike2D/ExtendedVersion/Themes/Urban/Tiles/Scavengers_SpriteSheet_30.asset
  artifactKey: Guid(d6a562049bec7174f8ea34c37f0b0563) Importer(815301076,1909f56bfc062723c751e8b465ee728b)
Start importing Assets/Roguelike2D/ExtendedVersion/Themes/Urban/Tiles/Scavengers_SpriteSheet_30.asset using Guid(d6a562049bec7174f8ea34c37f0b0563) Importer(815301076,1909f56bfc062723c751e8b465ee728b) (PreviewImporter) -> (artifact id: '850a8a7e3a947cb0f5ab57a0e68bd0eb') in 0.0135892 seconds
Number of updated asset objects reloaded before import = 0Number of asset objects unloaded after import = 3

========================================================================
Received Import Request.
  Time since last request: 0.000030 seconds.
  path: Assets/Roguelike2D/ExtendedVersion/Themes/Sand/Tiles/Assets_SpriteSheet3_1 1.asset
  artifactKey: Guid(623b20137a9363947b8d633bf805f150) Importer(815301076,1909f56bfc062723c751e8b465ee728b)
Start importing Assets/Roguelike2D/ExtendedVersion/Themes/Sand/Tiles/Assets_SpriteSheet3_1 1.asset using Guid(623b20137a9363947b8d633bf805f150) Importer(815301076,1909f56bfc062723c751e8b465ee728b) (PreviewImporter) -> (artifact id: '37339281972bf541c62ce6171ff3d8f9') in 0.006852 seconds
Number of updated asset objects reloaded before import = 0Number of asset objects unloaded after import = 3

========================================================================
Received Import Request.
  Time since last request: 0.000021 seconds.
  path: Assets/Roguelike2D/ExtendedVersion/Themes/Sand/Tiles/Scavengers2_SpriteSheet_39 1.asset
  artifactKey: Guid(41c306239ac8cc04c9e109b9eda8973e) Importer(815301076,1909f56bfc062723c751e8b465ee728b)
Start importing Assets/Roguelike2D/ExtendedVersion/Themes/Sand/Tiles/Scavengers2_SpriteSheet_39 1.asset using Guid(41c306239ac8cc04c9e109b9eda8973e) Importer(815301076,1909f56bfc062723c751e8b465ee728b) (PreviewImporter) -> (artifact id: '76480785b673f02378d648e703d8b6b0') in 0.0250754 seconds
Number of updated asset objects reloaded before import = 0Number of asset objects unloaded after import = 3

========================================================================
Received Import Request.
  Time since last request: 0.000020 seconds.
  path: Assets/Roguelike2D/ExtendedVersion/Themes/Urban/Tiles/Scavengers_SpriteSheet_29.asset
  artifactKey: Guid(f2f9e234d3797f54781ecd2ce0958783) Importer(815301076,1909f56bfc062723c751e8b465ee728b)
Start importing Assets/Roguelike2D/ExtendedVersion/Themes/Urban/Tiles/Scavengers_SpriteSheet_29.asset using Guid(f2f9e234d3797f54781ecd2ce0958783) Importer(815301076,1909f56bfc062723c751e8b465ee728b) (PreviewImporter) -> (artifact id: '6ab5170b13f410721c0fdc184adda2eb') in 0.0134316 seconds
Number of updated asset objects reloaded before import = 0Number of asset objects unloaded after import = 3

========================================================================
Received Import Request.
  Time since last request: 0.000020 seconds.
  path: Assets/Roguelike2D/ExtendedVersion/Themes/Sand/Tiles/Scavengers2_SpriteSheet_36 1.asset
  artifactKey: Guid(31bf371fdb0a49a4ab6e6ffd75f56799) Importer(815301076,1909f56bfc062723c751e8b465ee728b)
Start importing Assets/Roguelike2D/ExtendedVersion/Themes/Sand/Tiles/Scavengers2_SpriteSheet_36 1.asset using Guid(31bf371fdb0a49a4ab6e6ffd75f56799) Importer(815301076,1909f56bfc062723c751e8b465ee728b) (PreviewImporter) -> (artifact id: 'b180adac8013dba52f9efc03210c9006') in 0.0067278 seconds
Number of updated asset objects reloaded before import = 0Number of asset objects unloaded after import = 3

========================================================================
Received Import Request.
  Time since last request: 0.000025 seconds.
  path: Assets/Roguelike2D/ExtendedVersion/Themes/Snow/Tiles/Scavengers2_SpriteSheet_37.asset
  artifactKey: Guid(7d5240f597d970a4aa7bdf9aeaa0d8fa) Importer(815301076,1909f56bfc062723c751e8b465ee728b)
Start importing Assets/Roguelike2D/ExtendedVersion/Themes/Snow/Tiles/Scavengers2_SpriteSheet_37.asset using Guid(7d5240f597d970a4aa7bdf9aeaa0d8fa) Importer(815301076,1909f56bfc062723c751e8b465ee728b) (PreviewImporter) -> (artifact id: '29c9099c88be47698e32a92fe43cca78') in 0.0135104 seconds
Number of updated asset objects reloaded before import = 0Number of asset objects unloaded after import = 3

========================================================================
Received Import Request.
  Time since last request: 0.000032 seconds.
  path: Assets/Roguelike2D/ExtendedVersion/Themes/Urban/Tiles/Scavengers_SpriteSheet_35.asset
  artifactKey: Guid(8a46951dfff2d4943865fd6207fb8288) Importer(815301076,1909f56bfc062723c751e8b465ee728b)
Start importing Assets/Roguelike2D/ExtendedVersion/Themes/Urban/Tiles/Scavengers_SpriteSheet_35.asset using Guid(8a46951dfff2d4943865fd6207fb8288) Importer(815301076,1909f56bfc062723c751e8b465ee728b) (PreviewImporter) -> (artifact id: '0d324f5079bdc44a0a3a0335c67202bc') in 0.0142861 seconds
Number of updated asset objects reloaded before import = 0Number of asset objects unloaded after import = 3

========================================================================
Received Import Request.
  Time since last request: 0.000018 seconds.
  path: Assets/Roguelike2D/ExtendedVersion/Themes/Urban/Tiles/Scavengers_SpriteSheet_34.asset
  artifactKey: Guid(95d6f8a100dd4490a80d35a645211d75) Importer(815301076,1909f56bfc062723c751e8b465ee728b)
Start importing Assets/Roguelike2D/ExtendedVersion/Themes/Urban/Tiles/Scavengers_SpriteSheet_34.asset using Guid(95d6f8a100dd4490a80d35a645211d75) Importer(815301076,1909f56bfc062723c751e8b465ee728b) (PreviewImporter) -> (artifact id: '8c8d53b70b3a8f9c79d75b844f78f4c2') in 0.0153602 seconds
Number of updated asset objects reloaded before import = 0Number of asset objects unloaded after import = 3

Editor requested this worker to shutdown with reason: Scaling down because of idle timeout
AssetImportWorker is now disconnected from the server
Process exiting
Exiting without the bug reporter. Application will terminate with return code 0