Using pre-set license
Built from '6000.0/staging' branch; Version is '6000.0.31f1 (a206c360e2a8) revision 10618563'; Using compiler version '193933523'; Build Type 'Release'
OS: 'Windows 11  (10.0.22631) 64bit Professional' Language: 'en' Physical Memory: 16306 MB
BatchMode: 1, IsHumanControllingUs: 0, StartBugReporterOnCrash: 0, Is64bit: 1, IsPro: 1

COMMAND LINE ARGUMENTS:
D:\Development\Unirty Hub\Editor\6000.0.31f1\Editor\Unity.exe
-adb2
-batchMode
-noUpm
-name
AssetImportWorker6
-projectPath
D:/Development/Unirty Hub/Projects/aiGamesFix/Ai assisted roguelike
-logFile
Logs/AssetImportWorker6.log
-srvPort
53312
-job-worker-count
5
-background-job-worker-count
8
-gc-helper-count
1
Successfully changed project path to: D:/Development/Unirty Hub/Projects/aiGamesFix/Ai assisted roguelike
D:/Development/Unirty Hub/Projects/aiGamesFix/Ai assisted roguelike
[UnityMemory] Configuration Parameters - Can be set up in boot.config
    "memorysetup-bucket-allocator-granularity=16"
    "memorysetup-bucket-allocator-bucket-count=8"
    "memorysetup-bucket-allocator-block-size=33554432"
    "memorysetup-bucket-allocator-block-count=8"
    "memorysetup-main-allocator-block-size=16777216"
    "memorysetup-thread-allocator-block-size=16777216"
    "memorysetup-gfx-main-allocator-block-size=16777216"
    "memorysetup-gfx-thread-allocator-block-size=16777216"
    "memorysetup-cache-allocator-block-size=4194304"
    "memorysetup-typetree-allocator-block-size=2097152"
    "memorysetup-profiler-bucket-allocator-granularity=16"
    "memorysetup-profiler-bucket-allocator-bucket-count=8"
    "memorysetup-profiler-bucket-allocator-block-size=33554432"
    "memorysetup-profiler-bucket-allocator-block-count=8"
    "memorysetup-profiler-allocator-block-size=16777216"
    "memorysetup-profiler-editor-allocator-block-size=1048576"
    "memorysetup-temp-allocator-size-main=16777216"
    "memorysetup-job-temp-allocator-block-size=2097152"
    "memorysetup-job-temp-allocator-block-size-background=1048576"
    "memorysetup-job-temp-allocator-reduction-small-platforms=262144"
    "memorysetup-allocator-temp-initial-block-size-main=262144"
    "memorysetup-allocator-temp-initial-block-size-worker=262144"
    "memorysetup-temp-allocator-size-background-worker=32768"
    "memorysetup-temp-allocator-size-job-worker=262144"
    "memorysetup-temp-allocator-size-preload-manager=33554432"
    "memorysetup-temp-allocator-size-nav-mesh-worker=65536"
    "memorysetup-temp-allocator-size-audio-worker=65536"
    "memorysetup-temp-allocator-size-cloud-worker=32768"
    "memorysetup-temp-allocator-size-gi-baking-worker=262144"
    "memorysetup-temp-allocator-size-gi-baking-worker=262144"
    "memorysetup-temp-allocator-size-gi-baking-worker=262144"
    "memorysetup-temp-allocator-size-gi-baking-worker=262144"
    "memorysetup-temp-allocator-size-gi-baking-worker=262144"
    "memorysetup-temp-allocator-size-gfx=262144"
Player connection [10028]  Target information:

Player connection [10028]  * "[IP] 192.168.0.110 [Port] 0 [Flags] 2 [Guid] 2518959063 [EditorId] 2518959063 [Version] 1048832 [Id] WindowsEditor(7,deskh-toph) [Debug] 1 [PackageName] WindowsEditor [ProjectName] Editor" 

Player connection [10028] Host joined multi-casting on [225.0.0.222:54997]...
Player connection [10028] Host joined alternative multi-casting on [225.0.0.222:34997]...
JobSystem: Creating JobQueue using job-worker-count value 5
[Physics::Module] Initialized fallback backend.
[Physics::Module] Id: 0xdecafbad
Library Redirect Path: Library/
[Physics::Module] Selected backend.
[Physics::Module] Name: PhysX
[Physics::Module] Id: 0xf2b8ea05
[Physics::Module] SDK Version: 4.1.2
[Physics::Module] Integration Version: 1.0.0
[Physics::Module] Threading Mode: Multi-Threaded
Refreshing native plugins compatible for Editor in 3.39 ms, found 4 plugins.
Preloading 0 native plugins for Editor in 0.00 ms.
Initialize engine version: 6000.0.31f1 (a206c360e2a8)
[Subsystems] Discovering subsystems at path D:/Development/Unirty Hub/Editor/6000.0.31f1/Editor/Data/Resources/UnitySubsystems
[Subsystems] Discovering subsystems at path D:/Development/Unirty Hub/Projects/aiGamesFix/Ai assisted roguelike/Assets
GfxDevice: creating device client; kGfxThreadingModeNonThreaded
Direct3D:
    Version:  Direct3D 11.0 [level 11.1]
    Renderer: NVIDIA GeForce RTX 3060 Ti (ID=0x24c9)
    Vendor:   NVIDIA
    VRAM:     8024 MB
    Driver:   32.0.15.6636
Initialize mono
Mono path[0] = 'D:/Development/Unirty Hub/Editor/6000.0.31f1/Editor/Data/Managed'
Mono path[1] = 'D:/Development/Unirty Hub/Editor/6000.0.31f1/Editor/Data/MonoBleedingEdge/lib/mono/unityjit-win32'
Mono config path = 'D:/Development/Unirty Hub/Editor/6000.0.31f1/Editor/Data/MonoBleedingEdge/etc'
Using monoOptions --debugger-agent=transport=dt_socket,embedding=1,server=y,suspend=n,address=127.0.0.1:56176
Begin MonoManager ReloadAssembly
Registering precompiled unity dll's ...
Register platform support module: D:/Development/Unirty Hub/Editor/6000.0.31f1/Editor/Data/PlaybackEngines/WebGLSupport/UnityEditor.WebGL.Extensions.dll
Register platform support module: D:/Development/Unirty Hub/Editor/6000.0.31f1/Editor/Data/PlaybackEngines/WindowsStandaloneSupport/UnityEditor.WindowsStandalone.Extensions.dll
Registered in 0.004068 seconds.
- Loaded All Assemblies, in  0.454 seconds
Native extension for WindowsStandalone target not found
Native extension for WebGL target not found
Mono: successfully reloaded assembly
- Finished resetting the current domain, in  0.343 seconds
Domain Reload Profiling: 797ms
	BeginReloadAssembly (168ms)
		ExecutionOrderSort (0ms)
		DisableScriptedObjects (0ms)
		BackupInstance (0ms)
		ReleaseScriptingObjects (0ms)
		CreateAndSetChildDomain (1ms)
	RebuildCommonClasses (43ms)
	RebuildNativeTypeToScriptingClass (14ms)
	initialDomainReloadingComplete (49ms)
	LoadAllAssembliesAndSetupDomain (180ms)
		LoadAssemblies (168ms)
		RebuildTransferFunctionScriptingTraits (0ms)
		AnalyzeDomain (176ms)
			TypeCache.Refresh (174ms)
				TypeCache.ScanAssembly (159ms)
			BuildScriptInfoCaches (0ms)
			ResolveRequiredComponents (1ms)
	FinalizeReload (343ms)
		ReleaseScriptCaches (0ms)
		RebuildScriptCaches (0ms)
		SetupLoadedEditorAssemblies (295ms)
			LogAssemblyErrors (0ms)
			InitializePlatformSupportModulesInManaged (29ms)
			SetLoadedEditorAssemblies (4ms)
			BeforeProcessingInitializeOnLoad (54ms)
			ProcessInitializeOnLoadAttributes (152ms)
			ProcessInitializeOnLoadMethodAttributes (56ms)
			AfterProcessingInitializeOnLoad (0ms)
			EditorAssembliesLoaded (0ms)
		ExecutionOrderSort2 (0ms)
		AwakeInstancesAfterBackupRestoration (0ms)
Assembly reference Packages/com.unity.cinemachine/Editor/Samples/ExposeHDRPInternals/HDRP-Editor-ref.asmref has no target assembly definition
========================================================================
Worker process is ready to serve import requests
Import Worker Mode flag is 0x00
Assembly reference Packages/com.unity.cinemachine/Editor/Samples/ExposeHDRPInternals/HDRP-Editor-ref.asmref has no target assembly definition
Assembly reference Packages/com.unity.cinemachine/Editor/Samples/ExposeHDRPInternals/HDRP-Editor-ref.asmref has no target assembly definition
Begin MonoManager ReloadAssembly
- Loaded All Assemblies, in  0.950 seconds
Assembly reference Packages/com.unity.cinemachine/Editor/Samples/ExposeHDRPInternals/HDRP-Editor-ref.asmref has no target assembly definition
Refreshing native plugins compatible for Editor in 2.00 ms, found 4 plugins.
Native extension for WindowsStandalone target not found
Native extension for WebGL target not found
Assembly reference Packages/com.unity.cinemachine/Editor/Samples/ExposeHDRPInternals/HDRP-Editor-ref.asmref has no target assembly definition
Package Manager log level set to [2]
[Package Manager] Failed to launch server process. Reason: Unity was launched with the -noUpm command-line argument
[Package Manager] Unable to send message (not connected to server process).
[Package Manager] Cannot connect to Unity Package Manager local server
Mono: successfully reloaded assembly
- Finished resetting the current domain, in  1.147 seconds
Domain Reload Profiling: 2096ms
	BeginReloadAssembly (210ms)
		ExecutionOrderSort (0ms)
		DisableScriptedObjects (6ms)
		BackupInstance (0ms)
		ReleaseScriptingObjects (0ms)
		CreateAndSetChildDomain (35ms)
	RebuildCommonClasses (43ms)
	RebuildNativeTypeToScriptingClass (14ms)
	initialDomainReloadingComplete (38ms)
	LoadAllAssembliesAndSetupDomain (643ms)
		LoadAssemblies (427ms)
		RebuildTransferFunctionScriptingTraits (0ms)
		AnalyzeDomain (353ms)
			TypeCache.Refresh (227ms)
				TypeCache.ScanAssembly (209ms)
			BuildScriptInfoCaches (107ms)
			ResolveRequiredComponents (14ms)
	FinalizeReload (1147ms)
		ReleaseScriptCaches (0ms)
		RebuildScriptCaches (0ms)
		SetupLoadedEditorAssemblies (992ms)
			LogAssemblyErrors (0ms)
			InitializePlatformSupportModulesInManaged (3ms)
			SetLoadedEditorAssemblies (6ms)
			BeforeProcessingInitializeOnLoad (120ms)
			ProcessInitializeOnLoadAttributes (742ms)
			ProcessInitializeOnLoadMethodAttributes (119ms)
			AfterProcessingInitializeOnLoad (2ms)
			EditorAssembliesLoaded (0ms)
		ExecutionOrderSort2 (0ms)
		AwakeInstancesAfterBackupRestoration (8ms)
Launched and connected shader compiler UnityShaderCompiler.exe after 0.04 seconds
Refreshing native plugins compatible for Editor in 2.09 ms, found 4 plugins.
Preloading 0 native plugins for Editor in 0.00 ms.
Unloading 206 Unused Serialized files (Serialized files now loaded: 0)
Unloading 6938 unused Assets / (4.3 MB). Loaded Objects now: 7616.
Memory consumption went from 173.3 MB to 169.0 MB.
Total: 9.936600 ms (FindLiveObjects: 1.018200 ms CreateObjectMapping: 0.359700 ms MarkObjects: 5.786300 ms  DeleteObjects: 2.771100 ms)

========================================================================
Received Import Request.
  Time since last request: 5582.581711 seconds.
  path: Assets/Roguelike2D/ExtendedVersion/Themes/AI/AiWorldSettings.asset
  artifactKey: Guid(bd57721eb52276f4dace7b8811812e76) Importer(815301076,1909f56bfc062723c751e8b465ee728b)
Start importing Assets/Roguelike2D/ExtendedVersion/Themes/AI/AiWorldSettings.asset using Guid(bd57721eb52276f4dace7b8811812e76) Importer(815301076,1909f56bfc062723c751e8b465ee728b) (PreviewImporter) -> (artifact id: '58212af1edb307213f62e90dfc25e964') in 0.0434292 seconds
Number of updated asset objects reloaded before import = 0Number of asset objects unloaded after import = 92

========================================================================
Received Prepare
Assembly reference Packages/com.unity.cinemachine/Editor/Samples/ExposeHDRPInternals/HDRP-Editor-ref.asmref has no target assembly definition
Assembly reference Packages/com.unity.cinemachine/Editor/Samples/ExposeHDRPInternals/HDRP-Editor-ref.asmref has no target assembly definition
Begin MonoManager ReloadAssembly
- Loaded All Assemblies, in  0.973 seconds
Assembly reference Packages/com.unity.cinemachine/Editor/Samples/ExposeHDRPInternals/HDRP-Editor-ref.asmref has no target assembly definition
Refreshing native plugins compatible for Editor in 1.89 ms, found 4 plugins.
Native extension for WindowsStandalone target not found
Native extension for WebGL target not found
Assembly reference Packages/com.unity.cinemachine/Editor/Samples/ExposeHDRPInternals/HDRP-Editor-ref.asmref has no target assembly definition
[Package Manager] Failed to launch server process. Reason: Unity was launched with the -noUpm command-line argument
[Package Manager] Unable to send message (not connected to server process).
[Package Manager] Cannot connect to Unity Package Manager local server
Mono: successfully reloaded assembly
- Finished resetting the current domain, in  1.205 seconds
Domain Reload Profiling: 2182ms
	BeginReloadAssembly (270ms)
		ExecutionOrderSort (0ms)
		DisableScriptedObjects (16ms)
		BackupInstance (0ms)
		ReleaseScriptingObjects (0ms)
		CreateAndSetChildDomain (66ms)
	RebuildCommonClasses (41ms)
	RebuildNativeTypeToScriptingClass (15ms)
	initialDomainReloadingComplete (32ms)
	LoadAllAssembliesAndSetupDomain (618ms)
		LoadAssemblies (473ms)
		RebuildTransferFunctionScriptingTraits (0ms)
		AnalyzeDomain (288ms)
			TypeCache.Refresh (8ms)
				TypeCache.ScanAssembly (0ms)
			BuildScriptInfoCaches (261ms)
			ResolveRequiredComponents (14ms)
	FinalizeReload (1206ms)
		ReleaseScriptCaches (0ms)
		RebuildScriptCaches (0ms)
		SetupLoadedEditorAssemblies (963ms)
			LogAssemblyErrors (0ms)
			InitializePlatformSupportModulesInManaged (3ms)
			SetLoadedEditorAssemblies (5ms)
			BeforeProcessingInitializeOnLoad (127ms)
			ProcessInitializeOnLoadAttributes (739ms)
			ProcessInitializeOnLoadMethodAttributes (85ms)
			AfterProcessingInitializeOnLoad (2ms)
			EditorAssembliesLoaded (1ms)
		ExecutionOrderSort2 (0ms)
		AwakeInstancesAfterBackupRestoration (18ms)
Refreshing native plugins compatible for Editor in 2.41 ms, found 4 plugins.
Preloading 0 native plugins for Editor in 0.00 ms.
Unloading 14 Unused Serialized files (Serialized files now loaded: 0)
Unloading 6936 unused Assets / (4.3 MB). Loaded Objects now: 7622.
Memory consumption went from 143.1 MB to 138.7 MB.
Total: 13.027600 ms (FindLiveObjects: 1.425400 ms CreateObjectMapping: 0.479300 ms MarkObjects: 7.272800 ms  DeleteObjects: 3.848000 ms)

Prepare: number of updated asset objects reloaded= 0
========================================================================
Received Prepare
Assembly reference Packages/com.unity.cinemachine/Editor/Samples/ExposeHDRPInternals/HDRP-Editor-ref.asmref has no target assembly definition
Assembly reference Packages/com.unity.cinemachine/Editor/Samples/ExposeHDRPInternals/HDRP-Editor-ref.asmref has no target assembly definition
Begin MonoManager ReloadAssembly
- Loaded All Assemblies, in  0.935 seconds
Assembly reference Packages/com.unity.cinemachine/Editor/Samples/ExposeHDRPInternals/HDRP-Editor-ref.asmref has no target assembly definition
Refreshing native plugins compatible for Editor in 2.28 ms, found 4 plugins.
Native extension for WindowsStandalone target not found
Native extension for WebGL target not found
Assembly reference Packages/com.unity.cinemachine/Editor/Samples/ExposeHDRPInternals/HDRP-Editor-ref.asmref has no target assembly definition
[Package Manager] Failed to launch server process. Reason: Unity was launched with the -noUpm command-line argument
[Package Manager] Unable to send message (not connected to server process).
[Package Manager] Cannot connect to Unity Package Manager local server
Mono: successfully reloaded assembly
- Finished resetting the current domain, in  1.300 seconds
Domain Reload Profiling: 2238ms
	BeginReloadAssembly (269ms)
		ExecutionOrderSort (0ms)
		DisableScriptedObjects (15ms)
		BackupInstance (0ms)
		ReleaseScriptingObjects (0ms)
		CreateAndSetChildDomain (64ms)
	RebuildCommonClasses (49ms)
	RebuildNativeTypeToScriptingClass (15ms)
	initialDomainReloadingComplete (28ms)
	LoadAllAssembliesAndSetupDomain (576ms)
		LoadAssemblies (432ms)
		RebuildTransferFunctionScriptingTraits (0ms)
		AnalyzeDomain (292ms)
			TypeCache.Refresh (9ms)
				TypeCache.ScanAssembly (0ms)
			BuildScriptInfoCaches (265ms)
			ResolveRequiredComponents (14ms)
	FinalizeReload (1301ms)
		ReleaseScriptCaches (0ms)
		RebuildScriptCaches (0ms)
		SetupLoadedEditorAssemblies (1058ms)
			LogAssemblyErrors (0ms)
			InitializePlatformSupportModulesInManaged (3ms)
			SetLoadedEditorAssemblies (6ms)
			BeforeProcessingInitializeOnLoad (125ms)
			ProcessInitializeOnLoadAttributes (834ms)
			ProcessInitializeOnLoadMethodAttributes (87ms)
			AfterProcessingInitializeOnLoad (2ms)
			EditorAssembliesLoaded (0ms)
		ExecutionOrderSort2 (0ms)
		AwakeInstancesAfterBackupRestoration (17ms)
Refreshing native plugins compatible for Editor in 2.77 ms, found 4 plugins.
Preloading 0 native plugins for Editor in 0.00 ms.
Unloading 14 Unused Serialized files (Serialized files now loaded: 0)
Unloading 6936 unused Assets / (4.6 MB). Loaded Objects now: 7624.
Memory consumption went from 143.1 MB to 138.5 MB.
Total: 14.215000 ms (FindLiveObjects: 1.513800 ms CreateObjectMapping: 1.004700 ms MarkObjects: 7.593600 ms  DeleteObjects: 4.100900 ms)

Prepare: number of updated asset objects reloaded= 0
========================================================================
Received Prepare
Assembly reference Packages/com.unity.cinemachine/Editor/Samples/ExposeHDRPInternals/HDRP-Editor-ref.asmref has no target assembly definition
Assembly reference Packages/com.unity.cinemachine/Editor/Samples/ExposeHDRPInternals/HDRP-Editor-ref.asmref has no target assembly definition
Begin MonoManager ReloadAssembly
- Loaded All Assemblies, in  0.935 seconds
Assembly reference Packages/com.unity.cinemachine/Editor/Samples/ExposeHDRPInternals/HDRP-Editor-ref.asmref has no target assembly definition
Refreshing native plugins compatible for Editor in 2.89 ms, found 4 plugins.
Native extension for WindowsStandalone target not found
Native extension for WebGL target not found
Assembly reference Packages/com.unity.cinemachine/Editor/Samples/ExposeHDRPInternals/HDRP-Editor-ref.asmref has no target assembly definition
[Package Manager] Failed to launch server process. Reason: Unity was launched with the -noUpm command-line argument
[Package Manager] Unable to send message (not connected to server process).
[Package Manager] Cannot connect to Unity Package Manager local server
Mono: successfully reloaded assembly
- Finished resetting the current domain, in  1.288 seconds
Domain Reload Profiling: 2227ms
	BeginReloadAssembly (267ms)
		ExecutionOrderSort (0ms)
		DisableScriptedObjects (15ms)
		BackupInstance (0ms)
		ReleaseScriptingObjects (0ms)
		CreateAndSetChildDomain (69ms)
	RebuildCommonClasses (45ms)
	RebuildNativeTypeToScriptingClass (15ms)
	initialDomainReloadingComplete (26ms)
	LoadAllAssembliesAndSetupDomain (584ms)
		LoadAssemblies (431ms)
		RebuildTransferFunctionScriptingTraits (0ms)
		AnalyzeDomain (293ms)
			TypeCache.Refresh (8ms)
				TypeCache.ScanAssembly (0ms)
			BuildScriptInfoCaches (252ms)
			ResolveRequiredComponents (28ms)
	FinalizeReload (1289ms)
		ReleaseScriptCaches (0ms)
		RebuildScriptCaches (0ms)
		SetupLoadedEditorAssemblies (1051ms)
			LogAssemblyErrors (0ms)
			InitializePlatformSupportModulesInManaged (3ms)
			SetLoadedEditorAssemblies (7ms)
			BeforeProcessingInitializeOnLoad (144ms)
			ProcessInitializeOnLoadAttributes (812ms)
			ProcessInitializeOnLoadMethodAttributes (82ms)
			AfterProcessingInitializeOnLoad (2ms)
			EditorAssembliesLoaded (0ms)
		ExecutionOrderSort2 (0ms)
		AwakeInstancesAfterBackupRestoration (13ms)
Refreshing native plugins compatible for Editor in 2.88 ms, found 4 plugins.
Preloading 0 native plugins for Editor in 0.00 ms.
Unloading 14 Unused Serialized files (Serialized files now loaded: 0)
Unloading 6936 unused Assets / (4.3 MB). Loaded Objects now: 7626.
Memory consumption went from 143.1 MB to 138.7 MB.
Total: 13.847100 ms (FindLiveObjects: 1.335900 ms CreateObjectMapping: 0.439000 ms MarkObjects: 8.344000 ms  DeleteObjects: 3.725900 ms)

Prepare: number of updated asset objects reloaded= 0
========================================================================
Received Prepare
Assembly reference Packages/com.unity.cinemachine/Editor/Samples/ExposeHDRPInternals/HDRP-Editor-ref.asmref has no target assembly definition
Assembly reference Packages/com.unity.cinemachine/Editor/Samples/ExposeHDRPInternals/HDRP-Editor-ref.asmref has no target assembly definition
Begin MonoManager ReloadAssembly
- Loaded All Assemblies, in  0.951 seconds
Assembly reference Packages/com.unity.cinemachine/Editor/Samples/ExposeHDRPInternals/HDRP-Editor-ref.asmref has no target assembly definition
Refreshing native plugins compatible for Editor in 2.00 ms, found 4 plugins.
Native extension for WindowsStandalone target not found
Native extension for WebGL target not found
Assembly reference Packages/com.unity.cinemachine/Editor/Samples/ExposeHDRPInternals/HDRP-Editor-ref.asmref has no target assembly definition
[Package Manager] Failed to launch server process. Reason: Unity was launched with the -noUpm command-line argument
[Package Manager] Unable to send message (not connected to server process).
[Package Manager] Cannot connect to Unity Package Manager local server
Mono: successfully reloaded assembly
- Finished resetting the current domain, in  1.269 seconds
Domain Reload Profiling: 2224ms
	BeginReloadAssembly (274ms)
		ExecutionOrderSort (0ms)
		DisableScriptedObjects (15ms)
		BackupInstance (0ms)
		ReleaseScriptingObjects (0ms)
		CreateAndSetChildDomain (72ms)
	RebuildCommonClasses (51ms)
	RebuildNativeTypeToScriptingClass (17ms)
	initialDomainReloadingComplete (32ms)
	LoadAllAssembliesAndSetupDomain (581ms)
		LoadAssemblies (435ms)
		RebuildTransferFunctionScriptingTraits (0ms)
		AnalyzeDomain (285ms)
			TypeCache.Refresh (8ms)
				TypeCache.ScanAssembly (0ms)
			BuildScriptInfoCaches (260ms)
			ResolveRequiredComponents (13ms)
	FinalizeReload (1270ms)
		ReleaseScriptCaches (0ms)
		RebuildScriptCaches (0ms)
		SetupLoadedEditorAssemblies (1018ms)
			LogAssemblyErrors (0ms)
			InitializePlatformSupportModulesInManaged (4ms)
			SetLoadedEditorAssemblies (8ms)
			BeforeProcessingInitializeOnLoad (157ms)
			ProcessInitializeOnLoadAttributes (755ms)
			ProcessInitializeOnLoadMethodAttributes (90ms)
			AfterProcessingInitializeOnLoad (3ms)
			EditorAssembliesLoaded (0ms)
		ExecutionOrderSort2 (0ms)
		AwakeInstancesAfterBackupRestoration (17ms)
Refreshing native plugins compatible for Editor in 2.75 ms, found 4 plugins.
Preloading 0 native plugins for Editor in 0.00 ms.
Unloading 14 Unused Serialized files (Serialized files now loaded: 0)
Unloading 6936 unused Assets / (4.1 MB). Loaded Objects now: 7628.
Memory consumption went from 143.1 MB to 139.0 MB.
Total: 13.765000 ms (FindLiveObjects: 1.848900 ms CreateObjectMapping: 1.140000 ms MarkObjects: 6.847300 ms  DeleteObjects: 3.926600 ms)

Prepare: number of updated asset objects reloaded= 0
========================================================================
Received Prepare
Assembly reference Packages/com.unity.cinemachine/Editor/Samples/ExposeHDRPInternals/HDRP-Editor-ref.asmref has no target assembly definition
Assembly reference Packages/com.unity.cinemachine/Editor/Samples/ExposeHDRPInternals/HDRP-Editor-ref.asmref has no target assembly definition
Begin MonoManager ReloadAssembly
- Loaded All Assemblies, in  0.960 seconds
Assembly reference Packages/com.unity.cinemachine/Editor/Samples/ExposeHDRPInternals/HDRP-Editor-ref.asmref has no target assembly definition
Refreshing native plugins compatible for Editor in 2.26 ms, found 4 plugins.
Native extension for WindowsStandalone target not found
Native extension for WebGL target not found
Assembly reference Packages/com.unity.cinemachine/Editor/Samples/ExposeHDRPInternals/HDRP-Editor-ref.asmref has no target assembly definition
[Package Manager] Failed to launch server process. Reason: Unity was launched with the -noUpm command-line argument
[Package Manager] Unable to send message (not connected to server process).
[Package Manager] Cannot connect to Unity Package Manager local server
Mono: successfully reloaded assembly
- Finished resetting the current domain, in  1.283 seconds
Domain Reload Profiling: 2246ms
	BeginReloadAssembly (269ms)
		ExecutionOrderSort (0ms)
		DisableScriptedObjects (20ms)
		BackupInstance (0ms)
		ReleaseScriptingObjects (0ms)
		CreateAndSetChildDomain (64ms)
	RebuildCommonClasses (44ms)
	RebuildNativeTypeToScriptingClass (21ms)
	initialDomainReloadingComplete (27ms)
	LoadAllAssembliesAndSetupDomain (602ms)
		LoadAssemblies (431ms)
		RebuildTransferFunctionScriptingTraits (0ms)
		AnalyzeDomain (314ms)
			TypeCache.Refresh (10ms)
				TypeCache.ScanAssembly (0ms)
			BuildScriptInfoCaches (272ms)
			ResolveRequiredComponents (27ms)
	FinalizeReload (1284ms)
		ReleaseScriptCaches (0ms)
		RebuildScriptCaches (0ms)
		SetupLoadedEditorAssemblies (1031ms)
			LogAssemblyErrors (0ms)
			InitializePlatformSupportModulesInManaged (3ms)
			SetLoadedEditorAssemblies (7ms)
			BeforeProcessingInitializeOnLoad (137ms)
			ProcessInitializeOnLoadAttributes (793ms)
			ProcessInitializeOnLoadMethodAttributes (87ms)
			AfterProcessingInitializeOnLoad (3ms)
			EditorAssembliesLoaded (1ms)
		ExecutionOrderSort2 (0ms)
		AwakeInstancesAfterBackupRestoration (17ms)
Refreshing native plugins compatible for Editor in 2.37 ms, found 4 plugins.
Preloading 0 native plugins for Editor in 0.00 ms.
Unloading 14 Unused Serialized files (Serialized files now loaded: 0)
Unloading 6936 unused Assets / (4.7 MB). Loaded Objects now: 7630.
Memory consumption went from 143.1 MB to 138.4 MB.
Total: 14.844800 ms (FindLiveObjects: 1.637700 ms CreateObjectMapping: 0.666200 ms MarkObjects: 8.231700 ms  DeleteObjects: 4.307300 ms)

Prepare: number of updated asset objects reloaded= 0
========================================================================
Received Prepare
Assembly reference Packages/com.unity.cinemachine/Editor/Samples/ExposeHDRPInternals/HDRP-Editor-ref.asmref has no target assembly definition
Assembly reference Packages/com.unity.cinemachine/Editor/Samples/ExposeHDRPInternals/HDRP-Editor-ref.asmref has no target assembly definition
Begin MonoManager ReloadAssembly
- Loaded All Assemblies, in  1.023 seconds
Assembly reference Packages/com.unity.cinemachine/Editor/Samples/ExposeHDRPInternals/HDRP-Editor-ref.asmref has no target assembly definition
Refreshing native plugins compatible for Editor in 2.36 ms, found 4 plugins.
Native extension for WindowsStandalone target not found
Native extension for WebGL target not found
Assembly reference Packages/com.unity.cinemachine/Editor/Samples/ExposeHDRPInternals/HDRP-Editor-ref.asmref has no target assembly definition
[Package Manager] Failed to launch server process. Reason: Unity was launched with the -noUpm command-line argument
[Package Manager] Unable to send message (not connected to server process).
[Package Manager] Cannot connect to Unity Package Manager local server
Mono: successfully reloaded assembly
- Finished resetting the current domain, in  1.783 seconds
Domain Reload Profiling: 2809ms
	BeginReloadAssembly (275ms)
		ExecutionOrderSort (0ms)
		DisableScriptedObjects (14ms)
		BackupInstance (0ms)
		ReleaseScriptingObjects (0ms)
		CreateAndSetChildDomain (70ms)
	RebuildCommonClasses (44ms)
	RebuildNativeTypeToScriptingClass (14ms)
	initialDomainReloadingComplete (30ms)
	LoadAllAssembliesAndSetupDomain (661ms)
		LoadAssemblies (512ms)
		RebuildTransferFunctionScriptingTraits (0ms)
		AnalyzeDomain (296ms)
			TypeCache.Refresh (8ms)
				TypeCache.ScanAssembly (0ms)
			BuildScriptInfoCaches (270ms)
			ResolveRequiredComponents (13ms)
	FinalizeReload (1784ms)
		ReleaseScriptCaches (0ms)
		RebuildScriptCaches (0ms)
		SetupLoadedEditorAssemblies (1533ms)
			LogAssemblyErrors (0ms)
			InitializePlatformSupportModulesInManaged (5ms)
			SetLoadedEditorAssemblies (9ms)
			BeforeProcessingInitializeOnLoad (313ms)
			ProcessInitializeOnLoadAttributes (1114ms)
			ProcessInitializeOnLoadMethodAttributes (89ms)
			AfterProcessingInitializeOnLoad (2ms)
			EditorAssembliesLoaded (0ms)
		ExecutionOrderSort2 (0ms)
		AwakeInstancesAfterBackupRestoration (17ms)
Refreshing native plugins compatible for Editor in 3.08 ms, found 4 plugins.
Preloading 0 native plugins for Editor in 0.00 ms.
Unloading 14 Unused Serialized files (Serialized files now loaded: 0)
Unloading 6936 unused Assets / (4.7 MB). Loaded Objects now: 7632.
Memory consumption went from 143.1 MB to 138.3 MB.
Total: 14.904500 ms (FindLiveObjects: 1.494900 ms CreateObjectMapping: 1.301000 ms MarkObjects: 7.827600 ms  DeleteObjects: 4.279200 ms)

Prepare: number of updated asset objects reloaded= 0
========================================================================
Received Import Request.
  Time since last request: 1755.140945 seconds.
  path: Assets/Roguelike2D/TutorialVersion/Prefab/Food.prefab
  artifactKey: Guid(5a4fa5f180b36ad488f84ff91f2fe77f) Importer(815301076,1909f56bfc062723c751e8b465ee728b)
Start importing Assets/Roguelike2D/TutorialVersion/Prefab/Food.prefab using Guid(5a4fa5f180b36ad488f84ff91f2fe77f) Importer(815301076,1909f56bfc062723c751e8b465ee728b) (PreviewImporter) -> (artifact id: '315b3927a4855153e015d1d089caa82f') in 0.6116133 seconds
Number of updated asset objects reloaded before import = 0Number of asset objects unloaded after import = 8

========================================================================
Received Import Request.
  Time since last request: 8.989856 seconds.
  path: Assets/Roguelike2D/TutorialVersion/UI/TutorialPanelSettings.asset
  artifactKey: Guid(f595f4b2218deb542adf35789c0d93b4) Importer(815301076,1909f56bfc062723c751e8b465ee728b)
Start importing Assets/Roguelike2D/TutorialVersion/UI/TutorialPanelSettings.asset using Guid(f595f4b2218deb542adf35789c0d93b4) Importer(815301076,1909f56bfc062723c751e8b465ee728b) (PreviewImporter) -> (artifact id: '39d04ec2f2d6ab9ec03d08eb4f8f5dc2') in 0.0289203 seconds
Number of updated asset objects reloaded before import = 0Number of asset objects unloaded after import = 26

========================================================================
Received Prepare
Assembly reference Packages/com.unity.cinemachine/Editor/Samples/ExposeHDRPInternals/HDRP-Editor-ref.asmref has no target assembly definition
Assembly reference Packages/com.unity.cinemachine/Editor/Samples/ExposeHDRPInternals/HDRP-Editor-ref.asmref has no target assembly definition
Begin MonoManager ReloadAssembly
- Loaded All Assemblies, in  0.983 seconds
Assembly reference Packages/com.unity.cinemachine/Editor/Samples/ExposeHDRPInternals/HDRP-Editor-ref.asmref has no target assembly definition
Refreshing native plugins compatible for Editor in 2.16 ms, found 4 plugins.
Native extension for WindowsStandalone target not found
Native extension for WebGL target not found
Assembly reference Packages/com.unity.cinemachine/Editor/Samples/ExposeHDRPInternals/HDRP-Editor-ref.asmref has no target assembly definition
[Package Manager] Failed to launch server process. Reason: Unity was launched with the -noUpm command-line argument
[Package Manager] Unable to send message (not connected to server process).
[Package Manager] Cannot connect to Unity Package Manager local server
Mono: successfully reloaded assembly
- Finished resetting the current domain, in  1.342 seconds
Domain Reload Profiling: 2329ms
	BeginReloadAssembly (303ms)
		ExecutionOrderSort (0ms)
		DisableScriptedObjects (34ms)
		BackupInstance (0ms)
		ReleaseScriptingObjects (0ms)
		CreateAndSetChildDomain (71ms)
	RebuildCommonClasses (45ms)
	RebuildNativeTypeToScriptingClass (19ms)
	initialDomainReloadingComplete (27ms)
	LoadAllAssembliesAndSetupDomain (592ms)
		LoadAssemblies (450ms)
		RebuildTransferFunctionScriptingTraits (0ms)
		AnalyzeDomain (294ms)
			TypeCache.Refresh (8ms)
				TypeCache.ScanAssembly (0ms)
			BuildScriptInfoCaches (268ms)
			ResolveRequiredComponents (13ms)
	FinalizeReload (1342ms)
		ReleaseScriptCaches (0ms)
		RebuildScriptCaches (0ms)
		SetupLoadedEditorAssemblies (1108ms)
			LogAssemblyErrors (0ms)
			InitializePlatformSupportModulesInManaged (3ms)
			SetLoadedEditorAssemblies (7ms)
			BeforeProcessingInitializeOnLoad (156ms)
			ProcessInitializeOnLoadAttributes (851ms)
			ProcessInitializeOnLoadMethodAttributes (87ms)
			AfterProcessingInitializeOnLoad (3ms)
			EditorAssembliesLoaded (1ms)
		ExecutionOrderSort2 (0ms)
		AwakeInstancesAfterBackupRestoration (22ms)
Refreshing native plugins compatible for Editor in 2.25 ms, found 4 plugins.
Preloading 0 native plugins for Editor in 0.00 ms.
Unloading 14 Unused Serialized files (Serialized files now loaded: 0)
Unloading 6937 unused Assets / (4.0 MB). Loaded Objects now: 7667.
Memory consumption went from 150.4 MB to 146.4 MB.
Total: 13.454100 ms (FindLiveObjects: 1.295900 ms CreateObjectMapping: 0.950100 ms MarkObjects: 7.847300 ms  DeleteObjects: 3.359400 ms)

Prepare: number of updated asset objects reloaded= 0
========================================================================
Received Prepare
Assembly reference Packages/com.unity.cinemachine/Editor/Samples/ExposeHDRPInternals/HDRP-Editor-ref.asmref has no target assembly definition
Assembly reference Packages/com.unity.cinemachine/Editor/Samples/ExposeHDRPInternals/HDRP-Editor-ref.asmref has no target assembly definition
Begin MonoManager ReloadAssembly
- Loaded All Assemblies, in  0.946 seconds
Assembly reference Packages/com.unity.cinemachine/Editor/Samples/ExposeHDRPInternals/HDRP-Editor-ref.asmref has no target assembly definition
Refreshing native plugins compatible for Editor in 1.98 ms, found 4 plugins.
Native extension for WindowsStandalone target not found
Native extension for WebGL target not found
Assembly reference Packages/com.unity.cinemachine/Editor/Samples/ExposeHDRPInternals/HDRP-Editor-ref.asmref has no target assembly definition
[Package Manager] Failed to launch server process. Reason: Unity was launched with the -noUpm command-line argument
[Package Manager] Unable to send message (not connected to server process).
[Package Manager] Cannot connect to Unity Package Manager local server
Mono: successfully reloaded assembly
- Finished resetting the current domain, in  1.271 seconds
Domain Reload Profiling: 2220ms
	BeginReloadAssembly (273ms)
		ExecutionOrderSort (0ms)
		DisableScriptedObjects (15ms)
		BackupInstance (0ms)
		ReleaseScriptingObjects (0ms)
		CreateAndSetChildDomain (65ms)
	RebuildCommonClasses (45ms)
	RebuildNativeTypeToScriptingClass (15ms)
	initialDomainReloadingComplete (26ms)
	LoadAllAssembliesAndSetupDomain (589ms)
		LoadAssemblies (440ms)
		RebuildTransferFunctionScriptingTraits (0ms)
		AnalyzeDomain (294ms)
			TypeCache.Refresh (8ms)
				TypeCache.ScanAssembly (0ms)
			BuildScriptInfoCaches (262ms)
			ResolveRequiredComponents (18ms)
	FinalizeReload (1271ms)
		ReleaseScriptCaches (0ms)
		RebuildScriptCaches (0ms)
		SetupLoadedEditorAssemblies (1040ms)
			LogAssemblyErrors (0ms)
			InitializePlatformSupportModulesInManaged (3ms)
			SetLoadedEditorAssemblies (6ms)
			BeforeProcessingInitializeOnLoad (138ms)
			ProcessInitializeOnLoadAttributes (809ms)
			ProcessInitializeOnLoadMethodAttributes (81ms)
			AfterProcessingInitializeOnLoad (2ms)
			EditorAssembliesLoaded (0ms)
		ExecutionOrderSort2 (0ms)
		AwakeInstancesAfterBackupRestoration (18ms)
Refreshing native plugins compatible for Editor in 2.97 ms, found 4 plugins.
Preloading 0 native plugins for Editor in 0.00 ms.
Unloading 14 Unused Serialized files (Serialized files now loaded: 0)
Unloading 6936 unused Assets / (4.7 MB). Loaded Objects now: 7669.
Memory consumption went from 150.2 MB to 145.5 MB.
Total: 12.571100 ms (FindLiveObjects: 1.166200 ms CreateObjectMapping: 0.436600 ms MarkObjects: 6.787600 ms  DeleteObjects: 4.178900 ms)

Prepare: number of updated asset objects reloaded= 0
========================================================================
Received Prepare
Assembly reference Packages/com.unity.cinemachine/Editor/Samples/ExposeHDRPInternals/HDRP-Editor-ref.asmref has no target assembly definition
Assembly reference Packages/com.unity.cinemachine/Editor/Samples/ExposeHDRPInternals/HDRP-Editor-ref.asmref has no target assembly definition
Begin MonoManager ReloadAssembly
- Loaded All Assemblies, in  1.027 seconds
Assembly reference Packages/com.unity.cinemachine/Editor/Samples/ExposeHDRPInternals/HDRP-Editor-ref.asmref has no target assembly definition
Refreshing native plugins compatible for Editor in 3.03 ms, found 4 plugins.
Native extension for WindowsStandalone target not found
Native extension for WebGL target not found
Assembly reference Packages/com.unity.cinemachine/Editor/Samples/ExposeHDRPInternals/HDRP-Editor-ref.asmref has no target assembly definition
[Package Manager] Failed to launch server process. Reason: Unity was launched with the -noUpm command-line argument
[Package Manager] Unable to send message (not connected to server process).
[Package Manager] Cannot connect to Unity Package Manager local server
Mono: successfully reloaded assembly
- Finished resetting the current domain, in  1.456 seconds
Domain Reload Profiling: 2486ms
	BeginReloadAssembly (298ms)
		ExecutionOrderSort (0ms)
		DisableScriptedObjects (15ms)
		BackupInstance (0ms)
		ReleaseScriptingObjects (0ms)
		CreateAndSetChildDomain (70ms)
	RebuildCommonClasses (42ms)
	RebuildNativeTypeToScriptingClass (15ms)
	initialDomainReloadingComplete (29ms)
	LoadAllAssembliesAndSetupDomain (645ms)
		LoadAssemblies (494ms)
		RebuildTransferFunctionScriptingTraits (0ms)
		AnalyzeDomain (319ms)
			TypeCache.Refresh (10ms)
				TypeCache.ScanAssembly (0ms)
			BuildScriptInfoCaches (288ms)
			ResolveRequiredComponents (16ms)
	FinalizeReload (1456ms)
		ReleaseScriptCaches (0ms)
		RebuildScriptCaches (0ms)
		SetupLoadedEditorAssemblies (1171ms)
			LogAssemblyErrors (0ms)
			InitializePlatformSupportModulesInManaged (4ms)
			SetLoadedEditorAssemblies (9ms)
			BeforeProcessingInitializeOnLoad (182ms)
			ProcessInitializeOnLoadAttributes (883ms)
			ProcessInitializeOnLoadMethodAttributes (90ms)
			AfterProcessingInitializeOnLoad (3ms)
			EditorAssembliesLoaded (1ms)
		ExecutionOrderSort2 (0ms)
		AwakeInstancesAfterBackupRestoration (20ms)
Refreshing native plugins compatible for Editor in 2.49 ms, found 4 plugins.
Preloading 0 native plugins for Editor in 0.00 ms.
Unloading 14 Unused Serialized files (Serialized files now loaded: 0)
Unloading 6936 unused Assets / (4.5 MB). Loaded Objects now: 7671.
Memory consumption went from 150.2 MB to 145.7 MB.
Total: 15.235200 ms (FindLiveObjects: 1.257200 ms CreateObjectMapping: 0.379800 ms MarkObjects: 9.248600 ms  DeleteObjects: 4.347500 ms)

Prepare: number of updated asset objects reloaded= 0
========================================================================
Received Import Request.
  Time since last request: 2305.202381 seconds.
  path: Assets/Roguelike2D/ExtendedVersion/Themes/AI/AiTheme.asset
  artifactKey: Guid(72185e05e8b8a81408c390b808e4daa8) Importer(815301076,1909f56bfc062723c751e8b465ee728b)
Start importing Assets/Roguelike2D/ExtendedVersion/Themes/AI/AiTheme.asset using Guid(72185e05e8b8a81408c390b808e4daa8) Importer(815301076,1909f56bfc062723c751e8b465ee728b) (PreviewImporter) -> (artifact id: '5a2e46cb01316c76fde698cc3ad5729c') in 0.0496366 seconds
Number of updated asset objects reloaded before import = 0Number of asset objects unloaded after import = 60

========================================================================
Received Import Request.
  Time since last request: 0.612486 seconds.
  path: Assets/Roguelike2D/ExtendedVersion/Themes/AI/Tiles/Assets_SpriteSheet3_0 3.asset
  artifactKey: Guid(7d33258c12e6d4440b0161387d98ce76) Importer(815301076,1909f56bfc062723c751e8b465ee728b)
Start importing Assets/Roguelike2D/ExtendedVersion/Themes/AI/Tiles/Assets_SpriteSheet3_0 3.asset using Guid(7d33258c12e6d4440b0161387d98ce76) Importer(815301076,1909f56bfc062723c751e8b465ee728b) (PreviewImporter) -> (artifact id: '316c012533f105754320bbb7de64c26a') in 0.0782361 seconds
Number of updated asset objects reloaded before import = 0Number of asset objects unloaded after import = 3

========================================================================
Received Import Request.
  Time since last request: 0.000027 seconds.
  path: Assets/Roguelike2D/ExtendedVersion/Themes/AI/Tiles/Scavengers2_SpriteSheet_32 1.asset
  artifactKey: Guid(f0ec0c76fe9a6c5439ebed6cf959dc7d) Importer(815301076,1909f56bfc062723c751e8b465ee728b)
Start importing Assets/Roguelike2D/ExtendedVersion/Themes/AI/Tiles/Scavengers2_SpriteSheet_32 1.asset using Guid(f0ec0c76fe9a6c5439ebed6cf959dc7d) Importer(815301076,1909f56bfc062723c751e8b465ee728b) (PreviewImporter) -> (artifact id: '39c8ba2d3b4c1f0ae82a1caa6f9ccee0') in 0.0149352 seconds
Number of updated asset objects reloaded before import = 0Number of asset objects unloaded after import = 3

========================================================================
Received Import Request.
  Time since last request: 0.000035 seconds.
  path: Assets/Roguelike2D/ExtendedVersion/Themes/AI/Tiles/Scavengers2_SpriteSheet_38 1.asset
  artifactKey: Guid(34e42cf5ab238884db0ae376313376e4) Importer(815301076,1909f56bfc062723c751e8b465ee728b)
Start importing Assets/Roguelike2D/ExtendedVersion/Themes/AI/Tiles/Scavengers2_SpriteSheet_38 1.asset using Guid(34e42cf5ab238884db0ae376313376e4) Importer(815301076,1909f56bfc062723c751e8b465ee728b) (PreviewImporter) -> (artifact id: '8dfc71dbdebb6069b44437b1f12139c7') in 0.0187627 seconds
Number of updated asset objects reloaded before import = 0Number of asset objects unloaded after import = 3

========================================================================
Received Import Request.
  Time since last request: 0.000020 seconds.
  path: Assets/Roguelike2D/ExtendedVersion/Themes/AI/Tiles/Scavengers2_SpriteSheet_33 1.asset
  artifactKey: Guid(0b4c491ca5d35b744a8741b13ca9ce2f) Importer(815301076,1909f56bfc062723c751e8b465ee728b)
Start importing Assets/Roguelike2D/ExtendedVersion/Themes/AI/Tiles/Scavengers2_SpriteSheet_33 1.asset using Guid(0b4c491ca5d35b744a8741b13ca9ce2f) Importer(815301076,1909f56bfc062723c751e8b465ee728b) (PreviewImporter) -> (artifact id: 'c0fd271f7f2e66f06f852cfd35647753') in 0.015566 seconds
Number of updated asset objects reloaded before import = 0Number of asset objects unloaded after import = 3

========================================================================
Received Import Request.
  Time since last request: 0.000014 seconds.
  path: Assets/Roguelike2D/ExtendedVersion/Themes/AI/Tiles/Scavengers2_SpriteSheet_28 1.asset
  artifactKey: Guid(53bed3c8be5086f45a4e40da781b34f5) Importer(815301076,1909f56bfc062723c751e8b465ee728b)
Start importing Assets/Roguelike2D/ExtendedVersion/Themes/AI/Tiles/Scavengers2_SpriteSheet_28 1.asset using Guid(53bed3c8be5086f45a4e40da781b34f5) Importer(815301076,1909f56bfc062723c751e8b465ee728b) (PreviewImporter) -> (artifact id: '5575b7bd5878fc3f54469f2a2fcac96e') in 0.0881784 seconds
Number of updated asset objects reloaded before import = 0Number of asset objects unloaded after import = 3

========================================================================
Received Import Request.
  Time since last request: 0.000021 seconds.
  path: Assets/Roguelike2D/ExtendedVersion/Themes/AI/Tiles/Scavengers2_SpriteSheet_37 1.asset
  artifactKey: Guid(5f58b1c1cd33b1c429803ef54365b6cc) Importer(815301076,1909f56bfc062723c751e8b465ee728b)
Start importing Assets/Roguelike2D/ExtendedVersion/Themes/AI/Tiles/Scavengers2_SpriteSheet_37 1.asset using Guid(5f58b1c1cd33b1c429803ef54365b6cc) Importer(815301076,1909f56bfc062723c751e8b465ee728b) (PreviewImporter) -> (artifact id: 'b36a2511daa69228bc003e6d3ebeb28f') in 0.0140588 seconds
Number of updated asset objects reloaded before import = 0Number of asset objects unloaded after import = 3

========================================================================
Received Import Request.
  Time since last request: 0.000028 seconds.
  path: Assets/Roguelike2D/ExtendedVersion/Themes/AI/Tiles/Scavengers2_SpriteSheet_29 2.asset
  artifactKey: Guid(f2183e3e56f73cc40887281ba9ff7344) Importer(815301076,1909f56bfc062723c751e8b465ee728b)
Start importing Assets/Roguelike2D/ExtendedVersion/Themes/AI/Tiles/Scavengers2_SpriteSheet_29 2.asset using Guid(f2183e3e56f73cc40887281ba9ff7344) Importer(815301076,1909f56bfc062723c751e8b465ee728b) (PreviewImporter) -> (artifact id: 'a0a1c9e41a3781494f931dd54f24b564') in 0.0172635 seconds
Number of updated asset objects reloaded before import = 0Number of asset objects unloaded after import = 3

========================================================================
Received Import Request.
  Time since last request: 0.000024 seconds.
  path: Assets/Roguelike2D/ExtendedVersion/Themes/AI/Tiles/Scavengers2_SpriteSheet_39 2.asset
  artifactKey: Guid(65568989555a34745abb459bc1b5e9a2) Importer(815301076,1909f56bfc062723c751e8b465ee728b)
Start importing Assets/Roguelike2D/ExtendedVersion/Themes/AI/Tiles/Scavengers2_SpriteSheet_39 2.asset using Guid(65568989555a34745abb459bc1b5e9a2) Importer(815301076,1909f56bfc062723c751e8b465ee728b) (PreviewImporter) -> (artifact id: 'afcb025dec932c5229529aa55b147f82') in 0.0135924 seconds
Number of updated asset objects reloaded before import = 0Number of asset objects unloaded after import = 3

========================================================================
Received Import Request.
  Time since last request: 0.302473 seconds.
  path: Assets/Roguelike2D/ExtendedVersion/Themes/AI/Tiles/AiTheme_11.asset
  artifactKey: Guid(74bda2897f0d8a94ba15f254af4af94e) Importer(815301076,1909f56bfc062723c751e8b465ee728b)
Start importing Assets/Roguelike2D/ExtendedVersion/Themes/AI/Tiles/AiTheme_11.asset using Guid(74bda2897f0d8a94ba15f254af4af94e) Importer(815301076,1909f56bfc062723c751e8b465ee728b) (PreviewImporter) -> (artifact id: '8f825e63405635792377afdd0af1ab39') in 0.0219398 seconds
Number of updated asset objects reloaded before import = 0Number of asset objects unloaded after import = 3

========================================================================
Received Import Request.
  Time since last request: 0.000023 seconds.
  path: Assets/Roguelike2D/ExtendedVersion/Themes/AI/Tiles/AiTheme_12.asset
  artifactKey: Guid(1f743e0014b1c7d47aef0865f7c6884f) Importer(815301076,1909f56bfc062723c751e8b465ee728b)
Start importing Assets/Roguelike2D/ExtendedVersion/Themes/AI/Tiles/AiTheme_12.asset using Guid(1f743e0014b1c7d47aef0865f7c6884f) Importer(815301076,1909f56bfc062723c751e8b465ee728b) (PreviewImporter) -> (artifact id: '0ebbf976033cd47fbb41ac45ca9180e9') in 0.0145739 seconds
Number of updated asset objects reloaded before import = 0Number of asset objects unloaded after import = 3

========================================================================
Received Import Request.
  Time since last request: 61.756382 seconds.
  path: Assets/Roguelike2D/ExtendedVersion/Themes/Sand/Prefabs/SandPlayer.prefab
  artifactKey: Guid(11d944df650817c4da19dc30168e1411) Importer(815301076,1909f56bfc062723c751e8b465ee728b)
Start importing Assets/Roguelike2D/ExtendedVersion/Themes/Sand/Prefabs/SandPlayer.prefab using Guid(11d944df650817c4da19dc30168e1411) Importer(815301076,1909f56bfc062723c751e8b465ee728b) (PreviewImporter) -> (artifact id: 'cefa07dbccb15c04e79ba2c87f5e87a2') in 0.5103024 seconds
Number of updated asset objects reloaded before import = 0Number of asset objects unloaded after import = 42

========================================================================
Received Import Request.
  Time since last request: 46.366231 seconds.
  path: Assets/Roguelike2D/ExtendedVersion/Themes/AI/Prefabs/AiPlayer.prefab
  artifactKey: Guid(ef9ef57901d2b0243a48b7582356638c) Importer(815301076,1909f56bfc062723c751e8b465ee728b)
Start importing Assets/Roguelike2D/ExtendedVersion/Themes/AI/Prefabs/AiPlayer.prefab using Guid(ef9ef57901d2b0243a48b7582356638c) Importer(815301076,1909f56bfc062723c751e8b465ee728b) (PreviewImporter) -> (artifact id: 'dcfd0756c9c6384c8863344ec24b2452') in 0.018513 seconds
Number of updated asset objects reloaded before import = 0Number of asset objects unloaded after import = 44

========================================================================
Received Import Request.
  Time since last request: 5.949002 seconds.
  path: Assets/Roguelike2D/ExtendedVersion/Themes/AI/Prefabs/AiPlayer.prefab
  artifactKey: Guid(ef9ef57901d2b0243a48b7582356638c) Importer(815301076,1909f56bfc062723c751e8b465ee728b)
Start importing Assets/Roguelike2D/ExtendedVersion/Themes/AI/Prefabs/AiPlayer.prefab using Guid(ef9ef57901d2b0243a48b7582356638c) Importer(815301076,1909f56bfc062723c751e8b465ee728b) (PreviewImporter) -> (artifact id: '7b92b73253e67138e9e5321a9466e8ec') in 0.011148 seconds
Number of updated asset objects reloaded before import = 0Number of asset objects unloaded after import = 13

========================================================================
Received Import Request.
  Time since last request: 5.677309 seconds.
  path: Assets/Roguelike2D/ExtendedVersion/Themes/AI/Prefabs/AiPlayer.prefab
  artifactKey: Guid(ef9ef57901d2b0243a48b7582356638c) Importer(815301076,1909f56bfc062723c751e8b465ee728b)
Start importing Assets/Roguelike2D/ExtendedVersion/Themes/AI/Prefabs/AiPlayer.prefab using Guid(ef9ef57901d2b0243a48b7582356638c) Importer(815301076,1909f56bfc062723c751e8b465ee728b) (PreviewImporter) -> (artifact id: '0641da9c652657d63c6e93b53ee4016e') in 0.0106936 seconds
Number of updated asset objects reloaded before import = 0Number of asset objects unloaded after import = 14

========================================================================
Received Import Request.
  Time since last request: 4.963814 seconds.
  path: Assets/Roguelike2D/ExtendedVersion/Themes/AI/Prefabs/AiPlayer.prefab
  artifactKey: Guid(ef9ef57901d2b0243a48b7582356638c) Importer(815301076,1909f56bfc062723c751e8b465ee728b)
Start importing Assets/Roguelike2D/ExtendedVersion/Themes/AI/Prefabs/AiPlayer.prefab using Guid(ef9ef57901d2b0243a48b7582356638c) Importer(815301076,1909f56bfc062723c751e8b465ee728b) (PreviewImporter) -> (artifact id: '567ca7ab2dde8da872b818293bb31f63') in 0.0402153 seconds
Number of updated asset objects reloaded before import = 0Number of asset objects unloaded after import = 17

========================================================================
Received Prepare
Assembly reference Packages/com.unity.cinemachine/Editor/Samples/ExposeHDRPInternals/HDRP-Editor-ref.asmref has no target assembly definition
Assembly reference Packages/com.unity.cinemachine/Editor/Samples/ExposeHDRPInternals/HDRP-Editor-ref.asmref has no target assembly definition
Begin MonoManager ReloadAssembly
- Loaded All Assemblies, in  1.052 seconds
Assembly reference Packages/com.unity.cinemachine/Editor/Samples/ExposeHDRPInternals/HDRP-Editor-ref.asmref has no target assembly definition
Refreshing native plugins compatible for Editor in 2.11 ms, found 4 plugins.
Native extension for WindowsStandalone target not found
Native extension for WebGL target not found
Assembly reference Packages/com.unity.cinemachine/Editor/Samples/ExposeHDRPInternals/HDRP-Editor-ref.asmref has no target assembly definition
[Package Manager] Failed to launch server process. Reason: Unity was launched with the -noUpm command-line argument
[Package Manager] Unable to send message (not connected to server process).
[Package Manager] Cannot connect to Unity Package Manager local server
Mono: successfully reloaded assembly
- Finished resetting the current domain, in  1.314 seconds
Domain Reload Profiling: 2370ms
	BeginReloadAssembly (334ms)
		ExecutionOrderSort (0ms)
		DisableScriptedObjects (34ms)
		BackupInstance (0ms)
		ReleaseScriptingObjects (0ms)
		CreateAndSetChildDomain (109ms)
	RebuildCommonClasses (43ms)
	RebuildNativeTypeToScriptingClass (15ms)
	initialDomainReloadingComplete (30ms)
	LoadAllAssembliesAndSetupDomain (634ms)
		LoadAssemblies (473ms)
		RebuildTransferFunctionScriptingTraits (0ms)
		AnalyzeDomain (305ms)
			TypeCache.Refresh (10ms)
				TypeCache.ScanAssembly (0ms)
			BuildScriptInfoCaches (277ms)
			ResolveRequiredComponents (14ms)
	FinalizeReload (1314ms)
		ReleaseScriptCaches (0ms)
		RebuildScriptCaches (0ms)
		SetupLoadedEditorAssemblies (1073ms)
			LogAssemblyErrors (0ms)
			InitializePlatformSupportModulesInManaged (3ms)
			SetLoadedEditorAssemblies (8ms)
			BeforeProcessingInitializeOnLoad (162ms)
			ProcessInitializeOnLoadAttributes (813ms)
			ProcessInitializeOnLoadMethodAttributes (82ms)
			AfterProcessingInitializeOnLoad (3ms)
			EditorAssembliesLoaded (1ms)
		ExecutionOrderSort2 (0ms)
		AwakeInstancesAfterBackupRestoration (17ms)
Refreshing native plugins compatible for Editor in 2.86 ms, found 4 plugins.
Preloading 0 native plugins for Editor in 0.00 ms.
Unloading 14 Unused Serialized files (Serialized files now loaded: 0)
Unloading 6936 unused Assets / (4.6 MB). Loaded Objects now: 7700.
Memory consumption went from 151.9 MB to 147.4 MB.
Total: 14.177500 ms (FindLiveObjects: 1.548700 ms CreateObjectMapping: 1.141100 ms MarkObjects: 7.557600 ms  DeleteObjects: 3.927200 ms)

Prepare: number of updated asset objects reloaded= 0
========================================================================
Received Import Request.
  Time since last request: 921.700636 seconds.
  path: Assets/Roguelike2D/ExtendedVersion/Themes/AI/Animation/PlayerAi/AiAnimationPlayer.anim
  artifactKey: Guid(63ae142de4342ce48bb8900c98cc15af) Importer(815301076,1909f56bfc062723c751e8b465ee728b)
Start importing Assets/Roguelike2D/ExtendedVersion/Themes/AI/Animation/PlayerAi/AiAnimationPlayer.anim using Guid(63ae142de4342ce48bb8900c98cc15af) Importer(815301076,1909f56bfc062723c751e8b465ee728b) (PreviewImporter) -> (artifact id: '121bd2f9967c76b375c7c566b242fa01') in 0.0226462 seconds
Number of updated asset objects reloaded before import = 0Number of asset objects unloaded after import = 1

========================================================================
Received Import Request.
  Time since last request: 417.530195 seconds.
  path: Assets/Roguelike2D/ExtendedVersion/Themes/AI/Animation/PlayerAi
  artifactKey: Guid(3e3da88b46e7d7041b561c7de7476b7f) Importer(815301076,1909f56bfc062723c751e8b465ee728b)
Start importing Assets/Roguelike2D/ExtendedVersion/Themes/AI/Animation/PlayerAi using Guid(3e3da88b46e7d7041b561c7de7476b7f) Importer(815301076,1909f56bfc062723c751e8b465ee728b) (PreviewImporter) -> (artifact id: '94f345d7430f80350e818909e7959ac6') in 0.0008879 seconds
Number of updated asset objects reloaded before import = 0Number of asset objects unloaded after import = 0

========================================================================
Received Import Request.
  Time since last request: 13.855006 seconds.
  path: Assets/Roguelike2D/ExtendedVersion/Themes/AI/Prefabs/AiPlayer.prefab
  artifactKey: Guid(ef9ef57901d2b0243a48b7582356638c) Importer(815301076,1909f56bfc062723c751e8b465ee728b)
Start importing Assets/Roguelike2D/ExtendedVersion/Themes/AI/Prefabs/AiPlayer.prefab using Guid(ef9ef57901d2b0243a48b7582356638c) Importer(815301076,1909f56bfc062723c751e8b465ee728b) (PreviewImporter) -> (artifact id: '24f253ff8de9b53770a8fa9e90ff89d1') in 0.5339887 seconds
Number of updated asset objects reloaded before import = 0Number of asset objects unloaded after import = 14

========================================================================
Received Import Request.
  Time since last request: 29.751177 seconds.
  path: Assets/Roguelike2D/ExtendedVersion/Themes/AI/Prefabs/AiPlayer.prefab
  artifactKey: Guid(ef9ef57901d2b0243a48b7582356638c) Importer(815301076,1909f56bfc062723c751e8b465ee728b)
Start importing Assets/Roguelike2D/ExtendedVersion/Themes/AI/Prefabs/AiPlayer.prefab using Guid(ef9ef57901d2b0243a48b7582356638c) Importer(815301076,1909f56bfc062723c751e8b465ee728b) (PreviewImporter)The Animator Controller (AiPlayer) you have used is not valid. Animations will not play
UnityEngine.Debug:ExtractStackTraceNoAlloc (byte*,int,string)
UnityEngine.StackTraceUtility:ExtractStackTrace ()
UnityEditor.EditorUtility:Internal_InstantiateRemoveAllNonAnimationComponentsSingle (UnityEngine.Object,UnityEngine.Vector3,UnityEngine.Quaternion)
UnityEditor.EditorUtility:InstantiateRemoveAllNonAnimationComponents (UnityEngine.Object,UnityEngine.Vector3,UnityEngine.Quaternion)
UnityEditor.EditorUtility:InstantiateForAnimatorPreview (UnityEngine.Object)
UnityEditor.GameObjectInspector/PreviewData:UpdateGameObject (UnityEngine.Object)
UnityEditor.GameObjectInspector/PreviewData:.ctor (UnityEngine.Object,bool)
UnityEditor.GameObjectInspector:GetPreviewData (bool)
UnityEditor.GameObjectInspector:RenderStaticPreview (string,UnityEngine.Object[],int,int)
UnityEditor.AssetPreviewUpdater:CreatePreview (UnityEngine.Object,UnityEngine.Object[],string,int,int)
UnityEditor.AssetPreviewUpdater:CreatePreviewForAsset (UnityEngine.Object,UnityEngine.Object[],string)

[C:\build\output\unity\unity\Modules\Animation\Director\AnimatorControllerPlayable.cpp line 332]

 -> (artifact id: 'bbc25e8787cbf4a00d5e986ecb333f2c') in 0.013088 seconds
Number of updated asset objects reloaded before import = 0Number of asset objects unloaded after import = 15

========================================================================
Received Import Request.
  Time since last request: 3868.046323 seconds.
  path: Assets/Roguelike2D/ExtendedVersion/Themes/AI/Animation/AiPlayer.controller
  artifactKey: Guid(53a9f27096ba87b46aa1ce1ef70e8364) Importer(815301076,1909f56bfc062723c751e8b465ee728b)
Start importing Assets/Roguelike2D/ExtendedVersion/Themes/AI/Animation/AiPlayer.controller using Guid(53a9f27096ba87b46aa1ce1ef70e8364) Importer(815301076,1909f56bfc062723c751e8b465ee728b) (PreviewImporter) -> (artifact id: '85db8b32ff34065957e02be536c6bc53') in 0.0019912 seconds
Number of updated asset objects reloaded before import = 0Number of asset objects unloaded after import = 1

========================================================================
Received Import Request.
  Time since last request: 125.140966 seconds.
  path: Assets/Roguelike2D/ExtendedVersion/Themes/AI/Animation/AiPlayer/AiPlayer.controller
  artifactKey: Guid(53a9f27096ba87b46aa1ce1ef70e8364) Importer(815301076,1909f56bfc062723c751e8b465ee728b)
Start importing Assets/Roguelike2D/ExtendedVersion/Themes/AI/Animation/AiPlayer/AiPlayer.controller using Guid(53a9f27096ba87b46aa1ce1ef70e8364) Importer(815301076,1909f56bfc062723c751e8b465ee728b) (PreviewImporter) -> (artifact id: '2e8f00d750394b9448c0960ed45ad68f') in 0.0026784 seconds
Number of updated asset objects reloaded before import = 0Number of asset objects unloaded after import = 10

========================================================================
Received Import Request.
  Time since last request: 79.490712 seconds.
  path: Assets/Roguelike2D/ExtendedVersion/Themes/AI/Animation/AiPlayer/Walk.anim
  artifactKey: Guid(cae7e9214539af54ca490881dd648c6b) Importer(815301076,1909f56bfc062723c751e8b465ee728b)
Start importing Assets/Roguelike2D/ExtendedVersion/Themes/AI/Animation/AiPlayer/Walk.anim using Guid(cae7e9214539af54ca490881dd648c6b) Importer(815301076,1909f56bfc062723c751e8b465ee728b) (PreviewImporter) -> (artifact id: '1b8b6adc224d6bde38f6464da38cfcc7') in 0.0013894 seconds
Number of updated asset objects reloaded before import = 0Number of asset objects unloaded after import = 1

========================================================================
Received Import Request.
  Time since last request: 487.393705 seconds.
  path: Assets/Roguelike2D/ExtendedVersion/Themes/AI/Prefabs/AiPlayer.prefab
  artifactKey: Guid(ef9ef57901d2b0243a48b7582356638c) Importer(815301076,1909f56bfc062723c751e8b465ee728b)
Start importing Assets/Roguelike2D/ExtendedVersion/Themes/AI/Prefabs/AiPlayer.prefab using Guid(ef9ef57901d2b0243a48b7582356638c) Importer(815301076,1909f56bfc062723c751e8b465ee728b) (PreviewImporter) -> (artifact id: 'da13e41220cc31bc325132358029a9cb') in 0.027474 seconds
Number of updated asset objects reloaded before import = 0Number of asset objects unloaded after import = 44

========================================================================
Received Prepare
Assembly reference Packages/com.unity.cinemachine/Editor/Samples/ExposeHDRPInternals/HDRP-Editor-ref.asmref has no target assembly definition
Assembly reference Packages/com.unity.cinemachine/Editor/Samples/ExposeHDRPInternals/HDRP-Editor-ref.asmref has no target assembly definition
Begin MonoManager ReloadAssembly
- Loaded All Assemblies, in  1.003 seconds
Assembly reference Packages/com.unity.cinemachine/Editor/Samples/ExposeHDRPInternals/HDRP-Editor-ref.asmref has no target assembly definition
Refreshing native plugins compatible for Editor in 1.96 ms, found 4 plugins.
Native extension for WindowsStandalone target not found
Native extension for WebGL target not found
Assembly reference Packages/com.unity.cinemachine/Editor/Samples/ExposeHDRPInternals/HDRP-Editor-ref.asmref has no target assembly definition
[Package Manager] Failed to launch server process. Reason: Unity was launched with the -noUpm command-line argument
[Package Manager] Unable to send message (not connected to server process).
[Package Manager] Cannot connect to Unity Package Manager local server
Mono: successfully reloaded assembly
- Finished resetting the current domain, in  1.214 seconds
Domain Reload Profiling: 2219ms
	BeginReloadAssembly (293ms)
		ExecutionOrderSort (0ms)
		DisableScriptedObjects (31ms)
		BackupInstance (0ms)
		ReleaseScriptingObjects (0ms)
		CreateAndSetChildDomain (76ms)
	RebuildCommonClasses (42ms)
	RebuildNativeTypeToScriptingClass (15ms)
	initialDomainReloadingComplete (31ms)
	LoadAllAssembliesAndSetupDomain (624ms)
		LoadAssemblies (473ms)
		RebuildTransferFunctionScriptingTraits (0ms)
		AnalyzeDomain (296ms)
			TypeCache.Refresh (8ms)
				TypeCache.ScanAssembly (0ms)
			BuildScriptInfoCaches (270ms)
			ResolveRequiredComponents (14ms)
	FinalizeReload (1214ms)
		ReleaseScriptCaches (0ms)
		RebuildScriptCaches (0ms)
		SetupLoadedEditorAssemblies (983ms)
			LogAssemblyErrors (0ms)
			InitializePlatformSupportModulesInManaged (3ms)
			SetLoadedEditorAssemblies (8ms)
			BeforeProcessingInitializeOnLoad (129ms)
			ProcessInitializeOnLoadAttributes (763ms)
			ProcessInitializeOnLoadMethodAttributes (77ms)
			AfterProcessingInitializeOnLoad (2ms)
			EditorAssembliesLoaded (0ms)
		ExecutionOrderSort2 (0ms)
		AwakeInstancesAfterBackupRestoration (19ms)
Refreshing native plugins compatible for Editor in 2.66 ms, found 4 plugins.
Preloading 0 native plugins for Editor in 0.00 ms.
Unloading 14 Unused Serialized files (Serialized files now loaded: 0)
Unloading 6936 unused Assets / (3.9 MB). Loaded Objects now: 7724.
Memory consumption went from 153.5 MB to 149.6 MB.
Total: 12.613300 ms (FindLiveObjects: 1.305400 ms CreateObjectMapping: 0.595400 ms MarkObjects: 7.244700 ms  DeleteObjects: 3.466200 ms)

Prepare: number of updated asset objects reloaded= 0
========================================================================
Received Prepare
Assembly reference Packages/com.unity.cinemachine/Editor/Samples/ExposeHDRPInternals/HDRP-Editor-ref.asmref has no target assembly definition
Assembly reference Packages/com.unity.cinemachine/Editor/Samples/ExposeHDRPInternals/HDRP-Editor-ref.asmref has no target assembly definition
Begin MonoManager ReloadAssembly
- Loaded All Assemblies, in  0.962 seconds
Assembly reference Packages/com.unity.cinemachine/Editor/Samples/ExposeHDRPInternals/HDRP-Editor-ref.asmref has no target assembly definition
Refreshing native plugins compatible for Editor in 1.93 ms, found 4 plugins.
Native extension for WindowsStandalone target not found
Native extension for WebGL target not found
Assembly reference Packages/com.unity.cinemachine/Editor/Samples/ExposeHDRPInternals/HDRP-Editor-ref.asmref has no target assembly definition
[Package Manager] Failed to launch server process. Reason: Unity was launched with the -noUpm command-line argument
[Package Manager] Unable to send message (not connected to server process).
[Package Manager] Cannot connect to Unity Package Manager local server
Mono: successfully reloaded assembly
- Finished resetting the current domain, in  1.270 seconds
Domain Reload Profiling: 2236ms
	BeginReloadAssembly (270ms)
		ExecutionOrderSort (0ms)
		DisableScriptedObjects (15ms)
		BackupInstance (0ms)
		ReleaseScriptingObjects (0ms)
		CreateAndSetChildDomain (66ms)
	RebuildCommonClasses (42ms)
	RebuildNativeTypeToScriptingClass (16ms)
	initialDomainReloadingComplete (31ms)
	LoadAllAssembliesAndSetupDomain (605ms)
		LoadAssemblies (448ms)
		RebuildTransferFunctionScriptingTraits (0ms)
		AnalyzeDomain (304ms)
			TypeCache.Refresh (10ms)
				TypeCache.ScanAssembly (0ms)
			BuildScriptInfoCaches (274ms)
			ResolveRequiredComponents (15ms)
	FinalizeReload (1271ms)
		ReleaseScriptCaches (0ms)
		RebuildScriptCaches (0ms)
		SetupLoadedEditorAssemblies (1031ms)
			LogAssemblyErrors (0ms)
			InitializePlatformSupportModulesInManaged (4ms)
			SetLoadedEditorAssemblies (6ms)
			BeforeProcessingInitializeOnLoad (142ms)
			ProcessInitializeOnLoadAttributes (794ms)
			ProcessInitializeOnLoadMethodAttributes (81ms)
			AfterProcessingInitializeOnLoad (3ms)
			EditorAssembliesLoaded (0ms)
		ExecutionOrderSort2 (0ms)
		AwakeInstancesAfterBackupRestoration (18ms)
Refreshing native plugins compatible for Editor in 2.35 ms, found 4 plugins.
Preloading 0 native plugins for Editor in 0.00 ms.
Unloading 14 Unused Serialized files (Serialized files now loaded: 0)
Unloading 6936 unused Assets / (4.4 MB). Loaded Objects now: 7726.
Memory consumption went from 153.4 MB to 148.9 MB.
Total: 13.978000 ms (FindLiveObjects: 1.436100 ms CreateObjectMapping: 1.033900 ms MarkObjects: 7.756500 ms  DeleteObjects: 3.749100 ms)

Prepare: number of updated asset objects reloaded= 0
========================================================================
Received Import Request.
  Time since last request: 96.027939 seconds.
  path: Assets/Roguelike2D/ExtendedVersion/Scenes/Menu.unity
  artifactKey: Guid(26895f558c1866c49b7f2f0aad0d506c) Importer(815301076,1909f56bfc062723c751e8b465ee728b)
Start importing Assets/Roguelike2D/ExtendedVersion/Scenes/Menu.unity using Guid(26895f558c1866c49b7f2f0aad0d506c) Importer(815301076,1909f56bfc062723c751e8b465ee728b) (PreviewImporter) -> (artifact id: '69747410eb09d033fe74c4a4342a9990') in 0.0027418 seconds
Number of updated asset objects reloaded before import = 0Number of asset objects unloaded after import = 0

========================================================================
Received Import Request.
  Time since last request: 22.856582 seconds.
  path: Assets/Roguelike2D/ExtendedVersion/Scripts/Helpers
  artifactKey: Guid(db77f7e3da9b2e34788f48ed1a43cee3) Importer(815301076,1909f56bfc062723c751e8b465ee728b)
Start importing Assets/Roguelike2D/ExtendedVersion/Scripts/Helpers using Guid(db77f7e3da9b2e34788f48ed1a43cee3) Importer(815301076,1909f56bfc062723c751e8b465ee728b) (PreviewImporter) -> (artifact id: '0460f3a2bdcf939507eacbba59086130') in 0.00074 seconds
Number of updated asset objects reloaded before import = 0Number of asset objects unloaded after import = 0

========================================================================
Received Import Request.
  Time since last request: 2.389649 seconds.
  path: Assets/Roguelike2D/ExtendedVersion/Scripts/Data
  artifactKey: Guid(09be44f7b1c43bd479584335563da148) Importer(815301076,1909f56bfc062723c751e8b465ee728b)
Start importing Assets/Roguelike2D/ExtendedVersion/Scripts/Data using Guid(09be44f7b1c43bd479584335563da148) Importer(815301076,1909f56bfc062723c751e8b465ee728b) (PreviewImporter) -> (artifact id: 'cf20bef10a5299196fb286f341c9db65') in 0.0008045 seconds
Number of updated asset objects reloaded before import = 0Number of asset objects unloaded after import = 0

========================================================================
Received Import Request.
  Time since last request: 2.593513 seconds.
  path: Assets/Roguelike2D/ExtendedVersion/Scripts/CellObjects
  artifactKey: Guid(0c10eed9cee5dc4488bb35c5aeaebeed) Importer(815301076,1909f56bfc062723c751e8b465ee728b)
Start importing Assets/Roguelike2D/ExtendedVersion/Scripts/CellObjects using Guid(0c10eed9cee5dc4488bb35c5aeaebeed) Importer(815301076,1909f56bfc062723c751e8b465ee728b) (PreviewImporter) -> (artifact id: '3609b3c76148012d348e7427fa61d763') in 0.0007765 seconds
Number of updated asset objects reloaded before import = 0Number of asset objects unloaded after import = 0

========================================================================
Received Import Request.
  Time since last request: 443.972607 seconds.
  path: Assets/Roguelike2D/TutorialAssets/Audio/footstep1.mp3
  artifactKey: Guid(37e156efb87706449b063c5071f23cc9) Importer(815301076,1909f56bfc062723c751e8b465ee728b)
Start importing Assets/Roguelike2D/TutorialAssets/Audio/footstep1.mp3 using Guid(37e156efb87706449b063c5071f23cc9) Importer(815301076,1909f56bfc062723c751e8b465ee728b) (PreviewImporter) -> (artifact id: '922c62f5e035338e6103f38cf2387cbb') in 0.1082612 seconds
Number of updated asset objects reloaded before import = 0Number of asset objects unloaded after import = 2

========================================================================
Received Import Request.
  Time since last request: 16.603898 seconds.
  path: Assets/Roguelike2D/TutorialAssets/Sprites/AiTheme.png
  artifactKey: Guid(6c46476366c24154ea22df92a3d1569b) Importer(2089858483,192608db42251d675da83286b1cce702)
Start importing Assets/Roguelike2D/TutorialAssets/Sprites/AiTheme.png using Guid(6c46476366c24154ea22df92a3d1569b) Importer(2089858483,192608db42251d675da83286b1cce702) (ScriptedImporter) -> (artifact id: '171b241a3d7894aa52bed5d288b2b384') in 0.3606236 seconds
Number of updated asset objects reloaded before import = 0Number of asset objects unloaded after import = 58

========================================================================
Received Import Request.
  Time since last request: 0.000030 seconds.
  path: Assets/Roguelike2D/ExtendedVersion/Themes/AI/Tiles/Scavengers2_SpriteSheet_29 1.asset
  artifactKey: Guid(3151f29d3e5598344ac8719ed2fa8784) Importer(2089858483,192608db42251d675da83286b1cce702)
Start importing Assets/Roguelike2D/ExtendedVersion/Themes/AI/Tiles/Scavengers2_SpriteSheet_29 1.asset using Guid(3151f29d3e5598344ac8719ed2fa8784) Importer(2089858483,192608db42251d675da83286b1cce702) (ScriptedImporter) -> (artifact id: 'fe08e99572bd041d3e9e0800f0f21196') in 0.0396925 seconds
Number of updated asset objects reloaded before import = 0Number of asset objects unloaded after import = 2

========================================================================
Received Import Request.
  Time since last request: 0.000036 seconds.
  path: Assets/Roguelike2D/ExtendedVersion/Themes/AI/Prefabs/AiEnemy_2.prefab
  artifactKey: Guid(650c90e38f749d543ac21962f7358fb7) Importer(2089858483,192608db42251d675da83286b1cce702)
Start importing Assets/Roguelike2D/ExtendedVersion/Themes/AI/Prefabs/AiEnemy_2.prefab using Guid(650c90e38f749d543ac21962f7358fb7) Importer(2089858483,192608db42251d675da83286b1cce702) (ScriptedImporter) -> (artifact id: '64cde9d15753de84e33555ea125cb85a') in 0.0648707 seconds
Number of updated asset objects reloaded before import = 0Number of asset objects unloaded after import = 25

========================================================================
Received Import Request.
  Time since last request: 0.000020 seconds.
  path: Assets/Roguelike2D/ExtendedVersion/Themes/AI/Tiles/AiTheme_12.asset
  artifactKey: Guid(1f743e0014b1c7d47aef0865f7c6884f) Importer(2089858483,192608db42251d675da83286b1cce702)
Start importing Assets/Roguelike2D/ExtendedVersion/Themes/AI/Tiles/AiTheme_12.asset using Guid(1f743e0014b1c7d47aef0865f7c6884f) Importer(2089858483,192608db42251d675da83286b1cce702) (ScriptedImporter) -> (artifact id: 'e614b6d026ee5ebb0e6905d3585827e0') in 0.0145068 seconds
Number of updated asset objects reloaded before import = 0Number of asset objects unloaded after import = 2

========================================================================
Received Import Request.
  Time since last request: 0.000019 seconds.
  path: Assets/Roguelike2D/ExtendedVersion/Themes/AI/Prefabs/AiEnemy_1.prefab
  artifactKey: Guid(d3bae403d4bd5ee4f828887499cbec83) Importer(2089858483,192608db42251d675da83286b1cce702)
Start importing Assets/Roguelike2D/ExtendedVersion/Themes/AI/Prefabs/AiEnemy_1.prefab using Guid(d3bae403d4bd5ee4f828887499cbec83) Importer(2089858483,192608db42251d675da83286b1cce702) (ScriptedImporter) -> (artifact id: '3367f4236150610381febd99ea1a2aba') in 0.0256363 seconds
Number of updated asset objects reloaded before import = 0Number of asset objects unloaded after import = 29

========================================================================
Received Import Request.
  Time since last request: 0.000025 seconds.
  path: Assets/Roguelike2D/ExtendedVersion/Themes/AI/Prefabs
  artifactKey: Guid(00a73c8cd4b797c479df522c8d9182a8) Importer(2089858483,192608db42251d675da83286b1cce702)
Start importing Assets/Roguelike2D/ExtendedVersion/Themes/AI/Prefabs using Guid(00a73c8cd4b797c479df522c8d9182a8) Importer(2089858483,192608db42251d675da83286b1cce702) (ScriptedImporter) -> (artifact id: '8adca2f6de1736bcf432f636b119169e') in 0.01264 seconds
Number of updated asset objects reloaded before import = 0Number of asset objects unloaded after import = 1

========================================================================
Received Import Request.
  Time since last request: 0.000039 seconds.
  path: Assets/Roguelike2D/ExtendedVersion/Themes/AI/Prefabs/SandFood_small.prefab
  artifactKey: Guid(9c61473861a2e784a8a40b5464316f35) Importer(2089858483,192608db42251d675da83286b1cce702)
Start importing Assets/Roguelike2D/ExtendedVersion/Themes/AI/Prefabs/SandFood_small.prefab using Guid(9c61473861a2e784a8a40b5464316f35) Importer(2089858483,192608db42251d675da83286b1cce702) (ScriptedImporter) -> (artifact id: '873830823970a1b4cd760f0e690beaaa') in 0.0204898 seconds
Number of updated asset objects reloaded before import = 0Number of asset objects unloaded after import = 10

========================================================================
Received Import Request.
  Time since last request: 0.000025 seconds.
  path: Assets/Roguelike2D/ExtendedVersion/Themes/AI/Animation/AiPlayer/AiPlayer.controller
  artifactKey: Guid(53a9f27096ba87b46aa1ce1ef70e8364) Importer(2089858483,192608db42251d675da83286b1cce702)
Start importing Assets/Roguelike2D/ExtendedVersion/Themes/AI/Animation/AiPlayer/AiPlayer.controller using Guid(53a9f27096ba87b46aa1ce1ef70e8364) Importer(2089858483,192608db42251d675da83286b1cce702) (ScriptedImporter) -> (artifact id: '38ef28df614990d7a6898b962f8b6a6e') in 0.015067 seconds
Number of updated asset objects reloaded before import = 0Number of asset objects unloaded after import = 16

========================================================================
Received Import Request.
  Time since last request: 0.000022 seconds.
  path: Assets/Roguelike2D/ExtendedVersion/Themes/AI/Prefabs/AiPlayer.prefab
  artifactKey: Guid(ef9ef57901d2b0243a48b7582356638c) Importer(2089858483,192608db42251d675da83286b1cce702)
Start importing Assets/Roguelike2D/ExtendedVersion/Themes/AI/Prefabs/AiPlayer.prefab using Guid(ef9ef57901d2b0243a48b7582356638c) Importer(2089858483,192608db42251d675da83286b1cce702) (ScriptedImporter) -> (artifact id: 'dddfecf06b3a79289a678ee692aa89fa') in 0.1992316 seconds
Number of updated asset objects reloaded before import = 0Number of asset objects unloaded after import = 31

========================================================================
Received Import Request.
  Time since last request: 0.000024 seconds.
  path: Assets/Roguelike2D/ExtendedVersion/Themes/AI/Tiles/AiTheme_10.asset
  artifactKey: Guid(cf9fc355184c4104682c3877f8b5ad4c) Importer(2089858483,192608db42251d675da83286b1cce702)
Start importing Assets/Roguelike2D/ExtendedVersion/Themes/AI/Tiles/AiTheme_10.asset using Guid(cf9fc355184c4104682c3877f8b5ad4c) Importer(2089858483,192608db42251d675da83286b1cce702) (ScriptedImporter) -> (artifact id: '683edc5fbbe01756d003622d06bedb48') in 0.0159236 seconds
Number of updated asset objects reloaded before import = 0Number of asset objects unloaded after import = 2

========================================================================
Received Import Request.
  Time since last request: 0.000037 seconds.
  path: Assets/Roguelike2D/ExtendedVersion/Themes/AI/Tiles/Scavengers2_SpriteSheet_32 1.asset
  artifactKey: Guid(f0ec0c76fe9a6c5439ebed6cf959dc7d) Importer(2089858483,192608db42251d675da83286b1cce702)
Start importing Assets/Roguelike2D/ExtendedVersion/Themes/AI/Tiles/Scavengers2_SpriteSheet_32 1.asset using Guid(f0ec0c76fe9a6c5439ebed6cf959dc7d) Importer(2089858483,192608db42251d675da83286b1cce702) (ScriptedImporter) -> (artifact id: '01e51bb800bf95e6530d0f807c57ffc4') in 0.0175599 seconds
Number of updated asset objects reloaded before import = 0Number of asset objects unloaded after import = 2

========================================================================
Received Import Request.
  Time since last request: 0.000020 seconds.
  path: Assets/Roguelike2D/ExtendedVersion/Themes/AI/Animation/SandEnemy2/Sand_Enemy2_Walk.anim
  artifactKey: Guid(d59d170727e7b62408e12485a4ba387a) Importer(2089858483,192608db42251d675da83286b1cce702)
Start importing Assets/Roguelike2D/ExtendedVersion/Themes/AI/Animation/SandEnemy2/Sand_Enemy2_Walk.anim using Guid(d59d170727e7b62408e12485a4ba387a) Importer(2089858483,192608db42251d675da83286b1cce702) (ScriptedImporter) -> (artifact id: '6736bb797d1500b483ae7bbc5db98318') in 0.0287761 seconds
Number of updated asset objects reloaded before import = 0Number of asset objects unloaded after import = 1

========================================================================
Received Import Request.
  Time since last request: 0.000030 seconds.
  path: Assets/Roguelike2D/ExtendedVersion/Themes/AI/Animation/SandEnemy1
  artifactKey: Guid(229b277b92de9744b960db800471b8d0) Importer(2089858483,192608db42251d675da83286b1cce702)
Start importing Assets/Roguelike2D/ExtendedVersion/Themes/AI/Animation/SandEnemy1 using Guid(229b277b92de9744b960db800471b8d0) Importer(2089858483,192608db42251d675da83286b1cce702) (ScriptedImporter) -> (artifact id: 'c54831c42815311455a30aee8600be77') in 0.0156899 seconds
Number of updated asset objects reloaded before import = 0Number of asset objects unloaded after import = 1

========================================================================
Received Import Request.
  Time since last request: 0.000022 seconds.
  path: Assets/Roguelike2D/ExtendedVersion/Themes/AI/Tiles/Assets_SpriteSheet3_0 2.asset
  artifactKey: Guid(5f065f009c50bd54cbdf4e0d6f7722ef) Importer(2089858483,192608db42251d675da83286b1cce702)
Start importing Assets/Roguelike2D/ExtendedVersion/Themes/AI/Tiles/Assets_SpriteSheet3_0 2.asset using Guid(5f065f009c50bd54cbdf4e0d6f7722ef) Importer(2089858483,192608db42251d675da83286b1cce702) (ScriptedImporter) -> (artifact id: '3634bd33f5f4787762d2b8a87f3a646f') in 0.0179614 seconds
Number of updated asset objects reloaded before import = 0Number of asset objects unloaded after import = 2

========================================================================
Received Import Request.
  Time since last request: 0.000025 seconds.
  path: Assets/Roguelike2D/ExtendedVersion/Themes/AI/Tiles/Scavengers2_SpriteSheet_34 1.asset
  artifactKey: Guid(430d39c171226db44a5c4470262c0c2d) Importer(2089858483,192608db42251d675da83286b1cce702)
Start importing Assets/Roguelike2D/ExtendedVersion/Themes/AI/Tiles/Scavengers2_SpriteSheet_34 1.asset using Guid(430d39c171226db44a5c4470262c0c2d) Importer(2089858483,192608db42251d675da83286b1cce702) (ScriptedImporter) -> (artifact id: 'fd214a623c8fbc72742e7f75fff67dfa') in 0.0266562 seconds
Number of updated asset objects reloaded before import = 0Number of asset objects unloaded after import = 2

========================================================================
Received Import Request.
  Time since last request: 0.000037 seconds.
  path: Assets/Roguelike2D/ExtendedVersion/Themes/AI/Animation/AiPlayer/AiPlayerAnimatorController.controller
  artifactKey: Guid(3ebdae5bda686b14cb44b08fb0456484) Importer(2089858483,192608db42251d675da83286b1cce702)
Start importing Assets/Roguelike2D/ExtendedVersion/Themes/AI/Animation/AiPlayer/AiPlayerAnimatorController.controller using Guid(3ebdae5bda686b14cb44b08fb0456484) Importer(2089858483,192608db42251d675da83286b1cce702) (ScriptedImporter) -> (artifact id: '7f588602731c5ade15bf37a475b1c14d') in 0.0168496 seconds
Number of updated asset objects reloaded before import = 0Number of asset objects unloaded after import = 16

========================================================================
Received Import Request.
  Time since last request: 0.000021 seconds.
  path: Assets/Roguelike2D/ExtendedVersion/Themes/AI/Tiles/Scavengers2_SpriteSheet_29 2.asset
  artifactKey: Guid(f2183e3e56f73cc40887281ba9ff7344) Importer(2089858483,192608db42251d675da83286b1cce702)
Start importing Assets/Roguelike2D/ExtendedVersion/Themes/AI/Tiles/Scavengers2_SpriteSheet_29 2.asset using Guid(f2183e3e56f73cc40887281ba9ff7344) Importer(2089858483,192608db42251d675da83286b1cce702) (ScriptedImporter) -> (artifact id: '23ad67b16ce6726914bee773d08afe17') in 0.0178728 seconds
Number of updated asset objects reloaded before import = 0Number of asset objects unloaded after import = 2

========================================================================
Received Import Request.
  Time since last request: 0.000016 seconds.
  path: Assets/Roguelike2D/ExtendedVersion/Themes/AI
  artifactKey: Guid(f33bcce5abf365f4385ef262288c05d1) Importer(2089858483,192608db42251d675da83286b1cce702)
Start importing Assets/Roguelike2D/ExtendedVersion/Themes/AI using Guid(f33bcce5abf365f4385ef262288c05d1) Importer(2089858483,192608db42251d675da83286b1cce702) (ScriptedImporter) -> (artifact id: '10b7dbd1dcc027d77d3763a696d9983d') in 0.0146359 seconds
Number of updated asset objects reloaded before import = 0Number of asset objects unloaded after import = 1

========================================================================
Received Import Request.
  Time since last request: 0.000025 seconds.
  path: Assets/Roguelike2D/ExtendedVersion/Themes/AI/Animation/AiPlayer
  artifactKey: Guid(2ef47424f27d93c4fb877df67801d138) Importer(2089858483,192608db42251d675da83286b1cce702)
Start importing Assets/Roguelike2D/ExtendedVersion/Themes/AI/Animation/AiPlayer using Guid(2ef47424f27d93c4fb877df67801d138) Importer(2089858483,192608db42251d675da83286b1cce702) (ScriptedImporter) -> (artifact id: '181cc0fa1ca7ef58dbb45efeec66d146') in 0.0137929 seconds
Number of updated asset objects reloaded before import = 0Number of asset objects unloaded after import = 1

========================================================================
Received Import Request.
  Time since last request: 0.000028 seconds.
  path: Assets/Roguelike2D/TutorialAssets/Audio/footstep1.mp3
  artifactKey: Guid(37e156efb87706449b063c5071f23cc9) Importer(2089858483,192608db42251d675da83286b1cce702)
Start importing Assets/Roguelike2D/TutorialAssets/Audio/footstep1.mp3 using Guid(37e156efb87706449b063c5071f23cc9) Importer(2089858483,192608db42251d675da83286b1cce702) (ScriptedImporter) -> (artifact id: 'bd569ab7df489079b33cc7f920351a02') in 0.0469648 seconds
Number of updated asset objects reloaded before import = 0Number of asset objects unloaded after import = 1

========================================================================
Received Import Request.
  Time since last request: 0.000032 seconds.
  path: Assets/Roguelike2D/ExtendedVersion/Themes/AI/Animation/SandEnemy2/Sand_Enemy2_Hit.anim
  artifactKey: Guid(b0f937057b40a3b4188d500764b9b8f2) Importer(2089858483,192608db42251d675da83286b1cce702)
Start importing Assets/Roguelike2D/ExtendedVersion/Themes/AI/Animation/SandEnemy2/Sand_Enemy2_Hit.anim using Guid(b0f937057b40a3b4188d500764b9b8f2) Importer(2089858483,192608db42251d675da83286b1cce702) (ScriptedImporter) -> (artifact id: '762cc672e91a756d03c0255089b27a4c') in 0.0170044 seconds
Number of updated asset objects reloaded before import = 0Number of asset objects unloaded after import = 1

========================================================================
Received Import Request.
  Time since last request: 0.000019 seconds.
  path: Assets/Roguelike2D/ExtendedVersion/Themes/AI/Prefabs/AiWall2.prefab
  artifactKey: Guid(5968716e904ab004ab185d91f4b2d51f) Importer(2089858483,192608db42251d675da83286b1cce702)
Start importing Assets/Roguelike2D/ExtendedVersion/Themes/AI/Prefabs/AiWall2.prefab using Guid(5968716e904ab004ab185d91f4b2d51f) Importer(2089858483,192608db42251d675da83286b1cce702) (ScriptedImporter) -> (artifact id: '8d99c03e2efafd1dee03c3e447aa9658') in 0.0167635 seconds
Number of updated asset objects reloaded before import = 0Number of asset objects unloaded after import = 9

========================================================================
Received Import Request.
  Time since last request: 0.000019 seconds.
  path: Assets/Roguelike2D/ExtendedVersion/Themes/AI/Animation/AiPlayer/AiPlayerWalk.anim
  artifactKey: Guid(c035ed53786f38449bb21f53035303c7) Importer(2089858483,192608db42251d675da83286b1cce702)
Start importing Assets/Roguelike2D/ExtendedVersion/Themes/AI/Animation/AiPlayer/AiPlayerWalk.anim using Guid(c035ed53786f38449bb21f53035303c7) Importer(2089858483,192608db42251d675da83286b1cce702) (ScriptedImporter) -> (artifact id: '82109a57708c902e8400fad84952f17a') in 0.0156973 seconds
Number of updated asset objects reloaded before import = 0Number of asset objects unloaded after import = 1

========================================================================
Received Import Request.
  Time since last request: 0.000021 seconds.
  path: Assets/Roguelike2D/ExtendedVersion/Themes/AI/AiLevelItems.asset
  artifactKey: Guid(1da99bf636b1c4c43b37e694ea125d42) Importer(2089858483,192608db42251d675da83286b1cce702)
Start importing Assets/Roguelike2D/ExtendedVersion/Themes/AI/AiLevelItems.asset using Guid(1da99bf636b1c4c43b37e694ea125d42) Importer(2089858483,192608db42251d675da83286b1cce702) (ScriptedImporter) -> (artifact id: '721ad33bd702224c6f011b7b1c485ebd') in 0.0176187 seconds
Number of updated asset objects reloaded before import = 0Number of asset objects unloaded after import = 16

========================================================================
Received Import Request.
  Time since last request: 0.000022 seconds.
  path: Assets/Roguelike2D/ExtendedVersion/Themes/AI/Animation/SandEnemy2/Sand_Enemy2_Controller.controller
  artifactKey: Guid(e2f17330e4e91254cbb16fad6e903390) Importer(2089858483,192608db42251d675da83286b1cce702)
Start importing Assets/Roguelike2D/ExtendedVersion/Themes/AI/Animation/SandEnemy2/Sand_Enemy2_Controller.controller using Guid(e2f17330e4e91254cbb16fad6e903390) Importer(2089858483,192608db42251d675da83286b1cce702) (ScriptedImporter) -> (artifact id: 'a4639be39c971429c558b258b3304fcf') in 0.0167356 seconds
Number of updated asset objects reloaded before import = 0Number of asset objects unloaded after import = 16

========================================================================
Received Import Request.
  Time since last request: 0.000038 seconds.
  path: Assets/Roguelike2D/ExtendedVersion/Themes/Snow/Prefabs/SnowExitCell.prefab
  artifactKey: Guid(d8689c8c81b383646ae5ca6c144b9e0c) Importer(815301076,1909f56bfc062723c751e8b465ee728b)
Start importing Assets/Roguelike2D/ExtendedVersion/Themes/Snow/Prefabs/SnowExitCell.prefab using Guid(d8689c8c81b383646ae5ca6c144b9e0c) Importer(815301076,1909f56bfc062723c751e8b465ee728b) (PreviewImporter) -> (artifact id: '9d676de8c90d354b7876b8a50675acdc') in 0.0118952 seconds
Number of updated asset objects reloaded before import = 0Number of asset objects unloaded after import = 7

========================================================================
Received Import Request.
  Time since last request: 0.000024 seconds.
  path: Assets/Roguelike2D/ExtendedVersion/Themes/Snow/Prefabs/SnowWall.prefab
  artifactKey: Guid(570a0a43076f17e4a99dccb3d46cddbb) Importer(815301076,1909f56bfc062723c751e8b465ee728b)
Start importing Assets/Roguelike2D/ExtendedVersion/Themes/Snow/Prefabs/SnowWall.prefab using Guid(570a0a43076f17e4a99dccb3d46cddbb) Importer(815301076,1909f56bfc062723c751e8b465ee728b) (PreviewImporter) -> (artifact id: 'df95c45c8105bcffa1177d0ef5cccfc3') in 0.0035452 seconds
Number of updated asset objects reloaded before import = 0Number of asset objects unloaded after import = 9

========================================================================
Received Import Request.
  Time since last request: 0.000019 seconds.
  path: Assets/Roguelike2D/ExtendedVersion/Themes/Snow/Prefabs/SnowEnemy_1.prefab
  artifactKey: Guid(8f246ac5f9aa08f44a5fd2851da082a9) Importer(815301076,1909f56bfc062723c751e8b465ee728b)
Start importing Assets/Roguelike2D/ExtendedVersion/Themes/Snow/Prefabs/SnowEnemy_1.prefab using Guid(8f246ac5f9aa08f44a5fd2851da082a9) Importer(815301076,1909f56bfc062723c751e8b465ee728b) (PreviewImporter) -> (artifact id: '9ec63e77322fda8a7d3498777db8584e') in 0.5228843 seconds
Number of updated asset objects reloaded before import = 0Number of asset objects unloaded after import = 41

========================================================================
Received Import Request.
  Time since last request: 0.000040 seconds.
  path: Assets/Roguelike2D/ExtendedVersion/Themes/Snow/Prefabs/SnowFood_small.prefab
  artifactKey: Guid(19b2b844f05c80f4cb792363d0565d0f) Importer(815301076,1909f56bfc062723c751e8b465ee728b)
Start importing Assets/Roguelike2D/ExtendedVersion/Themes/Snow/Prefabs/SnowFood_small.prefab using Guid(19b2b844f05c80f4cb792363d0565d0f) Importer(815301076,1909f56bfc062723c751e8b465ee728b) (PreviewImporter) -> (artifact id: 'adebb9c058b89982b395af6422a6a521') in 0.0216089 seconds
Number of updated asset objects reloaded before import = 0Number of asset objects unloaded after import = 10

========================================================================
Received Import Request.
  Time since last request: 0.000046 seconds.
  path: Assets/Roguelike2D/ExtendedVersion/Themes/Snow/Prefabs/SnowFood_Big.prefab
  artifactKey: Guid(bdfa17d60b126f247aedb377889124fd) Importer(815301076,1909f56bfc062723c751e8b465ee728b)
Start importing Assets/Roguelike2D/ExtendedVersion/Themes/Snow/Prefabs/SnowFood_Big.prefab using Guid(bdfa17d60b126f247aedb377889124fd) Importer(815301076,1909f56bfc062723c751e8b465ee728b) (PreviewImporter) -> (artifact id: '0a7a00941016ac0080fb7265d71fcda8') in 0.0160002 seconds
Number of updated asset objects reloaded before import = 0Number of asset objects unloaded after import = 10

========================================================================
Received Import Request.
  Time since last request: 0.000040 seconds.
  path: Assets/Roguelike2D/ExtendedVersion/Themes/AI/Animation/SandEnemy1/Sand_Enemy1_Controller.controller
  artifactKey: Guid(76bb753a4c6a28a4f86141015a6e9e76) Importer(2089858483,192608db42251d675da83286b1cce702)
Start importing Assets/Roguelike2D/ExtendedVersion/Themes/AI/Animation/SandEnemy1/Sand_Enemy1_Controller.controller using Guid(76bb753a4c6a28a4f86141015a6e9e76) Importer(2089858483,192608db42251d675da83286b1cce702) (ScriptedImporter) -> (artifact id: '1a06f88dd223763fa54ec01959765312') in 0.0182299 seconds
Number of updated asset objects reloaded before import = 0Number of asset objects unloaded after import = 16

========================================================================
Received Import Request.
  Time since last request: 0.000035 seconds.
  path: Assets/Roguelike2D/ExtendedVersion/Themes/AI/Animation/AiPlayer/PlayerAI.anim
  artifactKey: Guid(71d89f7b44a8d774093469131f12a785) Importer(2089858483,192608db42251d675da83286b1cce702)
Start importing Assets/Roguelike2D/ExtendedVersion/Themes/AI/Animation/AiPlayer/PlayerAI.anim using Guid(71d89f7b44a8d774093469131f12a785) Importer(2089858483,192608db42251d675da83286b1cce702) (ScriptedImporter) -> (artifact id: 'b072b98cb66dd5e4f6ceca20a10c2e5b') in 0.0207505 seconds
Number of updated asset objects reloaded before import = 0Number of asset objects unloaded after import = 1

========================================================================
Received Import Request.
  Time since last request: 0.000045 seconds.
  path: Assets/Roguelike2D/ExtendedVersion/Themes/AI/Tiles/AiTheme_11.asset
  artifactKey: Guid(74bda2897f0d8a94ba15f254af4af94e) Importer(2089858483,192608db42251d675da83286b1cce702)
Start importing Assets/Roguelike2D/ExtendedVersion/Themes/AI/Tiles/AiTheme_11.asset using Guid(74bda2897f0d8a94ba15f254af4af94e) Importer(2089858483,192608db42251d675da83286b1cce702) (ScriptedImporter) -> (artifact id: 'c2f8355e0fb8b00e71338e00991caccb') in 0.0178604 seconds
Number of updated asset objects reloaded before import = 0Number of asset objects unloaded after import = 2

========================================================================
Received Import Request.
  Time since last request: 0.000043 seconds.
  path: Assets/Roguelike2D/ExtendedVersion/Themes/AI/Animation
  artifactKey: Guid(25690b9a54969aa449cea93b8d91d048) Importer(2089858483,192608db42251d675da83286b1cce702)
Start importing Assets/Roguelike2D/ExtendedVersion/Themes/AI/Animation using Guid(25690b9a54969aa449cea93b8d91d048) Importer(2089858483,192608db42251d675da83286b1cce702) (ScriptedImporter) -> (artifact id: 'a147c7772b3cff9d36d4b08c6559cec5') in 0.0141557 seconds
Number of updated asset objects reloaded before import = 0Number of asset objects unloaded after import = 1

========================================================================
Received Import Request.
  Time since last request: 0.000045 seconds.
  path: Assets/Roguelike2D/ExtendedVersion/Themes/AI/Tiles/Assets_SpriteSheet3_1 1.asset
  artifactKey: Guid(bbbfc82ea56397f42999a177f3c0d377) Importer(2089858483,192608db42251d675da83286b1cce702)
Start importing Assets/Roguelike2D/ExtendedVersion/Themes/AI/Tiles/Assets_SpriteSheet3_1 1.asset using Guid(bbbfc82ea56397f42999a177f3c0d377) Importer(2089858483,192608db42251d675da83286b1cce702) (ScriptedImporter) -> (artifact id: 'a509f1b554b0cbe702bac71665ec1d98') in 0.0171176 seconds
Number of updated asset objects reloaded before import = 0Number of asset objects unloaded after import = 2

========================================================================
Received Import Request.
  Time since last request: 0.000037 seconds.
  path: Assets/Roguelike2D/ExtendedVersion/Themes/AI/Animation/AiPlayer/Hit.anim
  artifactKey: Guid(68f68b633b1c9334fb25ea9a5d14a2e4) Importer(2089858483,192608db42251d675da83286b1cce702)
Start importing Assets/Roguelike2D/ExtendedVersion/Themes/AI/Animation/AiPlayer/Hit.anim using Guid(68f68b633b1c9334fb25ea9a5d14a2e4) Importer(2089858483,192608db42251d675da83286b1cce702) (ScriptedImporter) -> (artifact id: '757c105a698a1bf490840b12b35aa3d0') in 0.0166322 seconds
Number of updated asset objects reloaded before import = 0Number of asset objects unloaded after import = 1

Editor requested this worker to shutdown with reason: Scaling down because of idle timeout
AssetImportWorker is now disconnected from the server
Process exiting
Exiting without the bug reporter. Application will terminate with return code 0